
21233 : 0xd8e9266e83fa7 : 1 : spill_jit_data :  Jit agent is not initialized
21233 : 0xd8e9266e95a88 : 2 : ittapi_config_mask_get :  --itt-config mask to be applied: 55
21233 : 0xd8e9266e989dc : 2 : ittapi_config_apply_per_lib :  ITTAPI function instrumented: __itt_domain_create
21233 : 0xd8e9266e99978 : 2 : ittapi_config_apply_per_lib :  ITTAPI function instrumented: __itt_module_load_with_sections
21233 : 0xd8e9266e9ca30 : 2 : ittapi_config_apply_per_lib :  ITTAPI function not implemented: __itt_module_unload_with_sections
21233 : 0xd8e9266e9d812 : 2 : ittapi_config_apply_per_lib :  ITTAPI function instrumented: __itt_string_handle_create
21233 : 0xd8e9266e9e4b1 : 2 : ittapi_config_apply_per_lib :  ITTAPI function instrumented: __itt_counter_create
21233 : 0xd8e9266e9ef2e : 2 : ittapi_config_apply_per_lib :  ITTAPI function instrumented: __itt_counter_create_typed
21233 : 0xd8e9266e9fce6 : 2 : ittapi_config_apply_per_lib :  ITTAPI function instrumented: __itt_pause
21233 : 0xd8e9266ea0898 : 2 : ittapi_config_apply_per_lib :  ITTAPI function instrumented: __itt_resume
21233 : 0xd8e9266ea46cd : 2 : ittapi_config_apply_per_lib :  ITTAPI function instrumented: __itt_thread_set_name
21233 : 0xd8e9266ea5309 : 2 : ittapi_config_apply_per_lib :  ITTAPI function instrumented: __itt_thread_ignore
21233 : 0xd8e9266ea5fc9 : 2 : ittapi_config_apply_per_lib :  ITTAPI function instrumented: __itt_thr_name_set
21233 : 0xd8e9266ea6a26 : 2 : ittapi_config_apply_per_lib :  ITTAPI function instrumented: __itt_thr_ignore
21233 : 0xd8e9266ea79b2 : 2 : ittapi_config_apply_per_lib :  ITTAPI function not implemented: __itt_enable_attach
21233 : 0xd8e9266ea85be : 2 : ittapi_config_apply_per_lib :  ITTAPI function instrumented: __itt_detach
21233 : 0xd8e9266ea8b7f : 2 : ittapi_config_apply_per_lib :  ITTAPI function NOT instrumented (not matched by --itt-config option): __itt_sync_create

21233 : 0xd8e9266ea9aad : 2 : ittapi_config_apply_per_lib :  ITTAPI function NOT instrumented (not matched by --itt-config option): __itt_sync_rename

21233 : 0xd8e9266eaa004 : 2 : ittapi_config_apply_per_lib :  ITTAPI function NOT instrumented (not matched by --itt-config option): __itt_sync_destroy

21233 : 0xd8e9266eaa5ed : 2 : ittapi_config_apply_per_lib :  ITTAPI function NOT instrumented (not matched by --itt-config option): __itt_sync_prepare

21233 : 0xd8e9266eabf50 : 2 : ittapi_config_apply_per_lib :  ITTAPI function NOT instrumented (not matched by --itt-config option): __itt_sync_cancel

21233 : 0xd8e9266eac4b1 : 2 : ittapi_config_apply_per_lib :  ITTAPI function NOT instrumented (not matched by --itt-config option): __itt_sync_acquired

21233 : 0xd8e9266eaca4e : 2 : ittapi_config_apply_per_lib :  ITTAPI function NOT instrumented (not matched by --itt-config option): __itt_sync_releasing

21233 : 0xd8e9266ead718 : 2 : ittapi_config_apply_per_lib :  ITTAPI function not implemented: __itt_suppress_push
21233 : 0xd8e9266eae3c3 : 2 : ittapi_config_apply_per_lib :  ITTAPI function not implemented: __itt_suppress_pop
21233 : 0xd8e9266eaefa8 : 2 : ittapi_config_apply_per_lib :  ITTAPI function not implemented: __itt_suppress_mark_range
21233 : 0xd8e9266eafba5 : 2 : ittapi_config_apply_per_lib :  ITTAPI function not implemented: __itt_suppress_clear_range
21233 : 0xd8e9266eb01d2 : 2 : ittapi_config_apply_per_lib :  ITTAPI function NOT instrumented (not matched by --itt-config option): __itt_sync_prepare

21233 : 0xd8e9266eb07af : 2 : ittapi_config_apply_per_lib :  ITTAPI function NOT instrumented (not matched by --itt-config option): __itt_sync_cancel

21233 : 0xd8e9266eb0c81 : 2 : ittapi_config_apply_per_lib :  ITTAPI function NOT instrumented (not matched by --itt-config option): __itt_sync_acquired

21233 : 0xd8e9266eb2963 : 2 : ittapi_config_apply_per_lib :  ITTAPI function NOT instrumented (not matched by --itt-config option): __itt_sync_releasing

21233 : 0xd8e9266eb2ed9 : 2 : ittapi_config_apply_per_lib :  ITTAPI function NOT instrumented (not matched by --itt-config option): __itt_model_site_begin

21233 : 0xd8e9266eb3407 : 2 : ittapi_config_apply_per_lib :  ITTAPI function NOT instrumented (not matched by --itt-config option): __itt_model_site_end

21233 : 0xd8e9266eb394e : 2 : ittapi_config_apply_per_lib :  ITTAPI function NOT instrumented (not matched by --itt-config option): __itt_model_task_begin

21233 : 0xd8e9266eb3e46 : 2 : ittapi_config_apply_per_lib :  ITTAPI function NOT instrumented (not matched by --itt-config option): __itt_model_task_end

21233 : 0xd8e9266eb4376 : 2 : ittapi_config_apply_per_lib :  ITTAPI function NOT instrumented (not matched by --itt-config option): __itt_model_lock_acquire

21233 : 0xd8e9266eb4962 : 2 : ittapi_config_apply_per_lib :  ITTAPI function NOT instrumented (not matched by --itt-config option): __itt_model_lock_release

21233 : 0xd8e9266eb4e5f : 2 : ittapi_config_apply_per_lib :  ITTAPI function NOT instrumented (not matched by --itt-config option): __itt_model_record_allocation

21233 : 0xd8e9266eb536a : 2 : ittapi_config_apply_per_lib :  ITTAPI function NOT instrumented (not matched by --itt-config option): __itt_model_record_deallocation

21233 : 0xd8e9266eb5853 : 2 : ittapi_config_apply_per_lib :  ITTAPI function NOT instrumented (not matched by --itt-config option): __itt_model_induction_uses

21233 : 0xd8e9266eb7d8f : 2 : ittapi_config_apply_per_lib :  ITTAPI function NOT instrumented (not matched by --itt-config option): __itt_model_reduction_uses

21233 : 0xd8e9266eb8351 : 2 : ittapi_config_apply_per_lib :  ITTAPI function NOT instrumented (not matched by --itt-config option): __itt_model_observe_uses

21233 : 0xd8e9266eb88b5 : 2 : ittapi_config_apply_per_lib :  ITTAPI function NOT instrumented (not matched by --itt-config option): __itt_model_clear_uses

21233 : 0xd8e9266eb8dc5 : 2 : ittapi_config_apply_per_lib :  ITTAPI function NOT instrumented (not matched by --itt-config option): __itt_model_site_beginA

21233 : 0xd8e9266eb934a : 2 : ittapi_config_apply_per_lib :  ITTAPI function NOT instrumented (not matched by --itt-config option): __itt_model_site_beginAL

21233 : 0xd8e9266eb9855 : 2 : ittapi_config_apply_per_lib :  ITTAPI function NOT instrumented (not matched by --itt-config option): __itt_model_task_beginA

21233 : 0xd8e9266eb9d7d : 2 : ittapi_config_apply_per_lib :  ITTAPI function NOT instrumented (not matched by --itt-config option): __itt_model_task_beginAL

21233 : 0xd8e9266eba2b9 : 2 : ittapi_config_apply_per_lib :  ITTAPI function NOT instrumented (not matched by --itt-config option): __itt_model_iteration_taskA

21233 : 0xd8e9266eba7b6 : 2 : ittapi_config_apply_per_lib :  ITTAPI function NOT instrumented (not matched by --itt-config option): __itt_model_iteration_taskAL

21233 : 0xd8e9266ebacc0 : 2 : ittapi_config_apply_per_lib :  ITTAPI function NOT instrumented (not matched by --itt-config option): __itt_model_site_end_2

21233 : 0xd8e9266ebc0aa : 2 : ittapi_config_apply_per_lib :  ITTAPI function NOT instrumented (not matched by --itt-config option): __itt_model_task_end_2

21233 : 0xd8e9266ebc5b4 : 2 : ittapi_config_apply_per_lib :  ITTAPI function NOT instrumented (not matched by --itt-config option): __itt_model_lock_acquire_2

21233 : 0xd8e9266ebcb27 : 2 : ittapi_config_apply_per_lib :  ITTAPI function NOT instrumented (not matched by --itt-config option): __itt_model_lock_release_2

21233 : 0xd8e9266ebd004 : 2 : ittapi_config_apply_per_lib :  ITTAPI function NOT instrumented (not matched by --itt-config option): __itt_model_aggregate_task

21233 : 0xd8e9266ebd4f1 : 2 : ittapi_config_apply_per_lib :  ITTAPI function NOT instrumented (not matched by --itt-config option): __itt_model_disable_push

21233 : 0xd8e9266ebd9b6 : 2 : ittapi_config_apply_per_lib :  ITTAPI function NOT instrumented (not matched by --itt-config option): __itt_model_disable_pop

21233 : 0xd8e9266ebe4b1 : 2 : ittapi_config_apply_per_lib :  ITTAPI function instrumented: __itt_heap_function_create
21233 : 0xd8e9266ebeebf : 2 : ittapi_config_apply_per_lib :  ITTAPI function instrumented: __itt_heap_allocate_begin
21233 : 0xd8e9266ebf88b : 2 : ittapi_config_apply_per_lib :  ITTAPI function instrumented: __itt_heap_allocate_end
21233 : 0xd8e9266ec0333 : 2 : ittapi_config_apply_per_lib :  ITTAPI function instrumented: __itt_heap_free_begin
21233 : 0xd8e9266ec23f7 : 2 : ittapi_config_apply_per_lib :  ITTAPI function instrumented: __itt_heap_free_end
21233 : 0xd8e9266ec2e5c : 2 : ittapi_config_apply_per_lib :  ITTAPI function instrumented: __itt_heap_reallocate_begin
21233 : 0xd8e9266ec3884 : 2 : ittapi_config_apply_per_lib :  ITTAPI function instrumented: __itt_heap_reallocate_end
21233 : 0xd8e9266ec442e : 2 : ittapi_config_apply_per_lib :  ITTAPI function not implemented: __itt_heap_internal_access_begin
21233 : 0xd8e9266ec4fcf : 2 : ittapi_config_apply_per_lib :  ITTAPI function not implemented: __itt_heap_internal_access_end
21233 : 0xd8e9266ec5b77 : 2 : ittapi_config_apply_per_lib :  ITTAPI function not implemented: __itt_heap_record_memory_growth_begin
21233 : 0xd8e9266ec66a2 : 2 : ittapi_config_apply_per_lib :  ITTAPI function not implemented: __itt_heap_record_memory_growth_end
21233 : 0xd8e9266ec731d : 2 : ittapi_config_apply_per_lib :  ITTAPI function not implemented: __itt_heap_reset_detection
21233 : 0xd8e9266ec7eab : 2 : ittapi_config_apply_per_lib :  ITTAPI function not implemented: __itt_heap_record
21233 : 0xd8e9266ec89dc : 2 : ittapi_config_apply_per_lib :  ITTAPI function not implemented: __itt_id_create
21233 : 0xd8e9266eca539 : 2 : ittapi_config_apply_per_lib :  ITTAPI function not implemented: __itt_id_destroy
21233 : 0xd8e9266ecafe3 : 2 : ittapi_config_apply_per_lib :  ITTAPI function instrumented: __itt_get_timestamp
21233 : 0xd8e9266ecbaa9 : 2 : ittapi_config_apply_per_lib :  ITTAPI function not implemented: __itt_region_begin
21233 : 0xd8e9266ecc604 : 2 : ittapi_config_apply_per_lib :  ITTAPI function not implemented: __itt_region_end
21233 : 0xd8e9266ecde6e : 2 : ittapi_config_apply_per_lib :  ITTAPI function instrumented: __itt_frame_begin_v3
21233 : 0xd8e9266ece97b : 2 : ittapi_config_apply_per_lib :  ITTAPI function instrumented: __itt_frame_end_v3
21233 : 0xd8e9266ecf3e9 : 2 : ittapi_config_apply_per_lib :  ITTAPI function instrumented: __itt_frame_submit_v3
21233 : 0xd8e9266ecff35 : 2 : ittapi_config_apply_per_lib :  ITTAPI function not implemented: __itt_task_group
21233 : 0xd8e9266ed0a6b : 2 : ittapi_config_apply_per_lib :  ITTAPI function instrumented: __itt_task_begin
21233 : 0xd8e9266ed1480 : 2 : ittapi_config_apply_per_lib :  ITTAPI function instrumented: __itt_task_begin_fn
21233 : 0xd8e9266ed2d9e : 2 : ittapi_config_apply_per_lib :  ITTAPI function instrumented: __itt_task_end
21233 : 0xd8e9266ed39f8 : 2 : ittapi_config_apply_per_lib :  ITTAPI function not implemented: __itt_counter_inc_v3
21233 : 0xd8e9266ed4603 : 2 : ittapi_config_apply_per_lib :  ITTAPI function not implemented: __itt_counter_inc_delta_v3
21233 : 0xd8e9266ed5191 : 2 : ittapi_config_apply_per_lib :  ITTAPI function not implemented: __itt_counter_dec_v3
21233 : 0xd8e9266ed5ca2 : 2 : ittapi_config_apply_per_lib :  ITTAPI function not implemented: __itt_counter_dec_delta_v3
21233 : 0xd8e9266ed6808 : 2 : ittapi_config_apply_per_lib :  ITTAPI function not implemented: __itt_marker
21233 : 0xd8e9266ed72ca : 2 : ittapi_config_apply_per_lib :  ITTAPI function instrumented: __itt_metadata_add
21233 : 0xd8e9266ed7dbe : 2 : ittapi_config_apply_per_lib :  ITTAPI function not implemented: __itt_metadata_str_add
21233 : 0xd8e9266eda6c0 : 2 : ittapi_config_apply_per_lib :  ITTAPI function not implemented: __itt_relation_add_to_current
21233 : 0xd8e9266edb24e : 2 : ittapi_config_apply_per_lib :  ITTAPI function not implemented: __itt_relation_add
21233 : 0xd8e9266edce02 : 2 : ittapi_config_apply_per_lib :  ITTAPI function instrumented: __itt_event_create
21233 : 0xd8e9266edd927 : 2 : ittapi_config_apply_per_lib :  ITTAPI function instrumented: __itt_event_start
21233 : 0xd8e9266ede39e : 2 : ittapi_config_apply_per_lib :  ITTAPI function instrumented: __itt_event_end
21233 : 0xd8e9266ede916 : 2 : ittapi_config_apply_per_lib :  ITTAPI function NOT instrumented (not matched by --itt-config option): __itt_sync_set_name

21233 : 0xd8e9266edeed0 : 2 : ittapi_config_apply_per_lib :  ITTAPI function NOT instrumented (not matched by --itt-config option): __itt_notify_sync_name

21233 : 0xd8e9266edf40f : 2 : ittapi_config_apply_per_lib :  ITTAPI function NOT instrumented (not matched by --itt-config option): __itt_notify_sync_prepare

21233 : 0xd8e9266edf942 : 2 : ittapi_config_apply_per_lib :  ITTAPI function NOT instrumented (not matched by --itt-config option): __itt_notify_sync_cancel

21233 : 0xd8e9266edfe6c : 2 : ittapi_config_apply_per_lib :  ITTAPI function NOT instrumented (not matched by --itt-config option): __itt_notify_sync_acquired

21233 : 0xd8e9266ee0382 : 2 : ittapi_config_apply_per_lib :  ITTAPI function NOT instrumented (not matched by --itt-config option): __itt_notify_sync_releasing

21233 : 0xd8e9266ee0ec5 : 2 : ittapi_config_apply_per_lib :  ITTAPI function not implemented: __itt_memory_read
21233 : 0xd8e9266ee2ee6 : 2 : ittapi_config_apply_per_lib :  ITTAPI function not implemented: __itt_memory_write
21233 : 0xd8e9266ee3a4c : 2 : ittapi_config_apply_per_lib :  ITTAPI function not implemented: __itt_memory_update
21233 : 0xd8e9266ee463a : 2 : ittapi_config_apply_per_lib :  ITTAPI function not implemented: __itt_state_get
21233 : 0xd8e9266ee50f5 : 2 : ittapi_config_apply_per_lib :  ITTAPI function not implemented: __itt_state_set
21233 : 0xd8e9266ee5bca : 2 : ittapi_config_apply_per_lib :  ITTAPI function not implemented: __itt_obj_mode_set
21233 : 0xd8e9266ee6662 : 2 : ittapi_config_apply_per_lib :  ITTAPI function not implemented: __itt_thr_mode_set
21233 : 0xd8e9266ee7084 : 2 : ittapi_config_apply_per_lib :  ITTAPI function instrumented: __itt_frame_create
21233 : 0xd8e9266ee7ade : 2 : ittapi_config_apply_per_lib :  ITTAPI function instrumented: __itt_pt_region_create
21233 : 0xd8e9266ee8536 : 2 : ittapi_config_apply_per_lib :  ITTAPI function instrumented: __itt_frame_begin
21233 : 0xd8e9266ee8f68 : 2 : ittapi_config_apply_per_lib :  ITTAPI function instrumented: __itt_frame_end
21233 : 0xd8e9266eeaa3e : 2 : ittapi_config_apply_per_lib :  ITTAPI function not implemented: __itt_counter_destroy
21233 : 0xd8e9266eeb565 : 2 : ittapi_config_apply_per_lib :  ITTAPI function instrumented: __itt_counter_inc
21233 : 0xd8e9266eec031 : 2 : ittapi_config_apply_per_lib :  ITTAPI function instrumented: __itt_counter_inc_delta
21233 : 0xd8e9266eeca28 : 2 : ittapi_config_apply_per_lib :  ITTAPI function instrumented: __itt_counter_dec
21233 : 0xd8e9266eed43f : 2 : ittapi_config_apply_per_lib :  ITTAPI function instrumented: __itt_counter_dec_delta
21233 : 0xd8e9266eede9c : 2 : ittapi_config_apply_per_lib :  ITTAPI function instrumented: __itt_counter_set_value
21233 : 0xd8e9266eeea79 : 2 : ittapi_config_apply_per_lib :  ITTAPI function not implemented: __itt_counter_set_value_ex
21233 : 0xd8e9266eef527 : 2 : ittapi_config_apply_per_lib :  ITTAPI function not implemented: __itt_mark_create
21233 : 0xd8e9266ef00b7 : 2 : ittapi_config_apply_per_lib :  ITTAPI function not implemented: __itt_mark
21233 : 0xd8e9266ef0c6a : 2 : ittapi_config_apply_per_lib :  ITTAPI function not implemented: __itt_mark_off
21233 : 0xd8e9266ef266a : 2 : ittapi_config_apply_per_lib :  ITTAPI function not implemented: __itt_mark_global
21233 : 0xd8e9266ef31e8 : 2 : ittapi_config_apply_per_lib :  ITTAPI function not implemented: __itt_mark_global_off
21233 : 0xd8e9266ef3d5e : 2 : ittapi_config_apply_per_lib :  ITTAPI function instrumented: __itt_stack_caller_create
21233 : 0xd8e9266ef47a5 : 2 : ittapi_config_apply_per_lib :  ITTAPI function instrumented: __itt_stack_caller_destroy
21233 : 0xd8e9266ef51ed : 2 : ittapi_config_apply_per_lib :  ITTAPI function instrumented: __itt_stack_callee_enter
21233 : 0xd8e9266ef5bc8 : 2 : ittapi_config_apply_per_lib :  ITTAPI function instrumented: __itt_stack_callee_leave
21233 : 0xd8e9266ef674c : 2 : ittapi_config_apply_per_lib :  ITTAPI function not implemented: __itt_clock_domain_create
21233 : 0xd8e9266ef72cb : 2 : ittapi_config_apply_per_lib :  ITTAPI function not implemented: __itt_clock_domain_reset
21233 : 0xd8e9266ef7d88 : 2 : ittapi_config_apply_per_lib :  ITTAPI function not implemented: __itt_id_create_ex
21233 : 0xd8e9266ef8872 : 2 : ittapi_config_apply_per_lib :  ITTAPI function not implemented: __itt_id_destroy_ex
21233 : 0xd8e9266efa822 : 2 : ittapi_config_apply_per_lib :  ITTAPI function not implemented: __itt_task_begin_ex
21233 : 0xd8e9266efb37b : 2 : ittapi_config_apply_per_lib :  ITTAPI function not implemented: __itt_task_begin_fn_ex
21233 : 0xd8e9266efbe6a : 2 : ittapi_config_apply_per_lib :  ITTAPI function not implemented: __itt_task_end_ex
21233 : 0xd8e9266efc8cd : 2 : ittapi_config_apply_per_lib :  ITTAPI function instrumented: __itt_task_begin_overlapped
21233 : 0xd8e9266efd3c7 : 2 : ittapi_config_apply_per_lib :  ITTAPI function not implemented: __itt_task_begin_overlapped_ex
21233 : 0xd8e9266efde06 : 2 : ittapi_config_apply_per_lib :  ITTAPI function instrumented: __itt_task_end_overlapped
21233 : 0xd8e9266efe96b : 2 : ittapi_config_apply_per_lib :  ITTAPI function not implemented: __itt_task_end_overlapped_ex
21233 : 0xd8e9266eff425 : 2 : ittapi_config_apply_per_lib :  ITTAPI function not implemented: __itt_marker_ex
21233 : 0xd8e9266efff7d : 2 : ittapi_config_apply_per_lib :  ITTAPI function not implemented: __itt_metadata_add_with_scope
21233 : 0xd8e9266f00b40 : 2 : ittapi_config_apply_per_lib :  ITTAPI function not implemented: __itt_metadata_str_add_with_scope
21233 : 0xd8e9266f026c5 : 2 : ittapi_config_apply_per_lib :  ITTAPI function not implemented: __itt_relation_add_to_current_ex
21233 : 0xd8e9266f031e8 : 2 : ittapi_config_apply_per_lib :  ITTAPI function not implemented: __itt_relation_add_ex
21233 : 0xd8e9266f03d7a : 2 : ittapi_config_apply_per_lib :  ITTAPI function not implemented: __itt_track_group_create
21233 : 0xd8e9266f0485e : 2 : ittapi_config_apply_per_lib :  ITTAPI function not implemented: __itt_track_create
21233 : 0xd8e9266f05328 : 2 : ittapi_config_apply_per_lib :  ITTAPI function not implemented: __itt_set_track
21233 : 0xd8e9266f05d64 : 2 : ittapi_config_apply_per_lib :  ITTAPI function instrumented: __itt_api_version
21233 : 0xd8e9266f06895 : 2 : ittapi_config_apply_per_lib :  ITTAPI function not implemented: __itt_av_save
21233 : 0xd8e9266f072f3 : 2 : ittapi_config_apply_per_lib :  ITTAPI function instrumented: __itt_module_load
21233 : 0xd8e9266f07dff : 2 : ittapi_config_apply_per_lib :  ITTAPI function not implemented: __itt_module_unload
21233 : 0xd8e9266f89d3f : 2 : ittapi_config_mask_get :  --itt-config mask to be applied: 55
21233 : 0xd8e9266f8c9ba : 2 : ittapi_config_apply_per_lib :  ITTAPI function instrumented: __itt_domain_create
21233 : 0xd8e9266f8d552 : 2 : ittapi_config_apply_per_lib :  ITTAPI function instrumented: __itt_string_handle_create
21233 : 0xd8e9266f8e03f : 2 : ittapi_config_apply_per_lib :  ITTAPI function instrumented: __itt_pause
21233 : 0xd8e9266f8eb39 : 2 : ittapi_config_apply_per_lib :  ITTAPI function instrumented: __itt_resume
21233 : 0xd8e9266f8f537 : 2 : ittapi_config_apply_per_lib :  ITTAPI function instrumented: __itt_thread_set_name
21233 : 0xd8e9266f90054 : 2 : ittapi_config_apply_per_lib :  ITTAPI function instrumented: __itt_thread_ignore
21233 : 0xd8e9266f90a66 : 2 : ittapi_config_apply_per_lib :  ITTAPI function instrumented: __itt_thr_name_set
21233 : 0xd8e9266f914be : 2 : ittapi_config_apply_per_lib :  ITTAPI function instrumented: __itt_thr_ignore
21233 : 0xd8e9266f92262 : 2 : ittapi_config_apply_per_lib :  ITTAPI function not implemented: __itt_enable_attach
21233 : 0xd8e9266f92ccd : 2 : ittapi_config_apply_per_lib :  ITTAPI function instrumented: __itt_detach
21233 : 0xd8e9266f941cf : 2 : ittapi_config_apply_per_lib :  ITTAPI function NOT instrumented (not matched by --itt-config option): __itt_sync_create

21233 : 0xd8e9266f947ba : 2 : ittapi_config_apply_per_lib :  ITTAPI function NOT instrumented (not matched by --itt-config option): __itt_sync_rename

21233 : 0xd8e9266f94d5f : 2 : ittapi_config_apply_per_lib :  ITTAPI function NOT instrumented (not matched by --itt-config option): __itt_sync_destroy

21233 : 0xd8e9266f9532b : 2 : ittapi_config_apply_per_lib :  ITTAPI function NOT instrumented (not matched by --itt-config option): __itt_sync_prepare

21233 : 0xd8e9266f9582e : 2 : ittapi_config_apply_per_lib :  ITTAPI function NOT instrumented (not matched by --itt-config option): __itt_sync_cancel

21233 : 0xd8e9266f95e61 : 2 : ittapi_config_apply_per_lib :  ITTAPI function NOT instrumented (not matched by --itt-config option): __itt_sync_acquired

21233 : 0xd8e9266f96345 : 2 : ittapi_config_apply_per_lib :  ITTAPI function NOT instrumented (not matched by --itt-config option): __itt_sync_releasing

21233 : 0xd8e9266f96eba : 2 : ittapi_config_apply_per_lib :  ITTAPI function not implemented: __itt_suppress_push
21233 : 0xd8e9266f97a87 : 2 : ittapi_config_apply_per_lib :  ITTAPI function not implemented: __itt_suppress_pop
21233 : 0xd8e9266f985ba : 2 : ittapi_config_apply_per_lib :  ITTAPI function not implemented: __itt_suppress_mark_range
21233 : 0xd8e9266f9a7a0 : 2 : ittapi_config_apply_per_lib :  ITTAPI function not implemented: __itt_suppress_clear_range
21233 : 0xd8e9266f9adc4 : 2 : ittapi_config_apply_per_lib :  ITTAPI function NOT instrumented (not matched by --itt-config option): __itt_sync_prepare

21233 : 0xd8e9266f9b353 : 2 : ittapi_config_apply_per_lib :  ITTAPI function NOT instrumented (not matched by --itt-config option): __itt_sync_cancel

21233 : 0xd8e9266f9b87e : 2 : ittapi_config_apply_per_lib :  ITTAPI function NOT instrumented (not matched by --itt-config option): __itt_sync_acquired

21233 : 0xd8e9266f9bd78 : 2 : ittapi_config_apply_per_lib :  ITTAPI function NOT instrumented (not matched by --itt-config option): __itt_sync_releasing

21233 : 0xd8e9266f9c2ca : 2 : ittapi_config_apply_per_lib :  ITTAPI function NOT instrumented (not matched by --itt-config option): __itt_model_site_begin

21233 : 0xd8e9266f9c82a : 2 : ittapi_config_apply_per_lib :  ITTAPI function NOT instrumented (not matched by --itt-config option): __itt_model_site_end

21233 : 0xd8e9266f9cd52 : 2 : ittapi_config_apply_per_lib :  ITTAPI function NOT instrumented (not matched by --itt-config option): __itt_model_task_begin

21233 : 0xd8e9266f9d246 : 2 : ittapi_config_apply_per_lib :  ITTAPI function NOT instrumented (not matched by --itt-config option): __itt_model_task_end

21233 : 0xd8e9266f9d7ca : 2 : ittapi_config_apply_per_lib :  ITTAPI function NOT instrumented (not matched by --itt-config option): __itt_model_lock_acquire

21233 : 0xd8e9266f9ec70 : 2 : ittapi_config_apply_per_lib :  ITTAPI function NOT instrumented (not matched by --itt-config option): __itt_model_lock_release

21233 : 0xd8e9266f9f191 : 2 : ittapi_config_apply_per_lib :  ITTAPI function NOT instrumented (not matched by --itt-config option): __itt_model_record_allocation

21233 : 0xd8e9266f9f697 : 2 : ittapi_config_apply_per_lib :  ITTAPI function NOT instrumented (not matched by --itt-config option): __itt_model_record_deallocation

21233 : 0xd8e9266f9fb9e : 2 : ittapi_config_apply_per_lib :  ITTAPI function NOT instrumented (not matched by --itt-config option): __itt_model_induction_uses

21233 : 0xd8e9266fa00dc : 2 : ittapi_config_apply_per_lib :  ITTAPI function NOT instrumented (not matched by --itt-config option): __itt_model_reduction_uses

21233 : 0xd8e9266fa05cb : 2 : ittapi_config_apply_per_lib :  ITTAPI function NOT instrumented (not matched by --itt-config option): __itt_model_observe_uses

21233 : 0xd8e9266fa0adc : 2 : ittapi_config_apply_per_lib :  ITTAPI function NOT instrumented (not matched by --itt-config option): __itt_model_clear_uses

21233 : 0xd8e9266fa1043 : 2 : ittapi_config_apply_per_lib :  ITTAPI function NOT instrumented (not matched by --itt-config option): __itt_model_site_beginA

21233 : 0xd8e9266fa153f : 2 : ittapi_config_apply_per_lib :  ITTAPI function NOT instrumented (not matched by --itt-config option): __itt_model_site_beginAL

21233 : 0xd8e9266fa1a24 : 2 : ittapi_config_apply_per_lib :  ITTAPI function NOT instrumented (not matched by --itt-config option): __itt_model_task_beginA

21233 : 0xd8e9266fa2d8c : 2 : ittapi_config_apply_per_lib :  ITTAPI function NOT instrumented (not matched by --itt-config option): __itt_model_task_beginAL

21233 : 0xd8e9266fa32d4 : 2 : ittapi_config_apply_per_lib :  ITTAPI function NOT instrumented (not matched by --itt-config option): __itt_model_iteration_taskA

21233 : 0xd8e9266fa37e1 : 2 : ittapi_config_apply_per_lib :  ITTAPI function NOT instrumented (not matched by --itt-config option): __itt_model_iteration_taskAL

21233 : 0xd8e9266fa3cfd : 2 : ittapi_config_apply_per_lib :  ITTAPI function NOT instrumented (not matched by --itt-config option): __itt_model_site_end_2

21233 : 0xd8e9266fa41f3 : 2 : ittapi_config_apply_per_lib :  ITTAPI function NOT instrumented (not matched by --itt-config option): __itt_model_task_end_2

21233 : 0xd8e9266fa46f3 : 2 : ittapi_config_apply_per_lib :  ITTAPI function NOT instrumented (not matched by --itt-config option): __itt_model_lock_acquire_2

21233 : 0xd8e9266fa4c35 : 2 : ittapi_config_apply_per_lib :  ITTAPI function NOT instrumented (not matched by --itt-config option): __itt_model_lock_release_2

21233 : 0xd8e9266fa512e : 2 : ittapi_config_apply_per_lib :  ITTAPI function NOT instrumented (not matched by --itt-config option): __itt_model_aggregate_task

21233 : 0xd8e9266fa562b : 2 : ittapi_config_apply_per_lib :  ITTAPI function NOT instrumented (not matched by --itt-config option): __itt_model_disable_push

21233 : 0xd8e9266fa5afe : 2 : ittapi_config_apply_per_lib :  ITTAPI function NOT instrumented (not matched by --itt-config option): __itt_model_disable_pop

21233 : 0xd8e9266fa782d : 2 : ittapi_config_apply_per_lib :  ITTAPI function instrumented: __itt_heap_function_create
21233 : 0xd8e9266fa82de : 2 : ittapi_config_apply_per_lib :  ITTAPI function instrumented: __itt_heap_allocate_begin
21233 : 0xd8e9266fa8db4 : 2 : ittapi_config_apply_per_lib :  ITTAPI function instrumented: __itt_heap_allocate_end
21233 : 0xd8e9266fa97fa : 2 : ittapi_config_apply_per_lib :  ITTAPI function instrumented: __itt_heap_free_begin
21233 : 0xd8e9266faa304 : 2 : ittapi_config_apply_per_lib :  ITTAPI function instrumented: __itt_heap_free_end
21233 : 0xd8e9266faad22 : 2 : ittapi_config_apply_per_lib :  ITTAPI function instrumented: __itt_heap_reallocate_begin
21233 : 0xd8e9266fab702 : 2 : ittapi_config_apply_per_lib :  ITTAPI function instrumented: __itt_heap_reallocate_end
21233 : 0xd8e9266fac29d : 2 : ittapi_config_apply_per_lib :  ITTAPI function not implemented: __itt_heap_internal_access_begin
21233 : 0xd8e9266facdc4 : 2 : ittapi_config_apply_per_lib :  ITTAPI function not implemented: __itt_heap_internal_access_end
21233 : 0xd8e9266fad902 : 2 : ittapi_config_apply_per_lib :  ITTAPI function not implemented: __itt_heap_record_memory_growth_begin
21233 : 0xd8e9266faf466 : 2 : ittapi_config_apply_per_lib :  ITTAPI function not implemented: __itt_heap_record_memory_growth_end
21233 : 0xd8e9266faffcb : 2 : ittapi_config_apply_per_lib :  ITTAPI function not implemented: __itt_heap_reset_detection
21233 : 0xd8e9266fb0ad3 : 2 : ittapi_config_apply_per_lib :  ITTAPI function not implemented: __itt_heap_record
21233 : 0xd8e9266fb15ae : 2 : ittapi_config_apply_per_lib :  ITTAPI function not implemented: __itt_id_create
21233 : 0xd8e9266fb2085 : 2 : ittapi_config_apply_per_lib :  ITTAPI function not implemented: __itt_id_destroy
21233 : 0xd8e9266fb2ac1 : 2 : ittapi_config_apply_per_lib :  ITTAPI function instrumented: __itt_get_timestamp
21233 : 0xd8e9266fb3647 : 2 : ittapi_config_apply_per_lib :  ITTAPI function not implemented: __itt_region_begin
21233 : 0xd8e9266fb411c : 2 : ittapi_config_apply_per_lib :  ITTAPI function not implemented: __itt_region_end
21233 : 0xd8e9266fb4bf8 : 2 : ittapi_config_apply_per_lib :  ITTAPI function instrumented: __itt_frame_begin_v3
21233 : 0xd8e9266fb5643 : 2 : ittapi_config_apply_per_lib :  ITTAPI function instrumented: __itt_frame_end_v3
21233 : 0xd8e9266fb6fc5 : 2 : ittapi_config_apply_per_lib :  ITTAPI function instrumented: __itt_frame_submit_v3
21233 : 0xd8e9266fb7b13 : 2 : ittapi_config_apply_per_lib :  ITTAPI function not implemented: __itt_task_group
21233 : 0xd8e9266fb85f9 : 2 : ittapi_config_apply_per_lib :  ITTAPI function instrumented: __itt_task_begin
21233 : 0xd8e9266fb8fea : 2 : ittapi_config_apply_per_lib :  ITTAPI function instrumented: __itt_task_begin_fn
21233 : 0xd8e9266fb99cc : 2 : ittapi_config_apply_per_lib :  ITTAPI function instrumented: __itt_task_end
21233 : 0xd8e9266fba59d : 2 : ittapi_config_apply_per_lib :  ITTAPI function not implemented: __itt_counter_inc_v3
21233 : 0xd8e9266fbb12e : 2 : ittapi_config_apply_per_lib :  ITTAPI function not implemented: __itt_counter_inc_delta_v3
21233 : 0xd8e9266fbbcba : 2 : ittapi_config_apply_per_lib :  ITTAPI function not implemented: __itt_marker
21233 : 0xd8e9266fbc6e9 : 2 : ittapi_config_apply_per_lib :  ITTAPI function instrumented: __itt_metadata_add
21233 : 0xd8e9266fbd1ce : 2 : ittapi_config_apply_per_lib :  ITTAPI function not implemented: __itt_metadata_str_add
21233 : 0xd8e9266fbf137 : 2 : ittapi_config_apply_per_lib :  ITTAPI function not implemented: __itt_relation_add_to_current
21233 : 0xd8e9266fbfc37 : 2 : ittapi_config_apply_per_lib :  ITTAPI function not implemented: __itt_relation_add
21233 : 0xd8e9266fc0669 : 2 : ittapi_config_apply_per_lib :  ITTAPI function instrumented: __itt_event_create
21233 : 0xd8e9266fc11ad : 2 : ittapi_config_apply_per_lib :  ITTAPI function instrumented: __itt_event_start
21233 : 0xd8e9266fc1bdd : 2 : ittapi_config_apply_per_lib :  ITTAPI function instrumented: __itt_event_end
21233 : 0xd8e9266fc213d : 2 : ittapi_config_apply_per_lib :  ITTAPI function NOT instrumented (not matched by --itt-config option): __itt_sync_set_name

21233 : 0xd8e9266fc2681 : 2 : ittapi_config_apply_per_lib :  ITTAPI function NOT instrumented (not matched by --itt-config option): __itt_notify_sync_name

21233 : 0xd8e9266fc2bb6 : 2 : ittapi_config_apply_per_lib :  ITTAPI function NOT instrumented (not matched by --itt-config option): __itt_notify_sync_prepare

21233 : 0xd8e9266fc30ef : 2 : ittapi_config_apply_per_lib :  ITTAPI function NOT instrumented (not matched by --itt-config option): __itt_notify_sync_cancel

21233 : 0xd8e9266fc3602 : 2 : ittapi_config_apply_per_lib :  ITTAPI function NOT instrumented (not matched by --itt-config option): __itt_notify_sync_acquired

21233 : 0xd8e9266fc4b8b : 2 : ittapi_config_apply_per_lib :  ITTAPI function NOT instrumented (not matched by --itt-config option): __itt_notify_sync_releasing

21233 : 0xd8e9266fc56cc : 2 : ittapi_config_apply_per_lib :  ITTAPI function not implemented: __itt_memory_read
21233 : 0xd8e9266fc61b0 : 2 : ittapi_config_apply_per_lib :  ITTAPI function not implemented: __itt_memory_write
21233 : 0xd8e9266fc6c76 : 2 : ittapi_config_apply_per_lib :  ITTAPI function not implemented: __itt_memory_update
21233 : 0xd8e9266fc7755 : 2 : ittapi_config_apply_per_lib :  ITTAPI function not implemented: __itt_state_get
21233 : 0xd8e9266fc81bd : 2 : ittapi_config_apply_per_lib :  ITTAPI function not implemented: __itt_state_set
21233 : 0xd8e9266fc8c1c : 2 : ittapi_config_apply_per_lib :  ITTAPI function not implemented: __itt_obj_mode_set
21233 : 0xd8e9266fc96b7 : 2 : ittapi_config_apply_per_lib :  ITTAPI function not implemented: __itt_thr_mode_set
21233 : 0xd8e9266fca03f : 2 : ittapi_config_apply_per_lib :  ITTAPI function instrumented: __itt_frame_create
21233 : 0xd8e9266fcaa10 : 2 : ittapi_config_apply_per_lib :  ITTAPI function instrumented: __itt_frame_begin
21233 : 0xd8e9266fcc35c : 2 : ittapi_config_apply_per_lib :  ITTAPI function instrumented: __itt_frame_end
21233 : 0xd8e9266fce38e : 2 : ittapi_config_apply_per_lib :  ITTAPI function instrumented: __itt_counter_create
21233 : 0xd8e9266fceeef : 2 : ittapi_config_apply_per_lib :  ITTAPI function not implemented: __itt_counter_destroy
21233 : 0xd8e9266fcf923 : 2 : ittapi_config_apply_per_lib :  ITTAPI function instrumented: __itt_counter_inc
21233 : 0xd8e9266fd0318 : 2 : ittapi_config_apply_per_lib :  ITTAPI function instrumented: __itt_counter_inc_delta
21233 : 0xd8e9266fd0d63 : 2 : ittapi_config_apply_per_lib :  ITTAPI function not implemented: __itt_mark_create
21233 : 0xd8e9266fd187e : 2 : ittapi_config_apply_per_lib :  ITTAPI function not implemented: __itt_mark
21233 : 0xd8e9266fd2378 : 2 : ittapi_config_apply_per_lib :  ITTAPI function not implemented: __itt_mark_off
21233 : 0xd8e9266fd2dd8 : 2 : ittapi_config_apply_per_lib :  ITTAPI function not implemented: __itt_mark_global
21233 : 0xd8e9266fd3889 : 2 : ittapi_config_apply_per_lib :  ITTAPI function not implemented: __itt_mark_global_off
21233 : 0xd8e9266fd5930 : 2 : ittapi_config_apply_per_lib :  ITTAPI function instrumented: __itt_stack_caller_create
21233 : 0xd8e9266fd63dc : 2 : ittapi_config_apply_per_lib :  ITTAPI function instrumented: __itt_stack_caller_destroy
21233 : 0xd8e9266fd6e24 : 2 : ittapi_config_apply_per_lib :  ITTAPI function instrumented: __itt_stack_callee_enter
21233 : 0xd8e9266fd780e : 2 : ittapi_config_apply_per_lib :  ITTAPI function instrumented: __itt_stack_callee_leave
21233 : 0xd8e9266fd834c : 2 : ittapi_config_apply_per_lib :  ITTAPI function not implemented: __itt_clock_domain_create
21233 : 0xd8e9266fd8e72 : 2 : ittapi_config_apply_per_lib :  ITTAPI function not implemented: __itt_clock_domain_reset
21233 : 0xd8e9266fd98f1 : 2 : ittapi_config_apply_per_lib :  ITTAPI function not implemented: __itt_id_create_ex
21233 : 0xd8e9266fda386 : 2 : ittapi_config_apply_per_lib :  ITTAPI function not implemented: __itt_id_destroy_ex
21233 : 0xd8e9266fdae38 : 2 : ittapi_config_apply_per_lib :  ITTAPI function not implemented: __itt_task_begin_ex
21233 : 0xd8e9266fdb8ff : 2 : ittapi_config_apply_per_lib :  ITTAPI function not implemented: __itt_task_begin_fn_ex
21233 : 0xd8e9266fdd447 : 2 : ittapi_config_apply_per_lib :  ITTAPI function not implemented: __itt_task_end_ex
21233 : 0xd8e9266fddf38 : 2 : ittapi_config_apply_per_lib :  ITTAPI function instrumented: __itt_task_begin_overlapped
21233 : 0xd8e9266fdeab1 : 2 : ittapi_config_apply_per_lib :  ITTAPI function not implemented: __itt_task_begin_overlapped_ex
21233 : 0xd8e9266fdf4c3 : 2 : ittapi_config_apply_per_lib :  ITTAPI function instrumented: __itt_task_end_overlapped
21233 : 0xd8e9266fe0053 : 2 : ittapi_config_apply_per_lib :  ITTAPI function not implemented: __itt_task_end_overlapped_ex
21233 : 0xd8e9266fe0b1c : 2 : ittapi_config_apply_per_lib :  ITTAPI function not implemented: __itt_marker_ex
21233 : 0xd8e9266fe1614 : 2 : ittapi_config_apply_per_lib :  ITTAPI function not implemented: __itt_metadata_add_with_scope
21233 : 0xd8e9266fe2195 : 2 : ittapi_config_apply_per_lib :  ITTAPI function not implemented: __itt_metadata_str_add_with_scope
21233 : 0xd8e9266fe2cda : 2 : ittapi_config_apply_per_lib :  ITTAPI function not implemented: __itt_relation_add_to_current_ex
21233 : 0xd8e9266fe3864 : 2 : ittapi_config_apply_per_lib :  ITTAPI function not implemented: __itt_relation_add_ex
21233 : 0xd8e9266fe54ab : 2 : ittapi_config_apply_per_lib :  ITTAPI function not implemented: __itt_track_group_create
21233 : 0xd8e9266fe5f8f : 2 : ittapi_config_apply_per_lib :  ITTAPI function not implemented: __itt_track_create
21233 : 0xd8e9266fe69e3 : 2 : ittapi_config_apply_per_lib :  ITTAPI function not implemented: __itt_set_track
21233 : 0xd8e9266fe73d5 : 2 : ittapi_config_apply_per_lib :  ITTAPI function instrumented: __itt_api_version
21233 : 0xd8e9266fe7eb3 : 2 : ittapi_config_apply_per_lib :  ITTAPI function not implemented: __itt_av_save