8 [47331870341504] INFO perfrun.launcher <> - Launcher main begin
9 [47331870341504] INFO perfrun.launcher <> - MessageCatalogInit finished
9 [47331870341504] INFO perfrun.launcher <> - Launcher instance created
9 [47331870341504] INFO perfrun.launcher <> - argc = 7; cmdline = /apps/all/Advisor/2020_update3/advisor_2020.3.0.607294/bin64/advixe-runss --ui-output-format xml --ui-output-fd 7 --option-file /home/training/dd-21-22-89/Assignment/build_advisor/Advisor-ref/e000/hs000/config/runss.options 
14 [47331870341504] INFO perfrun.launcher <> - plugin remoteplug has been added successfully
14 [47331870341504] INFO perfrun.launcher <> - plugin system has been added successfully
14 [47331870341504] INFO perfrun.launcher <> - plugin vdso has been added successfully
14 [47331870341504] INFO perfrun.launcher <> - plugin itt has been added successfully
14 [47331870341504] INFO perfrun.launcher <> - plugin  has been added successfully
14 [47331870341504] INFO perfrun.launcher <> - plugin gpu has been added successfully
14 [47331870341504] INFO perfrun.launcher <> - plugin  has been added successfully
14 [47331870341504] INFO perfrun.launcher <> - plugin  has been added successfully
14 [47331870341504] INFO perfrun.launcher <> - plugin  has been added successfully
14 [47331870341504] INFO perfrun.launcher <> - plugin mrte has been added successfully
14 [47331870341504] INFO perfrun.launcher <> - plugin  has been added successfully
14 [47331870341504] INFO perfrun.launcher <> - plugin  has been added successfully
14 [47331870341504] INFO perfrun.launcher <> - plugin  has been added successfully
17 [47331870341504] INFO perfrun.launcher <> - plugin  has been added successfully
17 [47331870341504] INFO perfrun.launcher <> - plugin  has been added successfully
17 [47331870341504] INFO perfrun.launcher <> - plugin  has been added successfully
17 [47331870341504] INFO perfrun.launcher <> - plugin  has been added successfully
17 [47331870341504] INFO perfrun.launcher <> - plugin tpss has been added successfully
17 [47331870341504] INFO perfrun.launcher <> - plugin  has been added successfully
17 [47331870341504] INFO perfrun.launcher <> - plugin  has been added successfully
17 [47331870341504] INFO perfrun.launcher <> - plugin  has been added successfully
17 [47331870341504] INFO perfrun.launcher <> - plugin  has been added successfully
17 [47331870341504] INFO perfrun.launcher <> - plugin  has been added successfully
17 [47331870341504] INFO perfrun.launcher <> - plugin  has been added successfully
17 [47331870341504] INFO perfrun.launcher <> - plugin  has been added successfully
17 [47331870341504] INFO perfrun.launcher <> - plugin  has been added successfully
17 [47331870341504] INFO perfrun.launcher <> - plugin  has been added successfully
17 [47331870341504] INFO perfrun.launcher <> - plugin  has been added successfully
17 [47331870341504] INFO perfrun.launcher <> - the option was added --interval: Specify an interval of data collection (for example, sampling) in milliseconds.
17 [47331870341504] INFO perfrun.launcher <> - the option was added --follow-child: Profile process with or without children.
17 [47331870341504] INFO perfrun.launcher <> - the option was added --gelding: BADMSG: perfrun1.launcher.plugin_manager::gelding
17 [47331870341504] INFO perfrun.launcher <> - the option was added --time-source: Specify time source for measurement. Possible values: sys - wall clock time; tsc - time stamp counter; ext - time from an external source; auto - auto select accurate time source.
17 [47331870341504] INFO perfrun.launcher <> - the option was added --stack: Enable or disable collection of stacks.
17 [47331870341504] INFO perfrun.launcher <> - the option was added --stack-stitching: Enable or disable the stack stitching algorithm for Intel TBB-based applications.
17 [47331870341504] INFO perfrun.launcher <> - the option was added --type: Specify type of data to be collected. For example, --type cpu:counters,waiting:nostack,io.
17 [47331870341504] INFO perfrun.launcher <> - the option was added --mrte-mode: Specify Java/.NET/other managed runtime collection mode. Possible values: native - collect information only for native code; managed - collect information only for managed code; mixed - collect information for both managed and native code; auto - choose the mode based on binary type.
17 [47331870341504] INFO perfrun.launcher <> - the option was added --mrte-mode-list: List supported Java/.NET/other managed runtime collection modes.
17 [47331870341504] INFO perfrun.launcher <> - the option was added --mrte-type: Specify which managed runtimes to collect. Possible values: java - collect information for Java; dotnet - collect information for .NET; python - collect information for CPython. You can specify several values separated by comma.
17 [47331870341504] INFO perfrun.launcher <> - the option was added --mrte-type-list: List supported Java/.NET/other managed runtime types.
17 [47331870341504] INFO perfrun.launcher <> - the option was added --trace-strategy: Specify how to profile a process tree. <string> can be "<process>:trace:notrace" - profile the process but do not profile its children. Shorthand parameters: t - trace, nt - notrace. For example, "vtunedemo.exe:t:t".
17 [47331870341504] INFO perfrun.launcher <> - the option was added --collector: BADMSG: perfrun1.launcher.plugin_manager::collector
17 [47331870341504] INFO perfrun.launcher <> - the option was added --system-wide: Enable system-wide profiling. This mode may require additional permissions.
18 [47331870341504] INFO perfrun.launcher <> - the option was added --kvm-guest: Enable KVM guest OS profiling.
18 [47331870341504] INFO perfrun.launcher <> - the option was added --kvm-guest-kallsyms: Specify a local path to the /proc/kallsyms file copied from the guest OS for proper symbol resolution.
18 [47331870341504] INFO perfrun.launcher <> - the option was added --kvm-guest-modules: Specify a local path to the /proc/modules file copied from the guest OS for proper symbol resolution.
18 [47331870341504] INFO perfrun.launcher <> - the option was added --bandwidth-limits: Measure bandwidth limits
18 [47331870341504] INFO perfrun.launcher <> - the option was added --bandwidth-strategy: Bandwidth limits determination specific properties (example: --bandwidth-strategy array-size=0,duration=500).
18 [47331870341504] INFO perfrun.launcher <> - the option was added --bandwidth-config: List of benchmarks to run.
18 [47331870341504] INFO perfrun.launcher <> - the option was added --dump-vdso: Dump [vdso] to result directory
18 [47331870341504] INFO perfrun.launcher <> - the option was added --system-collector-config: Specify subcollectors. Possible values: all, container, device-info, none. Specify subcollectors. Possible values: all, vdso.
18 [47331870341504] INFO perfrun.launcher <> - the option was added --itt-config: Specify a sub-set of ITT API to collect.
18 [47331870341504] INFO perfrun.launcher <> - the option was added --itt-debug: Set pseudo-breakpoint at ITT API collector's start to enable the debugger to attach early.
18 [47331870341504] INFO perfrun.launcher <> - the option was added --gpu-config: Specify types of GPU data to be collected. Possible values: preset1, preset2.
18 [47331870341504] INFO perfrun.launcher <> - the option was added --gpu-debug: Enable self-testing of the GPGPU profiling collector.
18 [47331870341504] INFO perfrun.launcher <> - the option was added --gpu-counting: Collect GPU data in the counting mode.
18 [47331870341504] INFO perfrun.launcher <> - the option was added --stackwalk: Specify stack unwinding method. Possible values: online - unwind stacks during collection; offline - unwind stacks after collection is finished.
18 [47331870341504] INFO perfrun.launcher <> - the option was added --filter-include: Filter data during collection. Possible values: contended=<on|off> - filter out uncontended events; contended_nostack=<time> - filter out stacks for contended events that take less than <time> microseconds; wait=<time> - ignore transitions and blocks with wait time less than <time> microseconds; wait_nostack=<time> - filter out stacks for waits that take less than <time> microseconds.
18 [47331870341504] INFO perfrun.launcher <> - the option was added --debug-pin: Debug PIN tool and runtime.
18 [47331870341504] INFO perfrun.launcher <> - the option was added --debug-exception: Disallow the application to set own abnormal termination handler.
18 [47331870341504] INFO perfrun.launcher <> - the option was added --trace-type: Specify the trace file granularity. Possible values: per-thread - per-thread trace file generation; per-process - per-process trace file generation.
18 [47331870341504] INFO perfrun.launcher <> - the option was added --instrumentation-type: Specify type of instrumentation.
18 [47331870341504] INFO perfrun.launcher <> - the option was added --altstack: Enable or disable usage of altstacks for profiling signal handlers.
18 [47331870341504] INFO perfrun.launcher <> - the option was added --profiling-signal: Alternate profiling signal.
18 [47331870341504] INFO perfrun.launcher <> - the option was added --memory-strategy: Specify a minimal memory object size to be traced and a hash table size for faster objects search; for example: --memory-strategy obj-size-min=1024,hash-table-size=4096.
18 [47331870341504] INFO perfrun.launcher <> - the option was added --gpu-profiling-type: Specify a type of deep GPU profiling: none, bblatency, memlatency, instcount.
19 [47331870341504] INFO perfrun.launcher <> - the option was added --opencl-trace-mode: Specify OpenCL kernel tracing modes: 'default' to trace OpenCL kernels for Intel Graphics Driver only; 'epoch' for any non-Intel graphics, where OpenCL kernels will be traced and OpenCL profiling API timestamps will be interpreted as Unux Epoch time in nanoseconds; 'completion' to trace OpenCL kernels for any Graphics Driver and bind OpenCL profiling API timestamps to the timestamp of OpenCL completion callback.
19 [47331870341504] INFO perfrun.launcher <> - the option was added --gpu-kernels-to-profile: Specify a comma-separated list of GPU kernel names and invocations to be profiled in the following format: kernel_name[#start_idx#step#stop_idx], where kernel_name is the name of GPU kernel; start_idx is the number of the first invocation; and stop_idx is the number of the last invocation to be profiled.
20 [47331870341504] INFO perfrun.launcher <> - create msngr2::ICliToolContext
20 [47331870341504] INFO perfrun.launcher <> - create file finder object
20 [47331870341504] INFO perfrun.launcher <> - create a result directory: pattern = /home/training/dd-21-22-89/Assignment/build_advisor/Advisor-ref/e000/hs000 pid = 4294967295
23 [47331870341504] INFO perfrun.sdk <> - checked that the directory /home/training/dd-21-22-89/Assignment/build_advisor/Advisor-ref/e000/hs000 is a local directory
23 [47331870341504] INFO perfrun.sdk <> - the directory /home/training/dd-21-22-89/Assignment/build_advisor/Advisor-ref/e000/hs000 is located on a share or its FS ID is unknown 26985
23 [47331870341504] INFO perfrun.sdk <> - checked that the directory /tmp/pbs.562647.isrv1/advixe-tmp-dd-21-22-89 is a local directory
23 [47331870341504] INFO perfrun.sdk <> - the directory /tmp/pbs.562647.isrv1/advixe-tmp-dd-21-22-89 is a local directory with FS type ID 16914836
23 [47331870341504] INFO perfrun.launcher <> - Create a local result directory /tmp/pbs.562647.isrv1/advixe-tmp-dd-21-22-89/advixe-res-5858-2147609822369016 due to the user result path /home/training/dd-21-22-89/Assignment/build_advisor/Advisor-ref/e000/hs000 is located on a share
23 [47331870341504] INFO perfrun.launcher <> - create data directory = /tmp/pbs.562647.isrv1/advixe-tmp-dd-21-22-89/advixe-res-5858-2147609822369016/data.0
23 [47331870341504] INFO perfrun.launcher <> - create data directory = /home/training/dd-21-22-89/Assignment/build_advisor/Advisor-ref/e000/hs000/data.0
24 [47331870341504] INFO perfrun.launcher <> - Creating the master collection flag
25 [47331870341504] INFO perfrun.launcher <> - Done creating the master collection flag
28 [47331999905536] INFO perfrun.launcher <> - plugin [remoteplug] was disabled because it doesn't support the given collection type.
31 [47331999905536] INFO perfrun.sdk <> - Allocating TMU :/tmp/pbs.562647.isrv1/advixe-tmp-dd-21-22-89/advixe-res-5858-2147609822369016/data.0/systemcollector-5858-cn12.barbora.it4i.cz.sc
31 [47331999905536] INFO perfrun.launcher <> - plugin [] was disabled because it doesn't support the given collection type.
31 [47331999905536] INFO perfrun.launcher <> - plugin [gpu] was disabled because it doesn't support the given collection type.
31 [47331999905536] INFO perfrun.launcher <> - plugin [] was disabled because it doesn't support the given collection type.
31 [47331999905536] INFO perfrun.launcher <> - plugin [] was disabled because it doesn't support the given collection type.
31 [47331999905536] INFO perfrun.launcher <> - plugin [] was disabled because it doesn't support the given collection type.
31 [47331999905536] INFO perfrun.mrte <> - system-wide mode is 0
31 [47331999905536] INFO perfrun.mrte <> - Getting  mrte profiling environment ...
52 [47331999905536] INFO perfrun.mrte <> - INTEL_MRTE_DATA_DIR=/tmp/pbs.562647.isrv1/advixe-tmp-dd-21-22-89/advixe-res-5858-2147609822369016/data.0
52 [47331999905536] INFO perfrun.mrte <> - INTEL_MRTE_HOST_NAME=cn12.barbora.it4i.cz
52 [47331999905536] INFO perfrun.mrte <> - Data directory: /tmp/pbs.562647.isrv1/advixe-tmp-dd-21-22-89/advixe-res-5858-2147609822369016/data.0
52 [47331999905536] INFO perfrun.mrte <> - Mrte plugin is initialized
52 [47331999905536] INFO perfrun.launcher <> - plugin [] was disabled because it doesn't support the given collection type.
52 [47331999905536] INFO perfrun.launcher <> - plugin [] was disabled because it doesn't support the given collection type.
52 [47331999905536] INFO perfrun.launcher <> - plugin [] was disabled because it doesn't support the given collection type.
52 [47331999905536] INFO perfrun.launcher <> - plugin [] was disabled because it doesn't support the given collection type.
52 [47331999905536] INFO perfrun.launcher <> - plugin [] was disabled because it doesn't support the given collection type.
52 [47331999905536] INFO perfrun.launcher <> - plugin [] was disabled because it doesn't support the given collection type.
52 [47331999905536] INFO perfrun.launcher <> - plugin [] was disabled because it doesn't support the given collection type.
52 [47331999905536] INFO perfrun.tpss <> - initialize tpss controller
52 [47331999905536] INFO perfrun.tpss <> - configure collection mode: value = cpu:stack
52 [47331999905536] INFO perfrun.tpss <> - default obj-size-min=1024
52 [47331999905536] INFO perfrun.tpss <> - default hash-table-size=0
83 [47331999905536] INFO perfrun.launcher <> - plugin [] was disabled because it doesn't support the given collection type.
83 [47331999905536] INFO perfrun.launcher <> - plugin [] was disabled because it doesn't support the given collection type.
83 [47331999905536] INFO perfrun.launcher <> - plugin [] was disabled because it doesn't support the given collection type.
83 [47331999905536] INFO perfrun.launcher <> - plugin [] was disabled because it doesn't support the given collection type.
83 [47331999905536] INFO perfrun.launcher <> - plugin [] was disabled because it doesn't support the given collection type.
83 [47331999905536] INFO perfrun.launcher <> - plugin [] was disabled because it doesn't support the given collection type.
83 [47331999905536] INFO perfrun.launcher <> - plugin [] was disabled because it doesn't support the given collection type.
83 [47331999905536] INFO perfrun.launcher <> - plugin [] was disabled because it doesn't support the given collection type.
83 [47331999905536] INFO perfrun.launcher <> - plugin [] was disabled because it doesn't support the given collection type.
83 [47331999905536] INFO perfrun.launcher <> - plugin [] was disabled because it doesn't support the given collection type.
83 [47331870341504] INFO perfrun.launcher <> - set environment variable: LD_LIBRARY_PATH = /apps/all/Advisor/2020_update3/advisor_2020.3.0.607294/lib32/runtime:/apps/all/Advisor/2020_update3/advisor_2020.3.0.607294/lib64/runtime:/apps/all/intel-compilers/2021.1.2/compiler/2021.1.2/linux/compiler/lib/intel64_lin:/apps/all/intel-compilers/2021.1.2/compiler/2021.1.2/linux/lib/x64:/apps/all/intel-compilers/2021.1.2/compiler/2021.1.2/linux/lib:/apps/all/binutils/2.35-GCCcore-10.2.0/lib:/apps/all/zlib/1.2.11-GCCcore-10.2.0/lib:/apps/all/GCCcore/10.2.0/lib64:/apps/all/GCCcore/10.2.0/lib:/apps/all/libarchive/3.4.3-GCCcore-9.3.0/lib:/apps/all/cURL/7.72.0-GCCcore-9.3.0/lib:/apps/all/bzip2/1.0.8-GCCcore-9.3.0/lib:/apps/all/ncurses/6.2-GCCcore-9.3.0/lib
83 [47331870341504] INFO perfrun.launcher <> - set environment variable: INTEL_LIBITTNOTIFY32 = /apps/all/Advisor/2020_update3/advisor_2020.3.0.607294/lib32/runtime/libittnotify_collector.so
83 [47331870341504] INFO perfrun.launcher <> - set environment variable: INTEL_LIBITTNOTIFY64 = /apps/all/Advisor/2020_update3/advisor_2020.3.0.607294/lib64/runtime/libittnotify_collector.so
83 [47331870341504] INFO perfrun.launcher <> - set environment variable: INTEL_ITTNOTIFY_GROUPS = 
84 [47331870341504] INFO perfrun.launcher <> - set environment variable: INTEL_JIT_PROFILER32 = /apps/all/Advisor/2020_update3/advisor_2020.3.0.607294/lib32/runtime/libittnotify_collector.so
84 [47331870341504] INFO perfrun.launcher <> - set environment variable: INTEL_JIT_PROFILER64 = /apps/all/Advisor/2020_update3/advisor_2020.3.0.607294/lib64/runtime/libittnotify_collector.so
84 [47331870341504] INFO perfrun.launcher <> - set environment variable: VS_PROFILER = libittnotify_collector.so
84 [47331870341504] INFO perfrun.launcher <> - set environment variable: ENABLE_JITPROFILING = 1
84 [47331870341504] INFO perfrun.launcher <> - set environment variable: CL_CONFIG_USE_VTUNE = True
84 [47331870341504] INFO perfrun.launcher <> - set environment variable: __OCL_MIC_INTEL_LIBITTNOTIFY64 = /amplxe/results/libittnotify_collector.so
84 [47331870341504] INFO perfrun.launcher <> - set environment variable: __OCL_MIC_INTEL_JIT_PROFILER64 = /amplxe/results/libittnotify_collector.so
84 [47331870341504] INFO perfrun.launcher <> - set environment variable: KMP_FORKJOIN_FRAMES = 0
84 [47331870341504] INFO perfrun.launcher <> - set environment variable: KMP_FORKJOIN_FRAMES_MODE = 0
84 [47331870341504] INFO perfrun.launcher <> - set environment variable: OMP_TOOL = disabled
84 [47331870341504] INFO perfrun.launcher <> - set environment variable: INTEL_MRTE_DATA_DIR = /tmp/pbs.562647.isrv1/advixe-tmp-dd-21-22-89/advixe-res-5858-2147609822369016/data.0
84 [47331870341504] INFO perfrun.launcher <> - set environment variable: INTEL_MRTE_HOST_NAME = cn12.barbora.it4i.cz
84 [47331870341504] INFO perfrun.launcher <> - RpcServer: run RPC server to handle requests
84 [47331870341504] INFO perfrun.launcher <> - Launcher: command line to start before modification = ./mandelbrot -c ref -s 4000
85 [47331870341504] INFO perfrun.launcher <> - Launcher: command line to start after modification = /apps/all/Advisor/2020_update3/advisor_2020.3.0.607294/bin64/pin -error_file /tmp/pbs.562647.isrv1/advixe-tmp-dd-21-22-89/advixe-res-5858-2147609822369016/data.0/pinerr.tpsslog -detach_reattach -follow_execv -tool_load_option deepbind -t64 /apps/all/Advisor/2020_update3/advisor_2020.3.0.607294/lib64/libtpsstool.so -t /apps/all/Advisor/2020_update3/advisor_2020.3.0.607294/lib32/libtpsstool.so -server_name tpss_ipc.5858 -prd_dir /apps/all/Advisor/2020_update3/advisor_2020.3.0.607294 -- ./mandelbrot -c ref -s 4000
85 [47331870341504] INFO perfrun.launcher <> - ProcessCreator object was created
86 [47331870341504] INFO perfrun.launcher <> - Launcher: the process was started in suspend mode
89 [47331999905536] WARN perfrun.system <> - Could not do anything with /sys/kernel/debug/kvm: boost::filesystem::status: Permission denied: "/sys/kernel/debug/kvm", at file: vcs/perfrun1/plugins/system/src/trace_writer.cpp:774
89 [47331999905536] WARN perfrun.system <> - Folder "/var/run/libvirt/qemu/"doesn't exist, at file: vcs/perfrun1/plugins/system/src/trace_writer.cpp:787
92 [47331999905536] WARN perfrun.sdk <> - Failed to find xl binary on any of the system paths: /bin, /sbin, /usr/bin, /usr/sbin., at file: vcs/perfrun1/sdk/src/utils.cpp:199
95 [47331999905536] INFO perfrun.vdso <> - Helper runtool '/apps/all/Advisor/2020_update3/advisor_2020.3.0.607294/bin32/advixe-runss -dump-vdso -r /tmp/pbs.562647.isrv1/advixe-tmp-dd-21-22-89/advixe-res-5858-2147609822369016 --tmp-dir /tmp/pbs.562647.isrv1/advixe-tmp-dd-21-22-89' returned 1
140 [47331999905536] INFO perfrun.vdso <> - Helper runtool '/apps/all/Advisor/2020_update3/advisor_2020.3.0.607294/bin64/advixe-runss -dump-vdso -r /tmp/pbs.562647.isrv1/advixe-tmp-dd-21-22-89/advixe-res-5858-2147609822369016 --tmp-dir /tmp/pbs.562647.isrv1/advixe-tmp-dd-21-22-89' returned 0
140 [47331999905536] INFO perfrun.itt <> - start itt controller for pid #5863
141 [47331999905536] INFO perfrun.tpss <> - start tpss controller for pid #5863
191 [47331870341504] INFO perfrun.launcher <> - Launcher: all plugins were started
191 [47331870341504] INFO perfrun.launcher <> - DirectoryMonitor object was created
191 [47331870341504] INFO perfrun.launcher <> - DirectoryMonitor: a callback was added
191 [47331870341504] INFO perfrun.launcher <> - DirectoryMonitor was started with pingTime = 1000
191 [47331870341504] INFO perfrun.launcher <> - DeadlineTimer is going to be constructed
191 [47331870341504] INFO perfrun.launcher <> - DeadlineTimer: a callback was added
193 [47331870341504] INFO perfrun.launcher <> - Launcher: resume the profiled application and  wait its termination or stop command
7562 [47331870341504] INFO perfrun.launcher <> - Launcher: the profiled application was terminated  with exit code = 0
7565 [47331999905536] INFO perfrun.itt <> - stop itt controller
7565 [47331999905536] INFO perfrun.itt <> - detach itt controller
7565 [47331999905536] INFO perfrun.tpss <> - stop tpss controller
7565 [47331999905536] INFO perfrun.sdk <> - De-allocating TMU: /tmp/pbs.562647.isrv1/advixe-tmp-dd-21-22-89/advixe-res-5858-2147609822369016/data.0/systemcollector-5858-cn12.barbora.it4i.cz.sc
7565 [47331999905536] INFO perfrun.system <> - closed the system trace file: /tmp/pbs.562647.isrv1/advixe-tmp-dd-21-22-89/advixe-res-5858-2147609822369016/data.0/systemcollector-5858-cn12.barbora.it4i.cz.sc
7565 [47331870341504] INFO perfrun.launcher <> - Launcher: all plugins were stopped.
7565 [47331870341504] INFO perfrun.launcher <> - DeadlineTimer is going to be destroyed
7565 [47331870341504] INFO perfrun.launcher <> - DeadlineTimer was destroyed
7565 [47331870341504] INFO perfrun.launcher <> - DirectoryMonitor object was destroyed
7565 [47331870341504] WARN perfrun.launcher <> - Stop command is ignored because it is received when collection is already stopped, at file: vcs/perfrun1/launcher/src/command_handler.cpp:212
7570 [47331870341504] INFO perfrun.launcher <> - Application exit code: 0
7570 [47331870341504] INFO perfrun.launcher <> - Exit code: 0
