
21400 : 0xd8e94c15bfed8 : 1 : spill_jit_data :  Jit agent is not initialized
21400 : 0xd8e94c15d2fe9 : 2 : ittapi_config_mask_get :  --itt-config mask to be applied: 55
21400 : 0xd8e94c15d5f68 : 2 : ittapi_config_apply_per_lib :  ITTAPI function instrumented: __itt_domain_create
21400 : 0xd8e94c15d7159 : 2 : ittapi_config_apply_per_lib :  ITTAPI function instrumented: __itt_module_load_with_sections
21400 : 0xd8e94c15d8456 : 2 : ittapi_config_apply_per_lib :  ITTAPI function not implemented: __itt_module_unload_with_sections
21400 : 0xd8e94c15d9192 : 2 : ittapi_config_apply_per_lib :  ITTAPI function instrumented: __itt_string_handle_create
21400 : 0xd8e94c15d9f7b : 2 : ittapi_config_apply_per_lib :  ITTAPI function instrumented: __itt_counter_create
21400 : 0xd8e94c15da9f5 : 2 : ittapi_config_apply_per_lib :  ITTAPI function instrumented: __itt_counter_create_typed
21400 : 0xd8e94c15db62f : 2 : ittapi_config_apply_per_lib :  ITTAPI function instrumented: __itt_pause
21400 : 0xd8e94c15dc1a9 : 2 : ittapi_config_apply_per_lib :  ITTAPI function instrumented: __itt_resume
21400 : 0xd8e94c15e2b82 : 2 : ittapi_config_apply_per_lib :  ITTAPI function instrumented: __itt_thread_set_name
21400 : 0xd8e94c15e38e7 : 2 : ittapi_config_apply_per_lib :  ITTAPI function instrumented: __itt_thread_ignore
21400 : 0xd8e94c15e439d : 2 : ittapi_config_apply_per_lib :  ITTAPI function instrumented: __itt_thr_name_set
21400 : 0xd8e94c15e4f8f : 2 : ittapi_config_apply_per_lib :  ITTAPI function instrumented: __itt_thr_ignore
21400 : 0xd8e94c15e5ec5 : 2 : ittapi_config_apply_per_lib :  ITTAPI function not implemented: __itt_enable_attach
21400 : 0xd8e94c15e6a0b : 2 : ittapi_config_apply_per_lib :  ITTAPI function instrumented: __itt_detach
21400 : 0xd8e94c15e6fa7 : 2 : ittapi_config_apply_per_lib :  ITTAPI function NOT instrumented (not matched by --itt-config option): __itt_sync_create

21400 : 0xd8e94c15eb145 : 2 : ittapi_config_apply_per_lib :  ITTAPI function NOT instrumented (not matched by --itt-config option): __itt_sync_rename

21400 : 0xd8e94c15eb790 : 2 : ittapi_config_apply_per_lib :  ITTAPI function NOT instrumented (not matched by --itt-config option): __itt_sync_destroy

21400 : 0xd8e94c15ebd7d : 2 : ittapi_config_apply_per_lib :  ITTAPI function NOT instrumented (not matched by --itt-config option): __itt_sync_prepare

21400 : 0xd8e94c15ed685 : 2 : ittapi_config_apply_per_lib :  ITTAPI function NOT instrumented (not matched by --itt-config option): __itt_sync_cancel

21400 : 0xd8e94c15edc03 : 2 : ittapi_config_apply_per_lib :  ITTAPI function NOT instrumented (not matched by --itt-config option): __itt_sync_acquired

21400 : 0xd8e94c15ee1bb : 2 : ittapi_config_apply_per_lib :  ITTAPI function NOT instrumented (not matched by --itt-config option): __itt_sync_releasing

21400 : 0xd8e94c15eefcc : 2 : ittapi_config_apply_per_lib :  ITTAPI function not implemented: __itt_suppress_push
21400 : 0xd8e94c15efca6 : 2 : ittapi_config_apply_per_lib :  ITTAPI function not implemented: __itt_suppress_pop
21400 : 0xd8e94c15f082e : 2 : ittapi_config_apply_per_lib :  ITTAPI function not implemented: __itt_suppress_mark_range
21400 : 0xd8e94c15f142a : 2 : ittapi_config_apply_per_lib :  ITTAPI function not implemented: __itt_suppress_clear_range
21400 : 0xd8e94c15f1979 : 2 : ittapi_config_apply_per_lib :  ITTAPI function NOT instrumented (not matched by --itt-config option): __itt_sync_prepare

21400 : 0xd8e94c15f2051 : 2 : ittapi_config_apply_per_lib :  ITTAPI function NOT instrumented (not matched by --itt-config option): __itt_sync_cancel

21400 : 0xd8e94c15f25b1 : 2 : ittapi_config_apply_per_lib :  ITTAPI function NOT instrumented (not matched by --itt-config option): __itt_sync_acquired

21400 : 0xd8e94c15f3bff : 2 : ittapi_config_apply_per_lib :  ITTAPI function NOT instrumented (not matched by --itt-config option): __itt_sync_releasing

21400 : 0xd8e94c15f4230 : 2 : ittapi_config_apply_per_lib :  ITTAPI function NOT instrumented (not matched by --itt-config option): __itt_model_site_begin

21400 : 0xd8e94c15f4795 : 2 : ittapi_config_apply_per_lib :  ITTAPI function NOT instrumented (not matched by --itt-config option): __itt_model_site_end

21400 : 0xd8e94c15f4db7 : 2 : ittapi_config_apply_per_lib :  ITTAPI function NOT instrumented (not matched by --itt-config option): __itt_model_task_begin

21400 : 0xd8e94c15f52e2 : 2 : ittapi_config_apply_per_lib :  ITTAPI function NOT instrumented (not matched by --itt-config option): __itt_model_task_end

21400 : 0xd8e94c15f583f : 2 : ittapi_config_apply_per_lib :  ITTAPI function NOT instrumented (not matched by --itt-config option): __itt_model_lock_acquire

21400 : 0xd8e94c15f5e5e : 2 : ittapi_config_apply_per_lib :  ITTAPI function NOT instrumented (not matched by --itt-config option): __itt_model_lock_release

21400 : 0xd8e94c15f63ae : 2 : ittapi_config_apply_per_lib :  ITTAPI function NOT instrumented (not matched by --itt-config option): __itt_model_record_allocation

21400 : 0xd8e94c15f6906 : 2 : ittapi_config_apply_per_lib :  ITTAPI function NOT instrumented (not matched by --itt-config option): __itt_model_record_deallocation

21400 : 0xd8e94c15f6e3f : 2 : ittapi_config_apply_per_lib :  ITTAPI function NOT instrumented (not matched by --itt-config option): __itt_model_induction_uses

21400 : 0xd8e94c15f8f6d : 2 : ittapi_config_apply_per_lib :  ITTAPI function NOT instrumented (not matched by --itt-config option): __itt_model_reduction_uses

21400 : 0xd8e94c15f956b : 2 : ittapi_config_apply_per_lib :  ITTAPI function NOT instrumented (not matched by --itt-config option): __itt_model_observe_uses

21400 : 0xd8e94c15f9b0e : 2 : ittapi_config_apply_per_lib :  ITTAPI function NOT instrumented (not matched by --itt-config option): __itt_model_clear_uses

21400 : 0xd8e94c15fa071 : 2 : ittapi_config_apply_per_lib :  ITTAPI function NOT instrumented (not matched by --itt-config option): __itt_model_site_beginA

21400 : 0xd8e94c15fa63f : 2 : ittapi_config_apply_per_lib :  ITTAPI function NOT instrumented (not matched by --itt-config option): __itt_model_site_beginAL

21400 : 0xd8e94c15fab83 : 2 : ittapi_config_apply_per_lib :  ITTAPI function NOT instrumented (not matched by --itt-config option): __itt_model_task_beginA

21400 : 0xd8e94c15fb0f0 : 2 : ittapi_config_apply_per_lib :  ITTAPI function NOT instrumented (not matched by --itt-config option): __itt_model_task_beginAL

21400 : 0xd8e94c15fb663 : 2 : ittapi_config_apply_per_lib :  ITTAPI function NOT instrumented (not matched by --itt-config option): __itt_model_iteration_taskA

21400 : 0xd8e94c15fbbce : 2 : ittapi_config_apply_per_lib :  ITTAPI function NOT instrumented (not matched by --itt-config option): __itt_model_iteration_taskAL

21400 : 0xd8e94c15fc128 : 2 : ittapi_config_apply_per_lib :  ITTAPI function NOT instrumented (not matched by --itt-config option): __itt_model_site_end_2

21400 : 0xd8e94c15fdbaa : 2 : ittapi_config_apply_per_lib :  ITTAPI function NOT instrumented (not matched by --itt-config option): __itt_model_task_end_2

21400 : 0xd8e94c15fe12b : 2 : ittapi_config_apply_per_lib :  ITTAPI function NOT instrumented (not matched by --itt-config option): __itt_model_lock_acquire_2

21400 : 0xd8e94c15fe6cb : 2 : ittapi_config_apply_per_lib :  ITTAPI function NOT instrumented (not matched by --itt-config option): __itt_model_lock_release_2

21400 : 0xd8e94c15febf1 : 2 : ittapi_config_apply_per_lib :  ITTAPI function NOT instrumented (not matched by --itt-config option): __itt_model_aggregate_task

21400 : 0xd8e94c15ff114 : 2 : ittapi_config_apply_per_lib :  ITTAPI function NOT instrumented (not matched by --itt-config option): __itt_model_disable_push

21400 : 0xd8e94c15ff629 : 2 : ittapi_config_apply_per_lib :  ITTAPI function NOT instrumented (not matched by --itt-config option): __itt_model_disable_pop

21400 : 0xd8e94c16001e0 : 2 : ittapi_config_apply_per_lib :  ITTAPI function instrumented: __itt_heap_function_create
21400 : 0xd8e94c1600c3f : 2 : ittapi_config_apply_per_lib :  ITTAPI function instrumented: __itt_heap_allocate_begin
21400 : 0xd8e94c16015e3 : 2 : ittapi_config_apply_per_lib :  ITTAPI function instrumented: __itt_heap_allocate_end
21400 : 0xd8e94c1602058 : 2 : ittapi_config_apply_per_lib :  ITTAPI function instrumented: __itt_heap_free_begin
21400 : 0xd8e94c1604c2e : 2 : ittapi_config_apply_per_lib :  ITTAPI function instrumented: __itt_heap_free_end
21400 : 0xd8e94c16056a8 : 2 : ittapi_config_apply_per_lib :  ITTAPI function instrumented: __itt_heap_reallocate_begin
21400 : 0xd8e94c160603f : 2 : ittapi_config_apply_per_lib :  ITTAPI function instrumented: __itt_heap_reallocate_end
21400 : 0xd8e94c1606cb9 : 2 : ittapi_config_apply_per_lib :  ITTAPI function not implemented: __itt_heap_internal_access_begin
21400 : 0xd8e94c160783b : 2 : ittapi_config_apply_per_lib :  ITTAPI function not implemented: __itt_heap_internal_access_end
21400 : 0xd8e94c160837f : 2 : ittapi_config_apply_per_lib :  ITTAPI function not implemented: __itt_heap_record_memory_growth_begin
21400 : 0xd8e94c1608e8d : 2 : ittapi_config_apply_per_lib :  ITTAPI function not implemented: __itt_heap_record_memory_growth_end
21400 : 0xd8e94c1609a49 : 2 : ittapi_config_apply_per_lib :  ITTAPI function not implemented: __itt_heap_reset_detection
21400 : 0xd8e94c160a5d7 : 2 : ittapi_config_apply_per_lib :  ITTAPI function not implemented: __itt_heap_record
21400 : 0xd8e94c160b0b3 : 2 : ittapi_config_apply_per_lib :  ITTAPI function not implemented: __itt_id_create
21400 : 0xd8e94c160d0cd : 2 : ittapi_config_apply_per_lib :  ITTAPI function not implemented: __itt_id_destroy
21400 : 0xd8e94c160db56 : 2 : ittapi_config_apply_per_lib :  ITTAPI function instrumented: __itt_get_timestamp
21400 : 0xd8e94c160e614 : 2 : ittapi_config_apply_per_lib :  ITTAPI function not implemented: __itt_region_begin
21400 : 0xd8e94c160f16a : 2 : ittapi_config_apply_per_lib :  ITTAPI function not implemented: __itt_region_end
21400 : 0xd8e94c1610914 : 2 : ittapi_config_apply_per_lib :  ITTAPI function instrumented: __itt_frame_begin_v3
21400 : 0xd8e94c1611438 : 2 : ittapi_config_apply_per_lib :  ITTAPI function instrumented: __itt_frame_end_v3
21400 : 0xd8e94c1611ea2 : 2 : ittapi_config_apply_per_lib :  ITTAPI function instrumented: __itt_frame_submit_v3
21400 : 0xd8e94c1612a9c : 2 : ittapi_config_apply_per_lib :  ITTAPI function not implemented: __itt_task_group
21400 : 0xd8e94c1613573 : 2 : ittapi_config_apply_per_lib :  ITTAPI function instrumented: __itt_task_begin
21400 : 0xd8e94c1613fbb : 2 : ittapi_config_apply_per_lib :  ITTAPI function instrumented: __itt_task_begin_fn
21400 : 0xd8e94c161596e : 2 : ittapi_config_apply_per_lib :  ITTAPI function instrumented: __itt_task_end
21400 : 0xd8e94c1616559 : 2 : ittapi_config_apply_per_lib :  ITTAPI function not implemented: __itt_counter_inc_v3
21400 : 0xd8e94c161712c : 2 : ittapi_config_apply_per_lib :  ITTAPI function not implemented: __itt_counter_inc_delta_v3
21400 : 0xd8e94c1617d22 : 2 : ittapi_config_apply_per_lib :  ITTAPI function not implemented: __itt_counter_dec_v3
21400 : 0xd8e94c16188af : 2 : ittapi_config_apply_per_lib :  ITTAPI function not implemented: __itt_counter_dec_delta_v3
21400 : 0xd8e94c161943e : 2 : ittapi_config_apply_per_lib :  ITTAPI function not implemented: __itt_marker
21400 : 0xd8e94c1619f0f : 2 : ittapi_config_apply_per_lib :  ITTAPI function instrumented: __itt_metadata_add
21400 : 0xd8e94c161aa81 : 2 : ittapi_config_apply_per_lib :  ITTAPI function not implemented: __itt_metadata_str_add
21400 : 0xd8e94c161b5c4 : 2 : ittapi_config_apply_per_lib :  ITTAPI function not implemented: __itt_relation_add_to_current
21400 : 0xd8e94c161c0f0 : 2 : ittapi_config_apply_per_lib :  ITTAPI function not implemented: __itt_relation_add
21400 : 0xd8e94c161db34 : 2 : ittapi_config_apply_per_lib :  ITTAPI function instrumented: __itt_event_create
21400 : 0xd8e94c161e5e9 : 2 : ittapi_config_apply_per_lib :  ITTAPI function instrumented: __itt_event_start
21400 : 0xd8e94c161efb2 : 2 : ittapi_config_apply_per_lib :  ITTAPI function instrumented: __itt_event_end
21400 : 0xd8e94c161f56d : 2 : ittapi_config_apply_per_lib :  ITTAPI function NOT instrumented (not matched by --itt-config option): __itt_sync_set_name

21400 : 0xd8e94c161fb2e : 2 : ittapi_config_apply_per_lib :  ITTAPI function NOT instrumented (not matched by --itt-config option): __itt_notify_sync_name

21400 : 0xd8e94c1620089 : 2 : ittapi_config_apply_per_lib :  ITTAPI function NOT instrumented (not matched by --itt-config option): __itt_notify_sync_prepare

21400 : 0xd8e94c16205f5 : 2 : ittapi_config_apply_per_lib :  ITTAPI function NOT instrumented (not matched by --itt-config option): __itt_notify_sync_cancel

21400 : 0xd8e94c1620b37 : 2 : ittapi_config_apply_per_lib :  ITTAPI function NOT instrumented (not matched by --itt-config option): __itt_notify_sync_acquired

21400 : 0xd8e94c162104f : 2 : ittapi_config_apply_per_lib :  ITTAPI function NOT instrumented (not matched by --itt-config option): __itt_notify_sync_releasing

21400 : 0xd8e94c1621b9b : 2 : ittapi_config_apply_per_lib :  ITTAPI function not implemented: __itt_memory_read
21400 : 0xd8e94c1623c37 : 2 : ittapi_config_apply_per_lib :  ITTAPI function not implemented: __itt_memory_write
21400 : 0xd8e94c162472d : 2 : ittapi_config_apply_per_lib :  ITTAPI function not implemented: __itt_memory_update
21400 : 0xd8e94c1625265 : 2 : ittapi_config_apply_per_lib :  ITTAPI function not implemented: __itt_state_get
21400 : 0xd8e94c1625c93 : 2 : ittapi_config_apply_per_lib :  ITTAPI function not implemented: __itt_state_set
21400 : 0xd8e94c162670f : 2 : ittapi_config_apply_per_lib :  ITTAPI function not implemented: __itt_obj_mode_set
21400 : 0xd8e94c162715f : 2 : ittapi_config_apply_per_lib :  ITTAPI function not implemented: __itt_thr_mode_set
21400 : 0xd8e94c1627b09 : 2 : ittapi_config_apply_per_lib :  ITTAPI function instrumented: __itt_frame_create
21400 : 0xd8e94c1628486 : 2 : ittapi_config_apply_per_lib :  ITTAPI function instrumented: __itt_pt_region_create
21400 : 0xd8e94c1628e49 : 2 : ittapi_config_apply_per_lib :  ITTAPI function instrumented: __itt_frame_begin
21400 : 0xd8e94c1629870 : 2 : ittapi_config_apply_per_lib :  ITTAPI function instrumented: __itt_frame_end
21400 : 0xd8e94c162b410 : 2 : ittapi_config_apply_per_lib :  ITTAPI function not implemented: __itt_counter_destroy
21400 : 0xd8e94c162bee4 : 2 : ittapi_config_apply_per_lib :  ITTAPI function instrumented: __itt_counter_inc
21400 : 0xd8e94c162c8d0 : 2 : ittapi_config_apply_per_lib :  ITTAPI function instrumented: __itt_counter_inc_delta
21400 : 0xd8e94c162d251 : 2 : ittapi_config_apply_per_lib :  ITTAPI function instrumented: __itt_counter_dec
21400 : 0xd8e94c162dc14 : 2 : ittapi_config_apply_per_lib :  ITTAPI function instrumented: __itt_counter_dec_delta
21400 : 0xd8e94c162e5d0 : 2 : ittapi_config_apply_per_lib :  ITTAPI function instrumented: __itt_counter_set_value
21400 : 0xd8e94c162f0ad : 2 : ittapi_config_apply_per_lib :  ITTAPI function not implemented: __itt_counter_set_value_ex
21400 : 0xd8e94c162fadc : 2 : ittapi_config_apply_per_lib :  ITTAPI function not implemented: __itt_mark_create
21400 : 0xd8e94c1630629 : 2 : ittapi_config_apply_per_lib :  ITTAPI function not implemented: __itt_mark
21400 : 0xd8e94c16310dd : 2 : ittapi_config_apply_per_lib :  ITTAPI function not implemented: __itt_mark_off
21400 : 0xd8e94c1632cd2 : 2 : ittapi_config_apply_per_lib :  ITTAPI function not implemented: __itt_mark_global
21400 : 0xd8e94c163379f : 2 : ittapi_config_apply_per_lib :  ITTAPI function not implemented: __itt_mark_global_off
21400 : 0xd8e94c163429a : 2 : ittapi_config_apply_per_lib :  ITTAPI function instrumented: __itt_stack_caller_create
21400 : 0xd8e94c1634cd3 : 2 : ittapi_config_apply_per_lib :  ITTAPI function instrumented: __itt_stack_caller_destroy
21400 : 0xd8e94c1635710 : 2 : ittapi_config_apply_per_lib :  ITTAPI function instrumented: __itt_stack_callee_enter
21400 : 0xd8e94c16360d2 : 2 : ittapi_config_apply_per_lib :  ITTAPI function instrumented: __itt_stack_callee_leave
21400 : 0xd8e94c1636bbf : 2 : ittapi_config_apply_per_lib :  ITTAPI function not implemented: __itt_clock_domain_create
21400 : 0xd8e94c16376eb : 2 : ittapi_config_apply_per_lib :  ITTAPI function not implemented: __itt_clock_domain_reset
21400 : 0xd8e94c163815d : 2 : ittapi_config_apply_per_lib :  ITTAPI function not implemented: __itt_id_create_ex
21400 : 0xd8e94c1638b96 : 2 : ittapi_config_apply_per_lib :  ITTAPI function not implemented: __itt_id_destroy_ex
21400 : 0xd8e94c163aa34 : 2 : ittapi_config_apply_per_lib :  ITTAPI function not implemented: __itt_task_begin_ex
21400 : 0xd8e94c163b531 : 2 : ittapi_config_apply_per_lib :  ITTAPI function not implemented: __itt_task_begin_fn_ex
21400 : 0xd8e94c163bfcf : 2 : ittapi_config_apply_per_lib :  ITTAPI function not implemented: __itt_task_end_ex
21400 : 0xd8e94c163c9bd : 2 : ittapi_config_apply_per_lib :  ITTAPI function instrumented: __itt_task_begin_overlapped
21400 : 0xd8e94c163d498 : 2 : ittapi_config_apply_per_lib :  ITTAPI function not implemented: __itt_task_begin_overlapped_ex
21400 : 0xd8e94c163de7f : 2 : ittapi_config_apply_per_lib :  ITTAPI function instrumented: __itt_task_end_overlapped
21400 : 0xd8e94c163e9e1 : 2 : ittapi_config_apply_per_lib :  ITTAPI function not implemented: __itt_task_end_overlapped_ex
21400 : 0xd8e94c163f446 : 2 : ittapi_config_apply_per_lib :  ITTAPI function not implemented: __itt_marker_ex
21400 : 0xd8e94c163ff8a : 2 : ittapi_config_apply_per_lib :  ITTAPI function not implemented: __itt_metadata_add_with_scope
21400 : 0xd8e94c1640a9d : 2 : ittapi_config_apply_per_lib :  ITTAPI function not implemented: __itt_metadata_str_add_with_scope
21400 : 0xd8e94c1642615 : 2 : ittapi_config_apply_per_lib :  ITTAPI function not implemented: __itt_relation_add_to_current_ex
21400 : 0xd8e94c1643145 : 2 : ittapi_config_apply_per_lib :  ITTAPI function not implemented: __itt_relation_add_ex
21400 : 0xd8e94c1643cd8 : 2 : ittapi_config_apply_per_lib :  ITTAPI function not implemented: __itt_track_group_create
21400 : 0xd8e94c1644711 : 2 : ittapi_config_apply_per_lib :  ITTAPI function not implemented: __itt_track_create
21400 : 0xd8e94c164517a : 2 : ittapi_config_apply_per_lib :  ITTAPI function not implemented: __itt_set_track
21400 : 0xd8e94c1645bd7 : 2 : ittapi_config_apply_per_lib :  ITTAPI function instrumented: __itt_api_version
21400 : 0xd8e94c16466d5 : 2 : ittapi_config_apply_per_lib :  ITTAPI function not implemented: __itt_av_save
21400 : 0xd8e94c16470cf : 2 : ittapi_config_apply_per_lib :  ITTAPI function instrumented: __itt_module_load
21400 : 0xd8e94c1647ba0 : 2 : ittapi_config_apply_per_lib :  ITTAPI function not implemented: __itt_module_unload
21400 : 0xd8e94c16c1d75 : 2 : ittapi_config_mask_get :  --itt-config mask to be applied: 55
21400 : 0xd8e94c16c4d87 : 2 : ittapi_config_apply_per_lib :  ITTAPI function instrumented: __itt_domain_create
21400 : 0xd8e94c16c7065 : 2 : ittapi_config_apply_per_lib :  ITTAPI function instrumented: __itt_string_handle_create
21400 : 0xd8e94c16c7b7b : 2 : ittapi_config_apply_per_lib :  ITTAPI function instrumented: __itt_pause
21400 : 0xd8e94c16c8630 : 2 : ittapi_config_apply_per_lib :  ITTAPI function instrumented: __itt_resume
21400 : 0xd8e94c16c9092 : 2 : ittapi_config_apply_per_lib :  ITTAPI function instrumented: __itt_thread_set_name
21400 : 0xd8e94c16c9adf : 2 : ittapi_config_apply_per_lib :  ITTAPI function instrumented: __itt_thread_ignore
21400 : 0xd8e94c16ca4a8 : 2 : ittapi_config_apply_per_lib :  ITTAPI function instrumented: __itt_thr_name_set
21400 : 0xd8e94c16cae3f : 2 : ittapi_config_apply_per_lib :  ITTAPI function instrumented: __itt_thr_ignore
21400 : 0xd8e94c16cbab1 : 2 : ittapi_config_apply_per_lib :  ITTAPI function not implemented: __itt_enable_attach
21400 : 0xd8e94c16cc4e9 : 2 : ittapi_config_apply_per_lib :  ITTAPI function instrumented: __itt_detach
21400 : 0xd8e94c16cdcbc : 2 : ittapi_config_apply_per_lib :  ITTAPI function NOT instrumented (not matched by --itt-config option): __itt_sync_create

21400 : 0xd8e94c16ce346 : 2 : ittapi_config_apply_per_lib :  ITTAPI function NOT instrumented (not matched by --itt-config option): __itt_sync_rename

21400 : 0xd8e94c16ce8d2 : 2 : ittapi_config_apply_per_lib :  ITTAPI function NOT instrumented (not matched by --itt-config option): __itt_sync_destroy

21400 : 0xd8e94c16cee73 : 2 : ittapi_config_apply_per_lib :  ITTAPI function NOT instrumented (not matched by --itt-config option): __itt_sync_prepare

21400 : 0xd8e94c16cf387 : 2 : ittapi_config_apply_per_lib :  ITTAPI function NOT instrumented (not matched by --itt-config option): __itt_sync_cancel

21400 : 0xd8e94c16cf87d : 2 : ittapi_config_apply_per_lib :  ITTAPI function NOT instrumented (not matched by --itt-config option): __itt_sync_acquired

21400 : 0xd8e94c16cfd70 : 2 : ittapi_config_apply_per_lib :  ITTAPI function NOT instrumented (not matched by --itt-config option): __itt_sync_releasing

21400 : 0xd8e94c16d0887 : 2 : ittapi_config_apply_per_lib :  ITTAPI function not implemented: __itt_suppress_push
21400 : 0xd8e94c16d1466 : 2 : ittapi_config_apply_per_lib :  ITTAPI function not implemented: __itt_suppress_pop
21400 : 0xd8e94c16d1f5f : 2 : ittapi_config_apply_per_lib :  ITTAPI function not implemented: __itt_suppress_mark_range
21400 : 0xd8e94c16d4265 : 2 : ittapi_config_apply_per_lib :  ITTAPI function not implemented: __itt_suppress_clear_range
21400 : 0xd8e94c16d485f : 2 : ittapi_config_apply_per_lib :  ITTAPI function NOT instrumented (not matched by --itt-config option): __itt_sync_prepare

21400 : 0xd8e94c16d4dea : 2 : ittapi_config_apply_per_lib :  ITTAPI function NOT instrumented (not matched by --itt-config option): __itt_sync_cancel

21400 : 0xd8e94c16d5367 : 2 : ittapi_config_apply_per_lib :  ITTAPI function NOT instrumented (not matched by --itt-config option): __itt_sync_acquired

21400 : 0xd8e94c16d588a : 2 : ittapi_config_apply_per_lib :  ITTAPI function NOT instrumented (not matched by --itt-config option): __itt_sync_releasing

21400 : 0xd8e94c16d5deb : 2 : ittapi_config_apply_per_lib :  ITTAPI function NOT instrumented (not matched by --itt-config option): __itt_model_site_begin

21400 : 0xd8e94c16d6384 : 2 : ittapi_config_apply_per_lib :  ITTAPI function NOT instrumented (not matched by --itt-config option): __itt_model_site_end

21400 : 0xd8e94c16d6907 : 2 : ittapi_config_apply_per_lib :  ITTAPI function NOT instrumented (not matched by --itt-config option): __itt_model_task_begin

21400 : 0xd8e94c16d6e4a : 2 : ittapi_config_apply_per_lib :  ITTAPI function NOT instrumented (not matched by --itt-config option): __itt_model_task_end

21400 : 0xd8e94c16d7413 : 2 : ittapi_config_apply_per_lib :  ITTAPI function NOT instrumented (not matched by --itt-config option): __itt_model_lock_acquire

21400 : 0xd8e94c16d8a33 : 2 : ittapi_config_apply_per_lib :  ITTAPI function NOT instrumented (not matched by --itt-config option): __itt_model_lock_release

21400 : 0xd8e94c16d8fdb : 2 : ittapi_config_apply_per_lib :  ITTAPI function NOT instrumented (not matched by --itt-config option): __itt_model_record_allocation

21400 : 0xd8e94c16d9539 : 2 : ittapi_config_apply_per_lib :  ITTAPI function NOT instrumented (not matched by --itt-config option): __itt_model_record_deallocation

21400 : 0xd8e94c16d9aa1 : 2 : ittapi_config_apply_per_lib :  ITTAPI function NOT instrumented (not matched by --itt-config option): __itt_model_induction_uses

21400 : 0xd8e94c16da016 : 2 : ittapi_config_apply_per_lib :  ITTAPI function NOT instrumented (not matched by --itt-config option): __itt_model_reduction_uses

21400 : 0xd8e94c16da567 : 2 : ittapi_config_apply_per_lib :  ITTAPI function NOT instrumented (not matched by --itt-config option): __itt_model_observe_uses

21400 : 0xd8e94c16daab8 : 2 : ittapi_config_apply_per_lib :  ITTAPI function NOT instrumented (not matched by --itt-config option): __itt_model_clear_uses

21400 : 0xd8e94c16db0a1 : 2 : ittapi_config_apply_per_lib :  ITTAPI function NOT instrumented (not matched by --itt-config option): __itt_model_site_beginA

21400 : 0xd8e94c16db5f4 : 2 : ittapi_config_apply_per_lib :  ITTAPI function NOT instrumented (not matched by --itt-config option): __itt_model_site_beginAL

21400 : 0xd8e94c16dbb17 : 2 : ittapi_config_apply_per_lib :  ITTAPI function NOT instrumented (not matched by --itt-config option): __itt_model_task_beginA

21400 : 0xd8e94c16dcf9e : 2 : ittapi_config_apply_per_lib :  ITTAPI function NOT instrumented (not matched by --itt-config option): __itt_model_task_beginAL

21400 : 0xd8e94c16dd57c : 2 : ittapi_config_apply_per_lib :  ITTAPI function NOT instrumented (not matched by --itt-config option): __itt_model_iteration_taskA

21400 : 0xd8e94c16ddabc : 2 : ittapi_config_apply_per_lib :  ITTAPI function NOT instrumented (not matched by --itt-config option): __itt_model_iteration_taskAL

21400 : 0xd8e94c16de00f : 2 : ittapi_config_apply_per_lib :  ITTAPI function NOT instrumented (not matched by --itt-config option): __itt_model_site_end_2

21400 : 0xd8e94c16de573 : 2 : ittapi_config_apply_per_lib :  ITTAPI function NOT instrumented (not matched by --itt-config option): __itt_model_task_end_2

21400 : 0xd8e94c16deb2d : 2 : ittapi_config_apply_per_lib :  ITTAPI function NOT instrumented (not matched by --itt-config option): __itt_model_lock_acquire_2

21400 : 0xd8e94c16df0ba : 2 : ittapi_config_apply_per_lib :  ITTAPI function NOT instrumented (not matched by --itt-config option): __itt_model_lock_release_2

21400 : 0xd8e94c16df612 : 2 : ittapi_config_apply_per_lib :  ITTAPI function NOT instrumented (not matched by --itt-config option): __itt_model_aggregate_task

21400 : 0xd8e94c16dfb4f : 2 : ittapi_config_apply_per_lib :  ITTAPI function NOT instrumented (not matched by --itt-config option): __itt_model_disable_push

21400 : 0xd8e94c16e007c : 2 : ittapi_config_apply_per_lib :  ITTAPI function NOT instrumented (not matched by --itt-config option): __itt_model_disable_pop

21400 : 0xd8e94c16e1e2e : 2 : ittapi_config_apply_per_lib :  ITTAPI function instrumented: __itt_heap_function_create
21400 : 0xd8e94c16e28b3 : 2 : ittapi_config_apply_per_lib :  ITTAPI function instrumented: __itt_heap_allocate_begin
21400 : 0xd8e94c16e32c4 : 2 : ittapi_config_apply_per_lib :  ITTAPI function instrumented: __itt_heap_allocate_end
21400 : 0xd8e94c16e3caa : 2 : ittapi_config_apply_per_lib :  ITTAPI function instrumented: __itt_heap_free_begin
21400 : 0xd8e94c16e464a : 2 : ittapi_config_apply_per_lib :  ITTAPI function instrumented: __itt_heap_free_end
21400 : 0xd8e94c16e502a : 2 : ittapi_config_apply_per_lib :  ITTAPI function instrumented: __itt_heap_reallocate_begin
21400 : 0xd8e94c16e59cf : 2 : ittapi_config_apply_per_lib :  ITTAPI function instrumented: __itt_heap_reallocate_end
21400 : 0xd8e94c16e6513 : 2 : ittapi_config_apply_per_lib :  ITTAPI function not implemented: __itt_heap_internal_access_begin
21400 : 0xd8e94c16e7059 : 2 : ittapi_config_apply_per_lib :  ITTAPI function not implemented: __itt_heap_internal_access_end
21400 : 0xd8e94c16e7ba3 : 2 : ittapi_config_apply_per_lib :  ITTAPI function not implemented: __itt_heap_record_memory_growth_begin
21400 : 0xd8e94c16e9703 : 2 : ittapi_config_apply_per_lib :  ITTAPI function not implemented: __itt_heap_record_memory_growth_end
21400 : 0xd8e94c16ea28a : 2 : ittapi_config_apply_per_lib :  ITTAPI function not implemented: __itt_heap_reset_detection
21400 : 0xd8e94c16ead58 : 2 : ittapi_config_apply_per_lib :  ITTAPI function not implemented: __itt_heap_record
21400 : 0xd8e94c16eb85f : 2 : ittapi_config_apply_per_lib :  ITTAPI function not implemented: __itt_id_create
21400 : 0xd8e94c16ec30a : 2 : ittapi_config_apply_per_lib :  ITTAPI function not implemented: __itt_id_destroy
21400 : 0xd8e94c16ecc9d : 2 : ittapi_config_apply_per_lib :  ITTAPI function instrumented: __itt_get_timestamp
21400 : 0xd8e94c16ed6cc : 2 : ittapi_config_apply_per_lib :  ITTAPI function not implemented: __itt_region_begin
21400 : 0xd8e94c16ee185 : 2 : ittapi_config_apply_per_lib :  ITTAPI function not implemented: __itt_region_end
21400 : 0xd8e94c16eec02 : 2 : ittapi_config_apply_per_lib :  ITTAPI function instrumented: __itt_frame_begin_v3
21400 : 0xd8e94c16ef606 : 2 : ittapi_config_apply_per_lib :  ITTAPI function instrumented: __itt_frame_end_v3
21400 : 0xd8e94c16f0f87 : 2 : ittapi_config_apply_per_lib :  ITTAPI function instrumented: __itt_frame_submit_v3
21400 : 0xd8e94c16f1aec : 2 : ittapi_config_apply_per_lib :  ITTAPI function not implemented: __itt_task_group
21400 : 0xd8e94c16f2523 : 2 : ittapi_config_apply_per_lib :  ITTAPI function instrumented: __itt_task_begin
21400 : 0xd8e94c16f2ebc : 2 : ittapi_config_apply_per_lib :  ITTAPI function instrumented: __itt_task_begin_fn
21400 : 0xd8e94c16f385e : 2 : ittapi_config_apply_per_lib :  ITTAPI function instrumented: __itt_task_end
21400 : 0xd8e94c16f4331 : 2 : ittapi_config_apply_per_lib :  ITTAPI function not implemented: __itt_counter_inc_v3
21400 : 0xd8e94c16f4e77 : 2 : ittapi_config_apply_per_lib :  ITTAPI function not implemented: __itt_counter_inc_delta_v3
21400 : 0xd8e94c16f596a : 2 : ittapi_config_apply_per_lib :  ITTAPI function not implemented: __itt_marker
21400 : 0xd8e94c16f633d : 2 : ittapi_config_apply_per_lib :  ITTAPI function instrumented: __itt_metadata_add
21400 : 0xd8e94c16f6dee : 2 : ittapi_config_apply_per_lib :  ITTAPI function not implemented: __itt_metadata_str_add
21400 : 0xd8e94c16f8e86 : 2 : ittapi_config_apply_per_lib :  ITTAPI function not implemented: __itt_relation_add_to_current
21400 : 0xd8e94c16f9988 : 2 : ittapi_config_apply_per_lib :  ITTAPI function not implemented: __itt_relation_add
21400 : 0xd8e94c16fa337 : 2 : ittapi_config_apply_per_lib :  ITTAPI function instrumented: __itt_event_create
21400 : 0xd8e94c16facea : 2 : ittapi_config_apply_per_lib :  ITTAPI function instrumented: __itt_event_start
21400 : 0xd8e94c16fb6e5 : 2 : ittapi_config_apply_per_lib :  ITTAPI function instrumented: __itt_event_end
21400 : 0xd8e94c16fbc21 : 2 : ittapi_config_apply_per_lib :  ITTAPI function NOT instrumented (not matched by --itt-config option): __itt_sync_set_name

21400 : 0xd8e94c16fc1a4 : 2 : ittapi_config_apply_per_lib :  ITTAPI function NOT instrumented (not matched by --itt-config option): __itt_notify_sync_name

21400 : 0xd8e94c16fc6f7 : 2 : ittapi_config_apply_per_lib :  ITTAPI function NOT instrumented (not matched by --itt-config option): __itt_notify_sync_prepare

21400 : 0xd8e94c16fcc3d : 2 : ittapi_config_apply_per_lib :  ITTAPI function NOT instrumented (not matched by --itt-config option): __itt_notify_sync_cancel

21400 : 0xd8e94c16fd145 : 2 : ittapi_config_apply_per_lib :  ITTAPI function NOT instrumented (not matched by --itt-config option): __itt_notify_sync_acquired

21400 : 0xd8e94c16fe5af : 2 : ittapi_config_apply_per_lib :  ITTAPI function NOT instrumented (not matched by --itt-config option): __itt_notify_sync_releasing

21400 : 0xd8e94c16ff120 : 2 : ittapi_config_apply_per_lib :  ITTAPI function not implemented: __itt_memory_read
21400 : 0xd8e94c16ffbcd : 2 : ittapi_config_apply_per_lib :  ITTAPI function not implemented: __itt_memory_write
21400 : 0xd8e94c1700648 : 2 : ittapi_config_apply_per_lib :  ITTAPI function not implemented: __itt_memory_update
21400 : 0xd8e94c1701122 : 2 : ittapi_config_apply_per_lib :  ITTAPI function not implemented: __itt_state_get
21400 : 0xd8e94c1701b6f : 2 : ittapi_config_apply_per_lib :  ITTAPI function not implemented: __itt_state_set
21400 : 0xd8e94c17025da : 2 : ittapi_config_apply_per_lib :  ITTAPI function not implemented: __itt_obj_mode_set
21400 : 0xd8e94c170304d : 2 : ittapi_config_apply_per_lib :  ITTAPI function not implemented: __itt_thr_mode_set
21400 : 0xd8e94c1703981 : 2 : ittapi_config_apply_per_lib :  ITTAPI function instrumented: __itt_frame_create
21400 : 0xd8e94c17042e1 : 2 : ittapi_config_apply_per_lib :  ITTAPI function instrumented: __itt_frame_begin
21400 : 0xd8e94c1705be9 : 2 : ittapi_config_apply_per_lib :  ITTAPI function instrumented: __itt_frame_end
21400 : 0xd8e94c170663c : 2 : ittapi_config_apply_per_lib :  ITTAPI function instrumented: __itt_counter_create
21400 : 0xd8e94c17070ec : 2 : ittapi_config_apply_per_lib :  ITTAPI function not implemented: __itt_counter_destroy
21400 : 0xd8e94c1707b1f : 2 : ittapi_config_apply_per_lib :  ITTAPI function instrumented: __itt_counter_inc
21400 : 0xd8e94c17084bf : 2 : ittapi_config_apply_per_lib :  ITTAPI function instrumented: __itt_counter_inc_delta
21400 : 0xd8e94c1708ec9 : 2 : ittapi_config_apply_per_lib :  ITTAPI function not implemented: __itt_mark_create
21400 : 0xd8e94c17099a3 : 2 : ittapi_config_apply_per_lib :  ITTAPI function not implemented: __itt_mark
21400 : 0xd8e94c170a488 : 2 : ittapi_config_apply_per_lib :  ITTAPI function not implemented: __itt_mark_off
21400 : 0xd8e94c170aec3 : 2 : ittapi_config_apply_per_lib :  ITTAPI function not implemented: __itt_mark_global
21400 : 0xd8e94c170b926 : 2 : ittapi_config_apply_per_lib :  ITTAPI function not implemented: __itt_mark_global_off
21400 : 0xd8e94c170d837 : 2 : ittapi_config_apply_per_lib :  ITTAPI function instrumented: __itt_stack_caller_create
21400 : 0xd8e94c170e28f : 2 : ittapi_config_apply_per_lib :  ITTAPI function instrumented: __itt_stack_caller_destroy
21400 : 0xd8e94c170ecb0 : 2 : ittapi_config_apply_per_lib :  ITTAPI function instrumented: __itt_stack_callee_enter
21400 : 0xd8e94c170f635 : 2 : ittapi_config_apply_per_lib :  ITTAPI function instrumented: __itt_stack_callee_leave
21400 : 0xd8e94c1710129 : 2 : ittapi_config_apply_per_lib :  ITTAPI function not implemented: __itt_clock_domain_create
21400 : 0xd8e94c1710c4f : 2 : ittapi_config_apply_per_lib :  ITTAPI function not implemented: __itt_clock_domain_reset
21400 : 0xd8e94c1711683 : 2 : ittapi_config_apply_per_lib :  ITTAPI function not implemented: __itt_id_create_ex
21400 : 0xd8e94c17120de : 2 : ittapi_config_apply_per_lib :  ITTAPI function not implemented: __itt_id_destroy_ex
21400 : 0xd8e94c1712b89 : 2 : ittapi_config_apply_per_lib :  ITTAPI function not implemented: __itt_task_begin_ex
21400 : 0xd8e94c17135f8 : 2 : ittapi_config_apply_per_lib :  ITTAPI function not implemented: __itt_task_begin_fn_ex
21400 : 0xd8e94c1715087 : 2 : ittapi_config_apply_per_lib :  ITTAPI function not implemented: __itt_task_end_ex
21400 : 0xd8e94c1715ae6 : 2 : ittapi_config_apply_per_lib :  ITTAPI function instrumented: __itt_task_begin_overlapped
21400 : 0xd8e94c171661f : 2 : ittapi_config_apply_per_lib :  ITTAPI function not implemented: __itt_task_begin_overlapped_ex
21400 : 0xd8e94c1716fd6 : 2 : ittapi_config_apply_per_lib :  ITTAPI function instrumented: __itt_task_end_overlapped
21400 : 0xd8e94c1717ac7 : 2 : ittapi_config_apply_per_lib :  ITTAPI function not implemented: __itt_task_end_overlapped_ex
21400 : 0xd8e94c1718534 : 2 : ittapi_config_apply_per_lib :  ITTAPI function not implemented: __itt_marker_ex
21400 : 0xd8e94c1718fea : 2 : ittapi_config_apply_per_lib :  ITTAPI function not implemented: __itt_metadata_add_with_scope
21400 : 0xd8e94c1719b22 : 2 : ittapi_config_apply_per_lib :  ITTAPI function not implemented: __itt_metadata_str_add_with_scope
21400 : 0xd8e94c171a61a : 2 : ittapi_config_apply_per_lib :  ITTAPI function not implemented: __itt_relation_add_to_current_ex
21400 : 0xd8e94c171b140 : 2 : ittapi_config_apply_per_lib :  ITTAPI function not implemented: __itt_relation_add_ex
21400 : 0xd8e94c171cb50 : 2 : ittapi_config_apply_per_lib :  ITTAPI function not implemented: __itt_track_group_create
21400 : 0xd8e94c171d58b : 2 : ittapi_config_apply_per_lib :  ITTAPI function not implemented: __itt_track_create
21400 : 0xd8e94c171dff3 : 2 : ittapi_config_apply_per_lib :  ITTAPI function not implemented: __itt_set_track
21400 : 0xd8e94c171e989 : 2 : ittapi_config_apply_per_lib :  ITTAPI function instrumented: __itt_api_version
21400 : 0xd8e94c171f427 : 2 : ittapi_config_apply_per_lib :  ITTAPI function not implemented: __itt_av_save