The system is: Linux - 3.10.0-1160.6.1.el7.x86_64 - x86_64
Compiling the C compiler identification source file "CMakeCCompilerId.c" succeeded.
Compiler: /apps/all/intel-compilers/2021.1.2/compiler/2021.1.2/linux/bin/intel64/icc 
Build flags: -O3;-fPIC;-xHost
Id flags:  

The output was:
0


Compilation of the C compiler identification source "CMakeCCompilerId.c" produced "a.out"

The C compiler identification is Intel, found in "/home/training/dd-21-22-89/Assignment/build_advisor/CMakeFiles/3.21.2/CompilerIdC/a.out"

Compiling the CXX compiler identification source file "CMakeCXXCompilerId.cpp" succeeded.
Compiler: /apps/all/intel-compilers/2021.1.2/compiler/2021.1.2/linux/bin/intel64/icpc 
Build flags: -O3;-fPIC;--xHost
Id flags:  

The output was:
0
icpc: command line warning #10006: ignoring unknown option '-fxHost'


Compilation of the CXX compiler identification source "CMakeCXXCompilerId.cpp" produced "a.out"

The CXX compiler identification is Intel, found in "/home/training/dd-21-22-89/Assignment/build_advisor/CMakeFiles/3.21.2/CompilerIdCXX/a.out"

Detecting C compiler ABI info compiled with the following output:
Change Dir: /home/training/dd-21-22-89/Assignment/build_advisor/CMakeFiles/CMakeTmp

Run Build Command(s):/bin/gmake -f Makefile cmTC_45a66/fast && /bin/gmake  -f CMakeFiles/cmTC_45a66.dir/build.make CMakeFiles/cmTC_45a66.dir/build
gmake[1]: Entering directory `/home/training/dd-21-22-89/Assignment/build_advisor/CMakeFiles/CMakeTmp'
Building C object CMakeFiles/cmTC_45a66.dir/CMakeCCompilerABI.c.o
/apps/all/intel-compilers/2021.1.2/compiler/2021.1.2/linux/bin/intel64/icc   -O3 -fPIC -xHost    -v -MD -MT CMakeFiles/cmTC_45a66.dir/CMakeCCompilerABI.c.o -MF CMakeFiles/cmTC_45a66.dir/CMakeCCompilerABI.c.o.d -o CMakeFiles/cmTC_45a66.dir/CMakeCCompilerABI.c.o -c /apps/all/CMake/3.21.2-GCCcore-9.3.0/share/cmake-3.21/Modules/CMakeCCompilerABI.c
icc version 2021.1.2 (gcc version 10.2.0 compatibility)
/apps/all/intel-compilers/2021.1.2/compiler/2021.1.2/linux/bin/intel64/../../bin/intel64/mcpcom    --target_efi2 --lang=c -oCMakeFiles/cmTC_45a66.dir/CMakeCCompilerABI.c.o -_g -mP3OPT_inline_alloca -D__ICC=2021 -D__INTEL_COMPILER=2021 -D__INTEL_COMPILER_UPDATE=1 -D__PTRDIFF_TYPE__=long "-D__SIZE_TYPE__=unsigned long" -D__WCHAR_TYPE__=int "-D__WINT_TYPE__=unsigned int" "-D__INTMAX_TYPE__=long int" "-D__UINTMAX_TYPE__=long unsigned int" -D__LONG_MAX__=9223372036854775807L -D__QMSPP_ -D__OPTIMIZE__ -D__NO_MATH_INLINES -D__NO_STRING_INLINES -D__GNUC_GNU_INLINE__ -D__GNUC__=10 -D__GNUC_MINOR__=2 -D__GNUC_PATCHLEVEL__=0 -D__LP64__ -D_LP64 -D__GXX_ABI_VERSION=1010 "-D__USER_LABEL_PREFIX__= " -D__REGISTER_PREFIX__= -D__INTEL_RTTI__ -D__unix__ -D__unix -D__linux__ -D__linux -D__gnu_linux__ -B -Dunix -Dlinux "-_Asystem(unix)" -D__ELF__ -D__x86_64 -D__x86_64__ -D__amd64 -D__amd64__ "-_Acpu(x86_64)" "-_Amachine(x86_64)" -D__INTEL_COMPILER_BUILD_DATE=20201208 -D__PIC__ -D__pic__ -D__INTEL_OFFLOAD -D__MMX__ -D__SSE__ -D__SSE_MATH__ -D__SSE2__ -D__SSE2_MATH__ -D__SSE3__ -D__SSSE3__ -D__SSE4_1__ -D__SSE4_2__ -D__POPCNT__ -D__PCLMUL__ -D__AES__ -D__AVX__ -D__F16C__ -D__AVX_I__ -D__RDRND__ -D__FMA__ -D__FP_FAST_FMA -D__FP_FAST_FMAF -D__BMI__ -D__LZCNT__ -D__RTM__ -D__AVX2__ -D__AVX512F__ -D__AVX512DQ__ -D__ADX__ -D__RDSEED__ -D__AVX512CD__ -D__MPX__ -D__AVX512BW__ -D__AVX512VL__ -D__AVX512VNNI__ -D__CLWB__ -_k -_8 -_l --has_new_stdarg_support -_a -_b --gnu_version=100200 -_W5 --openmp_simd --noopenmp_offload --dependency_file_name CMakeFiles/cmTC_45a66.dir/CMakeCCompilerABI.c.o.d --compile_dependencies --dependency_target_name CMakeFiles/cmTC_45a66.dir/CMakeCCompilerABI.c.o --multibyte_chars -mGLOB_diag_suppress_sys --system_preinclude /usr/include/stdc-predef.h -I/apps/all/binutils/2.35-GCCcore-10.2.0/include -I/apps/all/zlib/1.2.11-GCCcore-10.2.0/include -I/apps/all/libarchive/3.4.3-GCCcore-9.3.0/include -I/apps/all/cURL/7.72.0-GCCcore-9.3.0/include -I/apps/all/bzip2/1.0.8-GCCcore-9.3.0/include -I/apps/all/ncurses/6.2-GCCcore-9.3.0/include --array_section --simd --simd_func --offload_mode=1 --offload_target_names=mic,MIC --offload_unique_string=icc1026830304QD2thY -mGLOB_em64t=TRUE -mP1OPT_version=2021.1.2-intel64 -mGLOB_diag_file=CMakeFiles/cmTC_45a66.dir/CMakeCCompilerABI.c.diag -mGLOB_long_size_64 -mGLOB_routine_pointer_size_64 -mP1OPT_print_version=FALSE -mCG_use_gas_got_workaround=F -mP2OPT_align_option_used=TRUE -mGLOB_gcc_version=1020 "-mGLOB_options_string=-O3 -fPIC -xHost -v -MD -MT CMakeFiles/cmTC_45a66.dir/CMakeCCompilerABI.c.o -MF CMakeFiles/cmTC_45a66.dir/CMakeCCompilerABI.c.o.d -o CMakeFiles/cmTC_45a66.dir/CMakeCCompilerABI.c.o -c" -mGLOB_position_independent_code -mGLOB_preemption_model=3 -mGLOB_cxx_limited_range=FALSE -mCG_extend_parms=FALSE -mGLOB_compiler_bin_directory=/apps/all/intel-compilers/2021.1.2/compiler/2021.1.2/linux/bin/intel64/../../bin/intel64 -mGLOB_as_output_backup_file_name=/tmp/pbs.562647.isrv1/icc5pKItdas_.s -mIPOPT_activate -mIPOPT_lite -mGLOB_uarch_tuning=0x0 -mGLOB_product_id_code=0x22006d93 -mCG_bnl_movbe=T -mGLOB_advanced_optim=TRUE -mGLOB_cpu_x=Host -mP3OPT_use_mspp_call_convention -mP2OPT_subs_out_of_bound=FALSE -mP2OPT_disam_type_based_disam=2 -mP2OPT_disam_assume_ansi_c -mP2OPT_checked_disam_ansi_alias=TRUE -mGLOB_ansi_alias -mPGOPTI_value_profile_use=T -mP2OPT_il0_array_sections=TRUE -mGLOB_offload_mode=1 -mGLOB_offload_no_openmp=TRUE -mP2OPT_offload_unique_var_string=icc1026830304QD2thY -mGLOB_opt_level=3 -mP2OPT_hlo_level=3 -mP2OPT_hlo -mP2OPT_hpo_rtt_control=0 -mIPOPT_args_in_regs=0 -mP2OPT_disam_assume_nonstd_intent_in=FALSE -mGLOB_imf_mapping_library=/apps/all/intel-compilers/2021.1.2/compiler/2021.1.2/linux/bin/intel64/../../bin/intel64/libiml_attr.so -mPGOPTI_gen_threadsafe_level=0 -mIPOPT_lto_object_enabled -mIPOPT_lto_object_value=1 -mIPOPT_obj_output_file_name=CMakeFiles/cmTC_45a66.dir/CMakeCCompilerABI.c.o -mIPOPT_whole_archive_fixup_file_name=/tmp/pbs.562647.isrv1/iccwarchlIxVhI -mGLOB_linker_version=2.35 -mGLOB_linker=ld -mGLOB_driver_tempfile_name=/tmp/pbs.562647.isrv1/icctempfile2wYaHs -mP3OPT_asm_target=P3OPT_ASM_TARGET_GAS -mGLOB_async_unwind_tables=TRUE -mGLOB_obj_output_file=CMakeFiles/cmTC_45a66.dir/CMakeCCompilerABI.c.o -mGLOB_source_dialect=GLOB_SOURCE_DIALECT_C -mP1OPT_source_file_name=/apps/all/CMake/3.21.2-GCCcore-9.3.0/share/cmake-3.21/Modules/CMakeCCompilerABI.c -mP1OPT_full_source_file_name=/apps/all/CMake/3.21.2-GCCcore-9.3.0/share/cmake-3.21/Modules/CMakeCCompilerABI.c /apps/all/CMake/3.21.2-GCCcore-9.3.0/share/cmake-3.21/Modules/CMakeCCompilerABI.c
#include "..." search starts here:
#include <...> search starts here:
 /apps/all/binutils/2.35-GCCcore-10.2.0/include
 /apps/all/zlib/1.2.11-GCCcore-10.2.0/include
 /apps/all/libarchive/3.4.3-GCCcore-9.3.0/include
 /apps/all/cURL/7.72.0-GCCcore-9.3.0/include
 /apps/all/bzip2/1.0.8-GCCcore-9.3.0/include
 /apps/all/ncurses/6.2-GCCcore-9.3.0/include
 /apps/all/intel-compilers/2021.1.2/compiler/2021.1.2/linux/bin/intel64/../../compiler/include/intel64
 /apps/all/intel-compilers/2021.1.2/compiler/2021.1.2/linux/bin/intel64/../../compiler/include/icc
 /apps/all/intel-compilers/2021.1.2/compiler/2021.1.2/linux/bin/intel64/../../compiler/include
 /usr/local/include
 /apps/all/GCCcore/10.2.0/lib/gcc/x86_64-pc-linux-gnu/10.2.0/include
 /apps/all/GCCcore/10.2.0/include/
 /usr/include
End of search list.
Linking C executable cmTC_45a66
/apps/all/CMake/3.21.2-GCCcore-9.3.0/bin/cmake -E cmake_link_script CMakeFiles/cmTC_45a66.dir/link.txt --verbose=1
/apps/all/intel-compilers/2021.1.2/compiler/2021.1.2/linux/bin/intel64/icc -O3 -fPIC -xHost   -v CMakeFiles/cmTC_45a66.dir/CMakeCCompilerABI.c.o -o cmTC_45a66 
icc version 2021.1.2 (gcc version 10.2.0 compatibility)
/apps/all/intel-compilers/2021.1.2/compiler/2021.1.2/linux/bin/intel64/../../bin/intel64/mcpcom    -mGLOB_em64t=TRUE -mP1OPT_version=2021.1.2-intel64 -mGLOB_diag_file=CMakeFiles/cmTC_45a66.dir/CMakeCCompilerABI.c.diag -mGLOB_long_size_64 -mGLOB_routine_pointer_size_64 -mP1OPT_print_version=FALSE -mCG_use_gas_got_workaround=F -mP2OPT_align_option_used=TRUE -mGLOB_gcc_version=1020 "-mGLOB_options_string=-O3 -fPIC -xHost -v -o cmTC_45a66" -mGLOB_position_independent_code -mGLOB_preemption_model=3 -mGLOB_cxx_limited_range=FALSE -mCG_extend_parms=FALSE -mGLOB_compiler_bin_directory=/apps/all/intel-compilers/2021.1.2/compiler/2021.1.2/linux/bin/intel64/../../bin/intel64 -mGLOB_as_output_backup_file_name=/tmp/pbs.562647.isrv1/iccB91fpgas_.s -mGLOB_dashboard_use_source_name -mIPOPT_activate -mGLOB_product_id_code=0x22006d93 -mGLOB_advanced_optim=TRUE -mGLOB_cpu_x=Host -mP3OPT_use_mspp_call_convention -mP2OPT_subs_out_of_bound=FALSE -mP2OPT_disam_type_based_disam=2 -mP2OPT_disam_assume_ansi_c -mP2OPT_checked_disam_ansi_alias=TRUE -mGLOB_ansi_alias -mPGOPTI_value_profile_use=T -mGLOB_opt_report_use_source_name -mP2OPT_il0_array_sections=TRUE -mGLOB_offload_mode=1 -mGLOB_offload_no_openmp=TRUE -mP2OPT_offload_unique_var_string=icc0836461469D2Lzw0 -mGLOB_opt_level=3 -mP2OPT_hlo_level=3 -mP2OPT_hlo -mP2OPT_hpo_rtt_control=0 -mIPOPT_args_in_regs=0 -mP2OPT_disam_assume_nonstd_intent_in=FALSE -mGLOB_imf_mapping_library=/apps/all/intel-compilers/2021.1.2/compiler/2021.1.2/linux/bin/intel64/../../bin/intel64/libiml_attr.so -mPGOPTI_gen_threadsafe_level=0 -mIPOPT_link -mIPOPT_ipo_activate -mIPOPT_mo_activate -mIPOPT_source_files_list=/tmp/pbs.562647.isrv1/iccslishqKOlL -mIPOPT_mo_global_data -mIPOPT_link_script_file=/tmp/pbs.562647.isrv1/iccscriptB7fxSv "-mIPOPT_cmdline_link="/lib/../lib64/crt1.o" "/lib/../lib64/crti.o" "/apps/all/GCCcore/10.2.0/lib/gcc/x86_64-pc-linux-gnu/10.2.0/crtbegin.o" "--eh-frame-hdr" "--build-id" "-dynamic-linker" "/lib64/ld-linux-x86-64.so.2" "-m" "elf_x86_64" "-o" "cmTC_45a66" "-L/apps/all/intel-compilers/2021.1.2/compiler/2021.1.2/linux/compiler/lib/intel64_lin" "-L/apps/all/intel-compilers/2021.1.2/compiler/2021.1.2/linux/lib/x64" "-L/apps/all/intel-compilers/2021.1.2/compiler/2021.1.2/linux/lib" "-L/apps/all/binutils/2.35-GCCcore-10.2.0/lib" "-L/apps/all/zlib/1.2.11-GCCcore-10.2.0/lib" "-L/apps/all/libarchive/3.4.3-GCCcore-9.3.0/lib" "-L/apps/all/cURL/7.72.0-GCCcore-9.3.0/lib" "-L/apps/all/bzip2/1.0.8-GCCcore-9.3.0/lib" "-L/apps/all/ncurses/6.2-GCCcore-9.3.0/lib" "-L/apps/all/intel-compilers/2021.1.2/compiler/2021.1.2/linux/bin/intel64/../../compiler/lib/intel64_lin" "-L/apps/all/binutils/2.35-GCCcore-10.2.0/lib/../lib64" "-L/apps/all/binutils/2.35-GCCcore-10.2.0/lib/../lib64/" "-L/apps/all/zlib/1.2.11-GCCcore-10.2.0/lib/../lib64" "-L/apps/all/zlib/1.2.11-GCCcore-10.2.0/lib/../lib64/" "-L/apps/all/libarchive/3.4.3-GCCcore-9.3.0/lib/../lib64" "-L/apps/all/libarchive/3.4.3-GCCcore-9.3.0/lib/../lib64/" "-L/apps/all/cURL/7.72.0-GCCcore-9.3.0/lib/../lib64" "-L/apps/all/cURL/7.72.0-GCCcore-9.3.0/lib/../lib64/" "-L/apps/all/GCCcore/10.2.0/lib/gcc/x86_64-pc-linux-gnu/10.2.0/" "-L/apps/all/GCCcore/10.2.0/lib/gcc/x86_64-pc-linux-gnu/10.2.0/../../../../lib64" "-L/apps/all/GCCcore/10.2.0/lib/gcc/x86_64-pc-linux-gnu/10.2.0/../../../../lib64/" "-L/lib/../lib64" "-L/lib/../lib64/" "-L/usr/lib/../lib64" "-L/usr/lib/../lib64/" "-L/apps/all/intel-compilers/2021.1.2/compiler/2021.1.2/linux/compiler/lib/intel64_lin/" "-L/apps/all/intel-compilers/2021.1.2/compiler/2021.1.2/linux/lib/x64/" "-L/apps/all/intel-compilers/2021.1.2/compiler/2021.1.2/linux/lib/" "-L/apps/all/binutils/2.35-GCCcore-10.2.0/lib64" "-L/apps/all/binutils/2.35-GCCcore-10.2.0/lib/" "-L/apps/all/zlib/1.2.11-GCCcore-10.2.0/lib64" "-L/apps/all/zlib/1.2.11-GCCcore-10.2.0/lib/" "-L/apps/all/libarchive/3.4.3-GCCcore-9.3.0/lib64" "-L/apps/all/libarchive/3.4.3-GCCcore-9.3.0/lib/" "-L/apps/all/cURL/7.72.0-GCCcore-9.3.0/lib64" "-L/apps/all/cURL/7.72.0-GCCcore-9.3.0/lib/" "-L/apps/all/bzip2/1.0.8-GCCcore-9.3.0/lib/" "-L/apps/all/ncurses/6.2-GCCcore-9.3.0/lib/" "-L/apps/all/GCCcore/10.2.0/lib/gcc/x86_64-pc-linux-gnu/10.2.0/../../../" "-L/lib64" "-L/lib/" "-L/usr/lib64" "-L/usr/lib" "CMakeFiles/cmTC_45a66.dir/CMakeCCompilerABI.c.o" "-Bdynamic" "-Bstatic" "-limf" "-lsvml" "-lirng" "-Bdynamic" "-lm" "-Bstatic" "-lipgo" "-ldecimal" "--as-needed" "-Bdynamic" "-lcilkrts" "-lstdc++" "--no-as-needed" "-lgcc" "-lgcc_s" "-Bstatic" "-lirc" "-lsvml" "-Bdynamic" "-lc" "-lgcc" "-lgcc_s" "-Bstatic" "-lirc_s" "-Bdynamic" "-ldl" "-lc" "/apps/all/GCCcore/10.2.0/lib/gcc/x86_64-pc-linux-gnu/10.2.0/crtend.o" "/lib/../lib64/crtn.o"" -mIPOPT_il_in_obj -mIPOPT_ipo_activate_warn=FALSE -mIPOPT_obj_output_file_name=/tmp/pbs.562647.isrv1/ipo_icc7YJwbg.o -mIPOPT_whole_archive_fixup_file_name=/tmp/pbs.562647.isrv1/iccwarchxVq6sL -mGLOB_linker_version=2.35 -mGLOB_linker=ld -mGLOB_driver_tempfile_name=/tmp/pbs.562647.isrv1/icctempfile1nUd0v -mP3OPT_asm_target=P3OPT_ASM_TARGET_GAS -mGLOB_async_unwind_tables=TRUE -mGLOB_obj_output_file=/tmp/pbs.562647.isrv1/ipo_icc7YJwbg.o -mGLOB_source_dialect=GLOB_SOURCE_DIALECT_NONE -mP1OPT_source_file_name=ipo_out.c CMakeFiles/cmTC_45a66.dir/CMakeCCompilerABI.c.o -mIPOPT_object_files=T -mIPOPT_assembly_files=/tmp/pbs.562647.isrv1/iccalisfzeXeL -mIPOPT_generated_tempfiles=/tmp/pbs.562647.isrv1/iccelis1GxFLv -mIPOPT_embedded_object_base_name=/tmp/pbs.562647.isrv1/icceobj9HTnig -mIPOPT_cmdline_link_new_name=/tmp/pbs.562647.isrv1/iccllisRAh6O0
ld    /lib/../lib64/crt1.o /lib/../lib64/crti.o /apps/all/GCCcore/10.2.0/lib/gcc/x86_64-pc-linux-gnu/10.2.0/crtbegin.o --eh-frame-hdr --build-id -dynamic-linker /lib64/ld-linux-x86-64.so.2 -m elf_x86_64 -o cmTC_45a66 -L/apps/all/intel-compilers/2021.1.2/compiler/2021.1.2/linux/compiler/lib/intel64_lin -L/apps/all/intel-compilers/2021.1.2/compiler/2021.1.2/linux/lib/x64 -L/apps/all/intel-compilers/2021.1.2/compiler/2021.1.2/linux/lib -L/apps/all/binutils/2.35-GCCcore-10.2.0/lib -L/apps/all/zlib/1.2.11-GCCcore-10.2.0/lib -L/apps/all/libarchive/3.4.3-GCCcore-9.3.0/lib -L/apps/all/cURL/7.72.0-GCCcore-9.3.0/lib -L/apps/all/bzip2/1.0.8-GCCcore-9.3.0/lib -L/apps/all/ncurses/6.2-GCCcore-9.3.0/lib -L/apps/all/intel-compilers/2021.1.2/compiler/2021.1.2/linux/bin/intel64/../../compiler/lib/intel64_lin -L/apps/all/binutils/2.35-GCCcore-10.2.0/lib/../lib64 -L/apps/all/binutils/2.35-GCCcore-10.2.0/lib/../lib64/ -L/apps/all/zlib/1.2.11-GCCcore-10.2.0/lib/../lib64 -L/apps/all/zlib/1.2.11-GCCcore-10.2.0/lib/../lib64/ -L/apps/all/libarchive/3.4.3-GCCcore-9.3.0/lib/../lib64 -L/apps/all/libarchive/3.4.3-GCCcore-9.3.0/lib/../lib64/ -L/apps/all/cURL/7.72.0-GCCcore-9.3.0/lib/../lib64 -L/apps/all/cURL/7.72.0-GCCcore-9.3.0/lib/../lib64/ -L/apps/all/GCCcore/10.2.0/lib/gcc/x86_64-pc-linux-gnu/10.2.0/ -L/apps/all/GCCcore/10.2.0/lib/gcc/x86_64-pc-linux-gnu/10.2.0/../../../../lib64 -L/apps/all/GCCcore/10.2.0/lib/gcc/x86_64-pc-linux-gnu/10.2.0/../../../../lib64/ -L/lib/../lib64 -L/lib/../lib64/ -L/usr/lib/../lib64 -L/usr/lib/../lib64/ -L/apps/all/intel-compilers/2021.1.2/compiler/2021.1.2/linux/compiler/lib/intel64_lin/ -L/apps/all/intel-compilers/2021.1.2/compiler/2021.1.2/linux/lib/x64/ -L/apps/all/intel-compilers/2021.1.2/compiler/2021.1.2/linux/lib/ -L/apps/all/binutils/2.35-GCCcore-10.2.0/lib64 -L/apps/all/binutils/2.35-GCCcore-10.2.0/lib/ -L/apps/all/zlib/1.2.11-GCCcore-10.2.0/lib64 -L/apps/all/zlib/1.2.11-GCCcore-10.2.0/lib/ -L/apps/all/libarchive/3.4.3-GCCcore-9.3.0/lib64 -L/apps/all/libarchive/3.4.3-GCCcore-9.3.0/lib/ -L/apps/all/cURL/7.72.0-GCCcore-9.3.0/lib64 -L/apps/all/cURL/7.72.0-GCCcore-9.3.0/lib/ -L/apps/all/bzip2/1.0.8-GCCcore-9.3.0/lib/ -L/apps/all/ncurses/6.2-GCCcore-9.3.0/lib/ -L/apps/all/GCCcore/10.2.0/lib/gcc/x86_64-pc-linux-gnu/10.2.0/../../../ -L/lib64 -L/lib/ -L/usr/lib64 -L/usr/lib CMakeFiles/cmTC_45a66.dir/CMakeCCompilerABI.c.o -Bdynamic -Bstatic -limf -lsvml -lirng -Bdynamic -lm -Bstatic -lipgo -ldecimal --as-needed -Bdynamic -lcilkrts -lstdc++ --no-as-needed -lgcc -lgcc_s -Bstatic -lirc -lsvml -Bdynamic -lc -lgcc -lgcc_s -Bstatic -lirc_s -Bdynamic -ldl -lc /apps/all/GCCcore/10.2.0/lib/gcc/x86_64-pc-linux-gnu/10.2.0/crtend.o /lib/../lib64/crtn.o
gmake[1]: Leaving directory `/home/training/dd-21-22-89/Assignment/build_advisor/CMakeFiles/CMakeTmp'



Parsed C implicit include dir info from above output: rv=done
  found start of include info
  found start of implicit include info
    add: [/apps/all/binutils/2.35-GCCcore-10.2.0/include]
    add: [/apps/all/zlib/1.2.11-GCCcore-10.2.0/include]
    add: [/apps/all/libarchive/3.4.3-GCCcore-9.3.0/include]
    add: [/apps/all/cURL/7.72.0-GCCcore-9.3.0/include]
    add: [/apps/all/bzip2/1.0.8-GCCcore-9.3.0/include]
    add: [/apps/all/ncurses/6.2-GCCcore-9.3.0/include]
    add: [/apps/all/intel-compilers/2021.1.2/compiler/2021.1.2/linux/bin/intel64/../../compiler/include/intel64]
    add: [/apps/all/intel-compilers/2021.1.2/compiler/2021.1.2/linux/bin/intel64/../../compiler/include/icc]
    add: [/apps/all/intel-compilers/2021.1.2/compiler/2021.1.2/linux/bin/intel64/../../compiler/include]
    add: [/usr/local/include]
    add: [/apps/all/GCCcore/10.2.0/lib/gcc/x86_64-pc-linux-gnu/10.2.0/include]
    add: [/apps/all/GCCcore/10.2.0/include/]
    add: [/usr/include]
  end of search list found
  collapse include dir [/apps/all/binutils/2.35-GCCcore-10.2.0/include] ==> [/apps/all/binutils/2.35-GCCcore-10.2.0/include]
  collapse include dir [/apps/all/zlib/1.2.11-GCCcore-10.2.0/include] ==> [/apps/all/zlib/1.2.11-GCCcore-10.2.0/include]
  collapse include dir [/apps/all/libarchive/3.4.3-GCCcore-9.3.0/include] ==> [/apps/all/libarchive/3.4.3-GCCcore-9.3.0/include]
  collapse include dir [/apps/all/cURL/7.72.0-GCCcore-9.3.0/include] ==> [/apps/all/cURL/7.72.0-GCCcore-9.3.0/include]
  collapse include dir [/apps/all/bzip2/1.0.8-GCCcore-9.3.0/include] ==> [/apps/all/bzip2/1.0.8-GCCcore-9.3.0/include]
  collapse include dir [/apps/all/ncurses/6.2-GCCcore-9.3.0/include] ==> [/apps/all/ncurses/6.2-GCCcore-9.3.0/include]
  collapse include dir [/apps/all/intel-compilers/2021.1.2/compiler/2021.1.2/linux/bin/intel64/../../compiler/include/intel64] ==> [/apps/all/intel-compilers/2021.1.2/compiler/2021.1.2/linux/compiler/include/intel64]
  collapse include dir [/apps/all/intel-compilers/2021.1.2/compiler/2021.1.2/linux/bin/intel64/../../compiler/include/icc] ==> [/apps/all/intel-compilers/2021.1.2/compiler/2021.1.2/linux/compiler/include/icc]
  collapse include dir [/apps/all/intel-compilers/2021.1.2/compiler/2021.1.2/linux/bin/intel64/../../compiler/include] ==> [/apps/all/intel-compilers/2021.1.2/compiler/2021.1.2/linux/compiler/include]
  collapse include dir [/usr/local/include] ==> [/usr/local/include]
  collapse include dir [/apps/all/GCCcore/10.2.0/lib/gcc/x86_64-pc-linux-gnu/10.2.0/include] ==> [/apps/all/GCCcore/10.2.0/lib/gcc/x86_64-pc-linux-gnu/10.2.0/include]
  collapse include dir [/apps/all/GCCcore/10.2.0/include/] ==> [/apps/all/GCCcore/10.2.0/include]
  collapse include dir [/usr/include] ==> [/usr/include]
  implicit include dirs: [/apps/all/binutils/2.35-GCCcore-10.2.0/include;/apps/all/zlib/1.2.11-GCCcore-10.2.0/include;/apps/all/libarchive/3.4.3-GCCcore-9.3.0/include;/apps/all/cURL/7.72.0-GCCcore-9.3.0/include;/apps/all/bzip2/1.0.8-GCCcore-9.3.0/include;/apps/all/ncurses/6.2-GCCcore-9.3.0/include;/apps/all/intel-compilers/2021.1.2/compiler/2021.1.2/linux/compiler/include/intel64;/apps/all/intel-compilers/2021.1.2/compiler/2021.1.2/linux/compiler/include/icc;/apps/all/intel-compilers/2021.1.2/compiler/2021.1.2/linux/compiler/include;/usr/local/include;/apps/all/GCCcore/10.2.0/lib/gcc/x86_64-pc-linux-gnu/10.2.0/include;/apps/all/GCCcore/10.2.0/include;/usr/include]


Parsed C implicit link information from above output:
  link line regex: [^( *|.*[/\])(ld|CMAKE_LINK_STARTFILE-NOTFOUND|([^/\]+-)?ld|collect2)[^/\]*( |$)]
  ignore line: [Change Dir: /home/training/dd-21-22-89/Assignment/build_advisor/CMakeFiles/CMakeTmp]
  ignore line: []
  ignore line: [Run Build Command(s):/bin/gmake -f Makefile cmTC_45a66/fast && /bin/gmake  -f CMakeFiles/cmTC_45a66.dir/build.make CMakeFiles/cmTC_45a66.dir/build]
  ignore line: [gmake[1]: Entering directory `/home/training/dd-21-22-89/Assignment/build_advisor/CMakeFiles/CMakeTmp']
  ignore line: [Building C object CMakeFiles/cmTC_45a66.dir/CMakeCCompilerABI.c.o]
  ignore line: [/apps/all/intel-compilers/2021.1.2/compiler/2021.1.2/linux/bin/intel64/icc   -O3 -fPIC -xHost    -v -MD -MT CMakeFiles/cmTC_45a66.dir/CMakeCCompilerABI.c.o -MF CMakeFiles/cmTC_45a66.dir/CMakeCCompilerABI.c.o.d -o CMakeFiles/cmTC_45a66.dir/CMakeCCompilerABI.c.o -c /apps/all/CMake/3.21.2-GCCcore-9.3.0/share/cmake-3.21/Modules/CMakeCCompilerABI.c]
  ignore line: [icc version 2021.1.2 (gcc version 10.2.0 compatibility)]
  ignore line: [/apps/all/intel-compilers/2021.1.2/compiler/2021.1.2/linux/bin/intel64/../../bin/intel64/mcpcom    --target_efi2 --lang=c -oCMakeFiles/cmTC_45a66.dir/CMakeCCompilerABI.c.o -_g -mP3OPT_inline_alloca -D__ICC=2021 -D__INTEL_COMPILER=2021 -D__INTEL_COMPILER_UPDATE=1 -D__PTRDIFF_TYPE__=long "-D__SIZE_TYPE__=unsigned long" -D__WCHAR_TYPE__=int "-D__WINT_TYPE__=unsigned int" "-D__INTMAX_TYPE__=long int" "-D__UINTMAX_TYPE__=long unsigned int" -D__LONG_MAX__=9223372036854775807L -D__QMSPP_ -D__OPTIMIZE__ -D__NO_MATH_INLINES -D__NO_STRING_INLINES -D__GNUC_GNU_INLINE__ -D__GNUC__=10 -D__GNUC_MINOR__=2 -D__GNUC_PATCHLEVEL__=0 -D__LP64__ -D_LP64 -D__GXX_ABI_VERSION=1010 "-D__USER_LABEL_PREFIX__= " -D__REGISTER_PREFIX__= -D__INTEL_RTTI__ -D__unix__ -D__unix -D__linux__ -D__linux -D__gnu_linux__ -B -Dunix -Dlinux "-_Asystem(unix)" -D__ELF__ -D__x86_64 -D__x86_64__ -D__amd64 -D__amd64__ "-_Acpu(x86_64)" "-_Amachine(x86_64)" -D__INTEL_COMPILER_BUILD_DATE=20201208 -D__PIC__ -D__pic__ -D__INTEL_OFFLOAD -D__MMX__ -D__SSE__ -D__SSE_MATH__ -D__SSE2__ -D__SSE2_MATH__ -D__SSE3__ -D__SSSE3__ -D__SSE4_1__ -D__SSE4_2__ -D__POPCNT__ -D__PCLMUL__ -D__AES__ -D__AVX__ -D__F16C__ -D__AVX_I__ -D__RDRND__ -D__FMA__ -D__FP_FAST_FMA -D__FP_FAST_FMAF -D__BMI__ -D__LZCNT__ -D__RTM__ -D__AVX2__ -D__AVX512F__ -D__AVX512DQ__ -D__ADX__ -D__RDSEED__ -D__AVX512CD__ -D__MPX__ -D__AVX512BW__ -D__AVX512VL__ -D__AVX512VNNI__ -D__CLWB__ -_k -_8 -_l --has_new_stdarg_support -_a -_b --gnu_version=100200 -_W5 --openmp_simd --noopenmp_offload --dependency_file_name CMakeFiles/cmTC_45a66.dir/CMakeCCompilerABI.c.o.d --compile_dependencies --dependency_target_name CMakeFiles/cmTC_45a66.dir/CMakeCCompilerABI.c.o --multibyte_chars -mGLOB_diag_suppress_sys --system_preinclude /usr/include/stdc-predef.h -I/apps/all/binutils/2.35-GCCcore-10.2.0/include -I/apps/all/zlib/1.2.11-GCCcore-10.2.0/include -I/apps/all/libarchive/3.4.3-GCCcore-9.3.0/include -I/apps/all/cURL/7.72.0-GCCcore-9.3.0/include -I/apps/all/bzip2/1.0.8-GCCcore-9.3.0/include -I/apps/all/ncurses/6.2-GCCcore-9.3.0/include --array_section --simd --simd_func --offload_mode=1 --offload_target_names=mic MIC --offload_unique_string=icc1026830304QD2thY -mGLOB_em64t=TRUE -mP1OPT_version=2021.1.2-intel64 -mGLOB_diag_file=CMakeFiles/cmTC_45a66.dir/CMakeCCompilerABI.c.diag -mGLOB_long_size_64 -mGLOB_routine_pointer_size_64 -mP1OPT_print_version=FALSE -mCG_use_gas_got_workaround=F -mP2OPT_align_option_used=TRUE -mGLOB_gcc_version=1020 "-mGLOB_options_string=-O3 -fPIC -xHost -v -MD -MT CMakeFiles/cmTC_45a66.dir/CMakeCCompilerABI.c.o -MF CMakeFiles/cmTC_45a66.dir/CMakeCCompilerABI.c.o.d -o CMakeFiles/cmTC_45a66.dir/CMakeCCompilerABI.c.o -c" -mGLOB_position_independent_code -mGLOB_preemption_model=3 -mGLOB_cxx_limited_range=FALSE -mCG_extend_parms=FALSE -mGLOB_compiler_bin_directory=/apps/all/intel-compilers/2021.1.2/compiler/2021.1.2/linux/bin/intel64/../../bin/intel64 -mGLOB_as_output_backup_file_name=/tmp/pbs.562647.isrv1/icc5pKItdas_.s -mIPOPT_activate -mIPOPT_lite -mGLOB_uarch_tuning=0x0 -mGLOB_product_id_code=0x22006d93 -mCG_bnl_movbe=T -mGLOB_advanced_optim=TRUE -mGLOB_cpu_x=Host -mP3OPT_use_mspp_call_convention -mP2OPT_subs_out_of_bound=FALSE -mP2OPT_disam_type_based_disam=2 -mP2OPT_disam_assume_ansi_c -mP2OPT_checked_disam_ansi_alias=TRUE -mGLOB_ansi_alias -mPGOPTI_value_profile_use=T -mP2OPT_il0_array_sections=TRUE -mGLOB_offload_mode=1 -mGLOB_offload_no_openmp=TRUE -mP2OPT_offload_unique_var_string=icc1026830304QD2thY -mGLOB_opt_level=3 -mP2OPT_hlo_level=3 -mP2OPT_hlo -mP2OPT_hpo_rtt_control=0 -mIPOPT_args_in_regs=0 -mP2OPT_disam_assume_nonstd_intent_in=FALSE -mGLOB_imf_mapping_library=/apps/all/intel-compilers/2021.1.2/compiler/2021.1.2/linux/bin/intel64/../../bin/intel64/libiml_attr.so -mPGOPTI_gen_threadsafe_level=0 -mIPOPT_lto_object_enabled -mIPOPT_lto_object_value=1 -mIPOPT_obj_output_file_name=CMakeFiles/cmTC_45a66.dir/CMakeCCompilerABI.c.o -mIPOPT_whole_archive_fixup_file_name=/tmp/pbs.562647.isrv1/iccwarchlIxVhI -mGLOB_linker_version=2.35 -mGLOB_linker=ld -mGLOB_driver_tempfile_name=/tmp/pbs.562647.isrv1/icctempfile2wYaHs -mP3OPT_asm_target=P3OPT_ASM_TARGET_GAS -mGLOB_async_unwind_tables=TRUE -mGLOB_obj_output_file=CMakeFiles/cmTC_45a66.dir/CMakeCCompilerABI.c.o -mGLOB_source_dialect=GLOB_SOURCE_DIALECT_C -mP1OPT_source_file_name=/apps/all/CMake/3.21.2-GCCcore-9.3.0/share/cmake-3.21/Modules/CMakeCCompilerABI.c -mP1OPT_full_source_file_name=/apps/all/CMake/3.21.2-GCCcore-9.3.0/share/cmake-3.21/Modules/CMakeCCompilerABI.c /apps/all/CMake/3.21.2-GCCcore-9.3.0/share/cmake-3.21/Modules/CMakeCCompilerABI.c]
  ignore line: [#include "..." search starts here:]
  ignore line: [#include <...> search starts here:]
  ignore line: [ /apps/all/binutils/2.35-GCCcore-10.2.0/include]
  ignore line: [ /apps/all/zlib/1.2.11-GCCcore-10.2.0/include]
  ignore line: [ /apps/all/libarchive/3.4.3-GCCcore-9.3.0/include]
  ignore line: [ /apps/all/cURL/7.72.0-GCCcore-9.3.0/include]
  ignore line: [ /apps/all/bzip2/1.0.8-GCCcore-9.3.0/include]
  ignore line: [ /apps/all/ncurses/6.2-GCCcore-9.3.0/include]
  ignore line: [ /apps/all/intel-compilers/2021.1.2/compiler/2021.1.2/linux/bin/intel64/../../compiler/include/intel64]
  ignore line: [ /apps/all/intel-compilers/2021.1.2/compiler/2021.1.2/linux/bin/intel64/../../compiler/include/icc]
  ignore line: [ /apps/all/intel-compilers/2021.1.2/compiler/2021.1.2/linux/bin/intel64/../../compiler/include]
  ignore line: [ /usr/local/include]
  ignore line: [ /apps/all/GCCcore/10.2.0/lib/gcc/x86_64-pc-linux-gnu/10.2.0/include]
  ignore line: [ /apps/all/GCCcore/10.2.0/include/]
  ignore line: [ /usr/include]
  ignore line: [End of search list.]
  ignore line: [Linking C executable cmTC_45a66]
  ignore line: [/apps/all/CMake/3.21.2-GCCcore-9.3.0/bin/cmake -E cmake_link_script CMakeFiles/cmTC_45a66.dir/link.txt --verbose=1]
  ignore line: [/apps/all/intel-compilers/2021.1.2/compiler/2021.1.2/linux/bin/intel64/icc -O3 -fPIC -xHost   -v CMakeFiles/cmTC_45a66.dir/CMakeCCompilerABI.c.o -o cmTC_45a66 ]
  ignore line: [icc version 2021.1.2 (gcc version 10.2.0 compatibility)]
  ignore line: [/apps/all/intel-compilers/2021.1.2/compiler/2021.1.2/linux/bin/intel64/../../bin/intel64/mcpcom    -mGLOB_em64t=TRUE -mP1OPT_version=2021.1.2-intel64 -mGLOB_diag_file=CMakeFiles/cmTC_45a66.dir/CMakeCCompilerABI.c.diag -mGLOB_long_size_64 -mGLOB_routine_pointer_size_64 -mP1OPT_print_version=FALSE -mCG_use_gas_got_workaround=F -mP2OPT_align_option_used=TRUE -mGLOB_gcc_version=1020 "-mGLOB_options_string=-O3 -fPIC -xHost -v -o cmTC_45a66" -mGLOB_position_independent_code -mGLOB_preemption_model=3 -mGLOB_cxx_limited_range=FALSE -mCG_extend_parms=FALSE -mGLOB_compiler_bin_directory=/apps/all/intel-compilers/2021.1.2/compiler/2021.1.2/linux/bin/intel64/../../bin/intel64 -mGLOB_as_output_backup_file_name=/tmp/pbs.562647.isrv1/iccB91fpgas_.s -mGLOB_dashboard_use_source_name -mIPOPT_activate -mGLOB_product_id_code=0x22006d93 -mGLOB_advanced_optim=TRUE -mGLOB_cpu_x=Host -mP3OPT_use_mspp_call_convention -mP2OPT_subs_out_of_bound=FALSE -mP2OPT_disam_type_based_disam=2 -mP2OPT_disam_assume_ansi_c -mP2OPT_checked_disam_ansi_alias=TRUE -mGLOB_ansi_alias -mPGOPTI_value_profile_use=T -mGLOB_opt_report_use_source_name -mP2OPT_il0_array_sections=TRUE -mGLOB_offload_mode=1 -mGLOB_offload_no_openmp=TRUE -mP2OPT_offload_unique_var_string=icc0836461469D2Lzw0 -mGLOB_opt_level=3 -mP2OPT_hlo_level=3 -mP2OPT_hlo -mP2OPT_hpo_rtt_control=0 -mIPOPT_args_in_regs=0 -mP2OPT_disam_assume_nonstd_intent_in=FALSE -mGLOB_imf_mapping_library=/apps/all/intel-compilers/2021.1.2/compiler/2021.1.2/linux/bin/intel64/../../bin/intel64/libiml_attr.so -mPGOPTI_gen_threadsafe_level=0 -mIPOPT_link -mIPOPT_ipo_activate -mIPOPT_mo_activate -mIPOPT_source_files_list=/tmp/pbs.562647.isrv1/iccslishqKOlL -mIPOPT_mo_global_data -mIPOPT_link_script_file=/tmp/pbs.562647.isrv1/iccscriptB7fxSv "-mIPOPT_cmdline_link="/lib/../lib64/crt1.o" "/lib/../lib64/crti.o" "/apps/all/GCCcore/10.2.0/lib/gcc/x86_64-pc-linux-gnu/10.2.0/crtbegin.o" "--eh-frame-hdr" "--build-id" "-dynamic-linker" "/lib64/ld-linux-x86-64.so.2" "-m" "elf_x86_64" "-o" "cmTC_45a66" "-L/apps/all/intel-compilers/2021.1.2/compiler/2021.1.2/linux/compiler/lib/intel64_lin" "-L/apps/all/intel-compilers/2021.1.2/compiler/2021.1.2/linux/lib/x64" "-L/apps/all/intel-compilers/2021.1.2/compiler/2021.1.2/linux/lib" "-L/apps/all/binutils/2.35-GCCcore-10.2.0/lib" "-L/apps/all/zlib/1.2.11-GCCcore-10.2.0/lib" "-L/apps/all/libarchive/3.4.3-GCCcore-9.3.0/lib" "-L/apps/all/cURL/7.72.0-GCCcore-9.3.0/lib" "-L/apps/all/bzip2/1.0.8-GCCcore-9.3.0/lib" "-L/apps/all/ncurses/6.2-GCCcore-9.3.0/lib" "-L/apps/all/intel-compilers/2021.1.2/compiler/2021.1.2/linux/bin/intel64/../../compiler/lib/intel64_lin" "-L/apps/all/binutils/2.35-GCCcore-10.2.0/lib/../lib64" "-L/apps/all/binutils/2.35-GCCcore-10.2.0/lib/../lib64/" "-L/apps/all/zlib/1.2.11-GCCcore-10.2.0/lib/../lib64" "-L/apps/all/zlib/1.2.11-GCCcore-10.2.0/lib/../lib64/" "-L/apps/all/libarchive/3.4.3-GCCcore-9.3.0/lib/../lib64" "-L/apps/all/libarchive/3.4.3-GCCcore-9.3.0/lib/../lib64/" "-L/apps/all/cURL/7.72.0-GCCcore-9.3.0/lib/../lib64" "-L/apps/all/cURL/7.72.0-GCCcore-9.3.0/lib/../lib64/" "-L/apps/all/GCCcore/10.2.0/lib/gcc/x86_64-pc-linux-gnu/10.2.0/" "-L/apps/all/GCCcore/10.2.0/lib/gcc/x86_64-pc-linux-gnu/10.2.0/../../../../lib64" "-L/apps/all/GCCcore/10.2.0/lib/gcc/x86_64-pc-linux-gnu/10.2.0/../../../../lib64/" "-L/lib/../lib64" "-L/lib/../lib64/" "-L/usr/lib/../lib64" "-L/usr/lib/../lib64/" "-L/apps/all/intel-compilers/2021.1.2/compiler/2021.1.2/linux/compiler/lib/intel64_lin/" "-L/apps/all/intel-compilers/2021.1.2/compiler/2021.1.2/linux/lib/x64/" "-L/apps/all/intel-compilers/2021.1.2/compiler/2021.1.2/linux/lib/" "-L/apps/all/binutils/2.35-GCCcore-10.2.0/lib64" "-L/apps/all/binutils/2.35-GCCcore-10.2.0/lib/" "-L/apps/all/zlib/1.2.11-GCCcore-10.2.0/lib64" "-L/apps/all/zlib/1.2.11-GCCcore-10.2.0/lib/" "-L/apps/all/libarchive/3.4.3-GCCcore-9.3.0/lib64" "-L/apps/all/libarchive/3.4.3-GCCcore-9.3.0/lib/" "-L/apps/all/cURL/7.72.0-GCCcore-9.3.0/lib64" "-L/apps/all/cURL/7.72.0-GCCcore-9.3.0/lib/" "-L/apps/all/bzip2/1.0.8-GCCcore-9.3.0/lib/" "-L/apps/all/ncurses/6.2-GCCcore-9.3.0/lib/" "-L/apps/all/GCCcore/10.2.0/lib/gcc/x86_64-pc-linux-gnu/10.2.0/../../../" "-L/lib64" "-L/lib/" "-L/usr/lib64" "-L/usr/lib" "CMakeFiles/cmTC_45a66.dir/CMakeCCompilerABI.c.o" "-Bdynamic" "-Bstatic" "-limf" "-lsvml" "-lirng" "-Bdynamic" "-lm" "-Bstatic" "-lipgo" "-ldecimal" "--as-needed" "-Bdynamic" "-lcilkrts" "-lstdc++" "--no-as-needed" "-lgcc" "-lgcc_s" "-Bstatic" "-lirc" "-lsvml" "-Bdynamic" "-lc" "-lgcc" "-lgcc_s" "-Bstatic" "-lirc_s" "-Bdynamic" "-ldl" "-lc" "/apps/all/GCCcore/10.2.0/lib/gcc/x86_64-pc-linux-gnu/10.2.0/crtend.o" "/lib/../lib64/crtn.o"" -mIPOPT_il_in_obj -mIPOPT_ipo_activate_warn=FALSE -mIPOPT_obj_output_file_name=/tmp/pbs.562647.isrv1/ipo_icc7YJwbg.o -mIPOPT_whole_archive_fixup_file_name=/tmp/pbs.562647.isrv1/iccwarchxVq6sL -mGLOB_linker_version=2.35 -mGLOB_linker=ld -mGLOB_driver_tempfile_name=/tmp/pbs.562647.isrv1/icctempfile1nUd0v -mP3OPT_asm_target=P3OPT_ASM_TARGET_GAS -mGLOB_async_unwind_tables=TRUE -mGLOB_obj_output_file=/tmp/pbs.562647.isrv1/ipo_icc7YJwbg.o -mGLOB_source_dialect=GLOB_SOURCE_DIALECT_NONE -mP1OPT_source_file_name=ipo_out.c CMakeFiles/cmTC_45a66.dir/CMakeCCompilerABI.c.o -mIPOPT_object_files=T -mIPOPT_assembly_files=/tmp/pbs.562647.isrv1/iccalisfzeXeL -mIPOPT_generated_tempfiles=/tmp/pbs.562647.isrv1/iccelis1GxFLv -mIPOPT_embedded_object_base_name=/tmp/pbs.562647.isrv1/icceobj9HTnig -mIPOPT_cmdline_link_new_name=/tmp/pbs.562647.isrv1/iccllisRAh6O0]
  link line: [ld    /lib/../lib64/crt1.o /lib/../lib64/crti.o /apps/all/GCCcore/10.2.0/lib/gcc/x86_64-pc-linux-gnu/10.2.0/crtbegin.o --eh-frame-hdr --build-id -dynamic-linker /lib64/ld-linux-x86-64.so.2 -m elf_x86_64 -o cmTC_45a66 -L/apps/all/intel-compilers/2021.1.2/compiler/2021.1.2/linux/compiler/lib/intel64_lin -L/apps/all/intel-compilers/2021.1.2/compiler/2021.1.2/linux/lib/x64 -L/apps/all/intel-compilers/2021.1.2/compiler/2021.1.2/linux/lib -L/apps/all/binutils/2.35-GCCcore-10.2.0/lib -L/apps/all/zlib/1.2.11-GCCcore-10.2.0/lib -L/apps/all/libarchive/3.4.3-GCCcore-9.3.0/lib -L/apps/all/cURL/7.72.0-GCCcore-9.3.0/lib -L/apps/all/bzip2/1.0.8-GCCcore-9.3.0/lib -L/apps/all/ncurses/6.2-GCCcore-9.3.0/lib -L/apps/all/intel-compilers/2021.1.2/compiler/2021.1.2/linux/bin/intel64/../../compiler/lib/intel64_lin -L/apps/all/binutils/2.35-GCCcore-10.2.0/lib/../lib64 -L/apps/all/binutils/2.35-GCCcore-10.2.0/lib/../lib64/ -L/apps/all/zlib/1.2.11-GCCcore-10.2.0/lib/../lib64 -L/apps/all/zlib/1.2.11-GCCcore-10.2.0/lib/../lib64/ -L/apps/all/libarchive/3.4.3-GCCcore-9.3.0/lib/../lib64 -L/apps/all/libarchive/3.4.3-GCCcore-9.3.0/lib/../lib64/ -L/apps/all/cURL/7.72.0-GCCcore-9.3.0/lib/../lib64 -L/apps/all/cURL/7.72.0-GCCcore-9.3.0/lib/../lib64/ -L/apps/all/GCCcore/10.2.0/lib/gcc/x86_64-pc-linux-gnu/10.2.0/ -L/apps/all/GCCcore/10.2.0/lib/gcc/x86_64-pc-linux-gnu/10.2.0/../../../../lib64 -L/apps/all/GCCcore/10.2.0/lib/gcc/x86_64-pc-linux-gnu/10.2.0/../../../../lib64/ -L/lib/../lib64 -L/lib/../lib64/ -L/usr/lib/../lib64 -L/usr/lib/../lib64/ -L/apps/all/intel-compilers/2021.1.2/compiler/2021.1.2/linux/compiler/lib/intel64_lin/ -L/apps/all/intel-compilers/2021.1.2/compiler/2021.1.2/linux/lib/x64/ -L/apps/all/intel-compilers/2021.1.2/compiler/2021.1.2/linux/lib/ -L/apps/all/binutils/2.35-GCCcore-10.2.0/lib64 -L/apps/all/binutils/2.35-GCCcore-10.2.0/lib/ -L/apps/all/zlib/1.2.11-GCCcore-10.2.0/lib64 -L/apps/all/zlib/1.2.11-GCCcore-10.2.0/lib/ -L/apps/all/libarchive/3.4.3-GCCcore-9.3.0/lib64 -L/apps/all/libarchive/3.4.3-GCCcore-9.3.0/lib/ -L/apps/all/cURL/7.72.0-GCCcore-9.3.0/lib64 -L/apps/all/cURL/7.72.0-GCCcore-9.3.0/lib/ -L/apps/all/bzip2/1.0.8-GCCcore-9.3.0/lib/ -L/apps/all/ncurses/6.2-GCCcore-9.3.0/lib/ -L/apps/all/GCCcore/10.2.0/lib/gcc/x86_64-pc-linux-gnu/10.2.0/../../../ -L/lib64 -L/lib/ -L/usr/lib64 -L/usr/lib CMakeFiles/cmTC_45a66.dir/CMakeCCompilerABI.c.o -Bdynamic -Bstatic -limf -lsvml -lirng -Bdynamic -lm -Bstatic -lipgo -ldecimal --as-needed -Bdynamic -lcilkrts -lstdc++ --no-as-needed -lgcc -lgcc_s -Bstatic -lirc -lsvml -Bdynamic -lc -lgcc -lgcc_s -Bstatic -lirc_s -Bdynamic -ldl -lc /apps/all/GCCcore/10.2.0/lib/gcc/x86_64-pc-linux-gnu/10.2.0/crtend.o /lib/../lib64/crtn.o]
    arg [ld] ==> ignore
    arg [/lib/../lib64/crt1.o] ==> obj [/lib/../lib64/crt1.o]
    arg [/lib/../lib64/crti.o] ==> obj [/lib/../lib64/crti.o]
    arg [/apps/all/GCCcore/10.2.0/lib/gcc/x86_64-pc-linux-gnu/10.2.0/crtbegin.o] ==> obj [/apps/all/GCCcore/10.2.0/lib/gcc/x86_64-pc-linux-gnu/10.2.0/crtbegin.o]
    arg [--eh-frame-hdr] ==> ignore
    arg [--build-id] ==> ignore
    arg [-dynamic-linker] ==> ignore
    arg [/lib64/ld-linux-x86-64.so.2] ==> ignore
    arg [-m] ==> ignore
    arg [elf_x86_64] ==> ignore
    arg [-o] ==> ignore
    arg [cmTC_45a66] ==> ignore
    arg [-L/apps/all/intel-compilers/2021.1.2/compiler/2021.1.2/linux/compiler/lib/intel64_lin] ==> dir [/apps/all/intel-compilers/2021.1.2/compiler/2021.1.2/linux/compiler/lib/intel64_lin]
    arg [-L/apps/all/intel-compilers/2021.1.2/compiler/2021.1.2/linux/lib/x64] ==> dir [/apps/all/intel-compilers/2021.1.2/compiler/2021.1.2/linux/lib/x64]
    arg [-L/apps/all/intel-compilers/2021.1.2/compiler/2021.1.2/linux/lib] ==> dir [/apps/all/intel-compilers/2021.1.2/compiler/2021.1.2/linux/lib]
    arg [-L/apps/all/binutils/2.35-GCCcore-10.2.0/lib] ==> dir [/apps/all/binutils/2.35-GCCcore-10.2.0/lib]
    arg [-L/apps/all/zlib/1.2.11-GCCcore-10.2.0/lib] ==> dir [/apps/all/zlib/1.2.11-GCCcore-10.2.0/lib]
    arg [-L/apps/all/libarchive/3.4.3-GCCcore-9.3.0/lib] ==> dir [/apps/all/libarchive/3.4.3-GCCcore-9.3.0/lib]
    arg [-L/apps/all/cURL/7.72.0-GCCcore-9.3.0/lib] ==> dir [/apps/all/cURL/7.72.0-GCCcore-9.3.0/lib]
    arg [-L/apps/all/bzip2/1.0.8-GCCcore-9.3.0/lib] ==> dir [/apps/all/bzip2/1.0.8-GCCcore-9.3.0/lib]
    arg [-L/apps/all/ncurses/6.2-GCCcore-9.3.0/lib] ==> dir [/apps/all/ncurses/6.2-GCCcore-9.3.0/lib]
    arg [-L/apps/all/intel-compilers/2021.1.2/compiler/2021.1.2/linux/bin/intel64/../../compiler/lib/intel64_lin] ==> dir [/apps/all/intel-compilers/2021.1.2/compiler/2021.1.2/linux/bin/intel64/../../compiler/lib/intel64_lin]
    arg [-L/apps/all/binutils/2.35-GCCcore-10.2.0/lib/../lib64] ==> dir [/apps/all/binutils/2.35-GCCcore-10.2.0/lib/../lib64]
    arg [-L/apps/all/binutils/2.35-GCCcore-10.2.0/lib/../lib64/] ==> dir [/apps/all/binutils/2.35-GCCcore-10.2.0/lib/../lib64/]
    arg [-L/apps/all/zlib/1.2.11-GCCcore-10.2.0/lib/../lib64] ==> dir [/apps/all/zlib/1.2.11-GCCcore-10.2.0/lib/../lib64]
    arg [-L/apps/all/zlib/1.2.11-GCCcore-10.2.0/lib/../lib64/] ==> dir [/apps/all/zlib/1.2.11-GCCcore-10.2.0/lib/../lib64/]
    arg [-L/apps/all/libarchive/3.4.3-GCCcore-9.3.0/lib/../lib64] ==> dir [/apps/all/libarchive/3.4.3-GCCcore-9.3.0/lib/../lib64]
    arg [-L/apps/all/libarchive/3.4.3-GCCcore-9.3.0/lib/../lib64/] ==> dir [/apps/all/libarchive/3.4.3-GCCcore-9.3.0/lib/../lib64/]
    arg [-L/apps/all/cURL/7.72.0-GCCcore-9.3.0/lib/../lib64] ==> dir [/apps/all/cURL/7.72.0-GCCcore-9.3.0/lib/../lib64]
    arg [-L/apps/all/cURL/7.72.0-GCCcore-9.3.0/lib/../lib64/] ==> dir [/apps/all/cURL/7.72.0-GCCcore-9.3.0/lib/../lib64/]
    arg [-L/apps/all/GCCcore/10.2.0/lib/gcc/x86_64-pc-linux-gnu/10.2.0/] ==> dir [/apps/all/GCCcore/10.2.0/lib/gcc/x86_64-pc-linux-gnu/10.2.0/]
    arg [-L/apps/all/GCCcore/10.2.0/lib/gcc/x86_64-pc-linux-gnu/10.2.0/../../../../lib64] ==> dir [/apps/all/GCCcore/10.2.0/lib/gcc/x86_64-pc-linux-gnu/10.2.0/../../../../lib64]
    arg [-L/apps/all/GCCcore/10.2.0/lib/gcc/x86_64-pc-linux-gnu/10.2.0/../../../../lib64/] ==> dir [/apps/all/GCCcore/10.2.0/lib/gcc/x86_64-pc-linux-gnu/10.2.0/../../../../lib64/]
    arg [-L/lib/../lib64] ==> dir [/lib/../lib64]
    arg [-L/lib/../lib64/] ==> dir [/lib/../lib64/]
    arg [-L/usr/lib/../lib64] ==> dir [/usr/lib/../lib64]
    arg [-L/usr/lib/../lib64/] ==> dir [/usr/lib/../lib64/]
    arg [-L/apps/all/intel-compilers/2021.1.2/compiler/2021.1.2/linux/compiler/lib/intel64_lin/] ==> dir [/apps/all/intel-compilers/2021.1.2/compiler/2021.1.2/linux/compiler/lib/intel64_lin/]
    arg [-L/apps/all/intel-compilers/2021.1.2/compiler/2021.1.2/linux/lib/x64/] ==> dir [/apps/all/intel-compilers/2021.1.2/compiler/2021.1.2/linux/lib/x64/]
    arg [-L/apps/all/intel-compilers/2021.1.2/compiler/2021.1.2/linux/lib/] ==> dir [/apps/all/intel-compilers/2021.1.2/compiler/2021.1.2/linux/lib/]
    arg [-L/apps/all/binutils/2.35-GCCcore-10.2.0/lib64] ==> dir [/apps/all/binutils/2.35-GCCcore-10.2.0/lib64]
    arg [-L/apps/all/binutils/2.35-GCCcore-10.2.0/lib/] ==> dir [/apps/all/binutils/2.35-GCCcore-10.2.0/lib/]
    arg [-L/apps/all/zlib/1.2.11-GCCcore-10.2.0/lib64] ==> dir [/apps/all/zlib/1.2.11-GCCcore-10.2.0/lib64]
    arg [-L/apps/all/zlib/1.2.11-GCCcore-10.2.0/lib/] ==> dir [/apps/all/zlib/1.2.11-GCCcore-10.2.0/lib/]
    arg [-L/apps/all/libarchive/3.4.3-GCCcore-9.3.0/lib64] ==> dir [/apps/all/libarchive/3.4.3-GCCcore-9.3.0/lib64]
    arg [-L/apps/all/libarchive/3.4.3-GCCcore-9.3.0/lib/] ==> dir [/apps/all/libarchive/3.4.3-GCCcore-9.3.0/lib/]
    arg [-L/apps/all/cURL/7.72.0-GCCcore-9.3.0/lib64] ==> dir [/apps/all/cURL/7.72.0-GCCcore-9.3.0/lib64]
    arg [-L/apps/all/cURL/7.72.0-GCCcore-9.3.0/lib/] ==> dir [/apps/all/cURL/7.72.0-GCCcore-9.3.0/lib/]
    arg [-L/apps/all/bzip2/1.0.8-GCCcore-9.3.0/lib/] ==> dir [/apps/all/bzip2/1.0.8-GCCcore-9.3.0/lib/]
    arg [-L/apps/all/ncurses/6.2-GCCcore-9.3.0/lib/] ==> dir [/apps/all/ncurses/6.2-GCCcore-9.3.0/lib/]
    arg [-L/apps/all/GCCcore/10.2.0/lib/gcc/x86_64-pc-linux-gnu/10.2.0/../../../] ==> dir [/apps/all/GCCcore/10.2.0/lib/gcc/x86_64-pc-linux-gnu/10.2.0/../../../]
    arg [-L/lib64] ==> dir [/lib64]
    arg [-L/lib/] ==> dir [/lib/]
    arg [-L/usr/lib64] ==> dir [/usr/lib64]
    arg [-L/usr/lib] ==> dir [/usr/lib]
    arg [CMakeFiles/cmTC_45a66.dir/CMakeCCompilerABI.c.o] ==> ignore
    arg [-Bdynamic] ==> search dynamic
    arg [-Bstatic] ==> search static
    arg [-limf] ==> lib [imf]
    arg [-lsvml] ==> lib [svml]
    arg [-lirng] ==> lib [irng]
    arg [-Bdynamic] ==> search dynamic
    arg [-lm] ==> lib [m]
    arg [-Bstatic] ==> search static
    arg [-lipgo] ==> lib [ipgo]
    arg [-ldecimal] ==> lib [decimal]
    arg [--as-needed] ==> ignore
    arg [-Bdynamic] ==> search dynamic
    arg [-lcilkrts] ==> lib [cilkrts]
    arg [-lstdc++] ==> lib [stdc++]
    arg [--no-as-needed] ==> ignore
    arg [-lgcc] ==> lib [gcc]
    arg [-lgcc_s] ==> lib [gcc_s]
    arg [-Bstatic] ==> search static
    arg [-lirc] ==> lib [irc]
    arg [-lsvml] ==> lib [svml]
    arg [-Bdynamic] ==> search dynamic
    arg [-lc] ==> lib [c]
    arg [-lgcc] ==> lib [gcc]
    arg [-lgcc_s] ==> lib [gcc_s]
    arg [-Bstatic] ==> search static
    arg [-lirc_s] ==> lib [irc_s]
    arg [-Bdynamic] ==> search dynamic
    arg [-ldl] ==> lib [dl]
    arg [-lc] ==> lib [c]
    arg [/apps/all/GCCcore/10.2.0/lib/gcc/x86_64-pc-linux-gnu/10.2.0/crtend.o] ==> obj [/apps/all/GCCcore/10.2.0/lib/gcc/x86_64-pc-linux-gnu/10.2.0/crtend.o]
    arg [/lib/../lib64/crtn.o] ==> obj [/lib/../lib64/crtn.o]
  collapse obj [/lib/../lib64/crt1.o] ==> [/lib64/crt1.o]
  collapse obj [/lib/../lib64/crti.o] ==> [/lib64/crti.o]
  collapse obj [/lib/../lib64/crtn.o] ==> [/lib64/crtn.o]
  collapse library dir [/apps/all/intel-compilers/2021.1.2/compiler/2021.1.2/linux/compiler/lib/intel64_lin] ==> [/apps/all/intel-compilers/2021.1.2/compiler/2021.1.2/linux/compiler/lib/intel64_lin]
  collapse library dir [/apps/all/intel-compilers/2021.1.2/compiler/2021.1.2/linux/lib/x64] ==> [/apps/all/intel-compilers/2021.1.2/compiler/2021.1.2/linux/lib/x64]
  collapse library dir [/apps/all/intel-compilers/2021.1.2/compiler/2021.1.2/linux/lib] ==> [/apps/all/intel-compilers/2021.1.2/compiler/2021.1.2/linux/lib]
  collapse library dir [/apps/all/binutils/2.35-GCCcore-10.2.0/lib] ==> [/apps/all/binutils/2.35-GCCcore-10.2.0/lib]
  collapse library dir [/apps/all/zlib/1.2.11-GCCcore-10.2.0/lib] ==> [/apps/all/zlib/1.2.11-GCCcore-10.2.0/lib]
  collapse library dir [/apps/all/libarchive/3.4.3-GCCcore-9.3.0/lib] ==> [/apps/all/libarchive/3.4.3-GCCcore-9.3.0/lib]
  collapse library dir [/apps/all/cURL/7.72.0-GCCcore-9.3.0/lib] ==> [/apps/all/cURL/7.72.0-GCCcore-9.3.0/lib]
  collapse library dir [/apps/all/bzip2/1.0.8-GCCcore-9.3.0/lib] ==> [/apps/all/bzip2/1.0.8-GCCcore-9.3.0/lib]
  collapse library dir [/apps/all/ncurses/6.2-GCCcore-9.3.0/lib] ==> [/apps/all/ncurses/6.2-GCCcore-9.3.0/lib]
  collapse library dir [/apps/all/intel-compilers/2021.1.2/compiler/2021.1.2/linux/bin/intel64/../../compiler/lib/intel64_lin] ==> [/apps/all/intel-compilers/2021.1.2/compiler/2021.1.2/linux/compiler/lib/intel64_lin]
  collapse library dir [/apps/all/binutils/2.35-GCCcore-10.2.0/lib/../lib64] ==> [/apps/all/binutils/2.35-GCCcore-10.2.0/lib64]
  collapse library dir [/apps/all/binutils/2.35-GCCcore-10.2.0/lib/../lib64/] ==> [/apps/all/binutils/2.35-GCCcore-10.2.0/lib64]
  collapse library dir [/apps/all/zlib/1.2.11-GCCcore-10.2.0/lib/../lib64] ==> [/apps/all/zlib/1.2.11-GCCcore-10.2.0/lib64]
  collapse library dir [/apps/all/zlib/1.2.11-GCCcore-10.2.0/lib/../lib64/] ==> [/apps/all/zlib/1.2.11-GCCcore-10.2.0/lib64]
  collapse library dir [/apps/all/libarchive/3.4.3-GCCcore-9.3.0/lib/../lib64] ==> [/apps/all/libarchive/3.4.3-GCCcore-9.3.0/lib64]
  collapse library dir [/apps/all/libarchive/3.4.3-GCCcore-9.3.0/lib/../lib64/] ==> [/apps/all/libarchive/3.4.3-GCCcore-9.3.0/lib64]
  collapse library dir [/apps/all/cURL/7.72.0-GCCcore-9.3.0/lib/../lib64] ==> [/apps/all/cURL/7.72.0-GCCcore-9.3.0/lib64]
  collapse library dir [/apps/all/cURL/7.72.0-GCCcore-9.3.0/lib/../lib64/] ==> [/apps/all/cURL/7.72.0-GCCcore-9.3.0/lib64]
  collapse library dir [/apps/all/GCCcore/10.2.0/lib/gcc/x86_64-pc-linux-gnu/10.2.0/] ==> [/apps/all/GCCcore/10.2.0/lib/gcc/x86_64-pc-linux-gnu/10.2.0]
  collapse library dir [/apps/all/GCCcore/10.2.0/lib/gcc/x86_64-pc-linux-gnu/10.2.0/../../../../lib64] ==> [/apps/all/GCCcore/10.2.0/lib64]
  collapse library dir [/apps/all/GCCcore/10.2.0/lib/gcc/x86_64-pc-linux-gnu/10.2.0/../../../../lib64/] ==> [/apps/all/GCCcore/10.2.0/lib64]
  collapse library dir [/lib/../lib64] ==> [/lib64]
  collapse library dir [/lib/../lib64/] ==> [/lib64]
  collapse library dir [/usr/lib/../lib64] ==> [/usr/lib64]
  collapse library dir [/usr/lib/../lib64/] ==> [/usr/lib64]
  collapse library dir [/apps/all/intel-compilers/2021.1.2/compiler/2021.1.2/linux/compiler/lib/intel64_lin/] ==> [/apps/all/intel-compilers/2021.1.2/compiler/2021.1.2/linux/compiler/lib/intel64_lin]
  collapse library dir [/apps/all/intel-compilers/2021.1.2/compiler/2021.1.2/linux/lib/x64/] ==> [/apps/all/intel-compilers/2021.1.2/compiler/2021.1.2/linux/lib/x64]
  collapse library dir [/apps/all/intel-compilers/2021.1.2/compiler/2021.1.2/linux/lib/] ==> [/apps/all/intel-compilers/2021.1.2/compiler/2021.1.2/linux/lib]
  collapse library dir [/apps/all/binutils/2.35-GCCcore-10.2.0/lib64] ==> [/apps/all/binutils/2.35-GCCcore-10.2.0/lib64]
  collapse library dir [/apps/all/binutils/2.35-GCCcore-10.2.0/lib/] ==> [/apps/all/binutils/2.35-GCCcore-10.2.0/lib]
  collapse library dir [/apps/all/zlib/1.2.11-GCCcore-10.2.0/lib64] ==> [/apps/all/zlib/1.2.11-GCCcore-10.2.0/lib64]
  collapse library dir [/apps/all/zlib/1.2.11-GCCcore-10.2.0/lib/] ==> [/apps/all/zlib/1.2.11-GCCcore-10.2.0/lib]
  collapse library dir [/apps/all/libarchive/3.4.3-GCCcore-9.3.0/lib64] ==> [/apps/all/libarchive/3.4.3-GCCcore-9.3.0/lib64]
  collapse library dir [/apps/all/libarchive/3.4.3-GCCcore-9.3.0/lib/] ==> [/apps/all/libarchive/3.4.3-GCCcore-9.3.0/lib]
  collapse library dir [/apps/all/cURL/7.72.0-GCCcore-9.3.0/lib64] ==> [/apps/all/cURL/7.72.0-GCCcore-9.3.0/lib64]
  collapse library dir [/apps/all/cURL/7.72.0-GCCcore-9.3.0/lib/] ==> [/apps/all/cURL/7.72.0-GCCcore-9.3.0/lib]
  collapse library dir [/apps/all/bzip2/1.0.8-GCCcore-9.3.0/lib/] ==> [/apps/all/bzip2/1.0.8-GCCcore-9.3.0/lib]
  collapse library dir [/apps/all/ncurses/6.2-GCCcore-9.3.0/lib/] ==> [/apps/all/ncurses/6.2-GCCcore-9.3.0/lib]
  collapse library dir [/apps/all/GCCcore/10.2.0/lib/gcc/x86_64-pc-linux-gnu/10.2.0/../../../] ==> [/apps/all/GCCcore/10.2.0/lib]
  collapse library dir [/lib64] ==> [/lib64]
  collapse library dir [/lib/] ==> [/lib]
  collapse library dir [/usr/lib64] ==> [/usr/lib64]
  collapse library dir [/usr/lib] ==> [/usr/lib]
  implicit libs: [imf;svml;irng;m;ipgo;decimal;cilkrts;stdc++;gcc;gcc_s;irc;svml;c;gcc;gcc_s;irc_s;dl;c]
  implicit objs: [/lib64/crt1.o;/lib64/crti.o;/apps/all/GCCcore/10.2.0/lib/gcc/x86_64-pc-linux-gnu/10.2.0/crtbegin.o;/apps/all/GCCcore/10.2.0/lib/gcc/x86_64-pc-linux-gnu/10.2.0/crtend.o;/lib64/crtn.o]
  implicit dirs: [/apps/all/intel-compilers/2021.1.2/compiler/2021.1.2/linux/compiler/lib/intel64_lin;/apps/all/intel-compilers/2021.1.2/compiler/2021.1.2/linux/lib/x64;/apps/all/intel-compilers/2021.1.2/compiler/2021.1.2/linux/lib;/apps/all/binutils/2.35-GCCcore-10.2.0/lib;/apps/all/zlib/1.2.11-GCCcore-10.2.0/lib;/apps/all/libarchive/3.4.3-GCCcore-9.3.0/lib;/apps/all/cURL/7.72.0-GCCcore-9.3.0/lib;/apps/all/bzip2/1.0.8-GCCcore-9.3.0/lib;/apps/all/ncurses/6.2-GCCcore-9.3.0/lib;/apps/all/binutils/2.35-GCCcore-10.2.0/lib64;/apps/all/zlib/1.2.11-GCCcore-10.2.0/lib64;/apps/all/libarchive/3.4.3-GCCcore-9.3.0/lib64;/apps/all/cURL/7.72.0-GCCcore-9.3.0/lib64;/apps/all/GCCcore/10.2.0/lib/gcc/x86_64-pc-linux-gnu/10.2.0;/apps/all/GCCcore/10.2.0/lib64;/lib64;/usr/lib64;/apps/all/GCCcore/10.2.0/lib;/lib;/usr/lib]
  implicit fwks: []


Detecting CXX compiler ABI info compiled with the following output:
Change Dir: /home/training/dd-21-22-89/Assignment/build_advisor/CMakeFiles/CMakeTmp

Run Build Command(s):/bin/gmake -f Makefile cmTC_e9408/fast && /bin/gmake  -f CMakeFiles/cmTC_e9408.dir/build.make CMakeFiles/cmTC_e9408.dir/build
gmake[1]: Entering directory `/home/training/dd-21-22-89/Assignment/build_advisor/CMakeFiles/CMakeTmp'
Building CXX object CMakeFiles/cmTC_e9408.dir/CMakeCXXCompilerABI.cpp.o
/apps/all/intel-compilers/2021.1.2/compiler/2021.1.2/linux/bin/intel64/icpc   -O3 -fPIC --xHost    -v -MD -MT CMakeFiles/cmTC_e9408.dir/CMakeCXXCompilerABI.cpp.o -MF CMakeFiles/cmTC_e9408.dir/CMakeCXXCompilerABI.cpp.o.d -o CMakeFiles/cmTC_e9408.dir/CMakeCXXCompilerABI.cpp.o -c /apps/all/CMake/3.21.2-GCCcore-9.3.0/share/cmake-3.21/Modules/CMakeCXXCompilerABI.cpp
icpc: command line warning #10006: ignoring unknown option '-fxHost'
icpc version 2021.1.2 (gcc version 10.2.0 compatibility)
/apps/all/intel-compilers/2021.1.2/compiler/2021.1.2/linux/bin/intel64/../../bin/intel64/mcpcom    --target_efi2 --lang=c++ -oCMakeFiles/cmTC_e9408.dir/CMakeCXXCompilerABI.cpp.o -_g -mP3OPT_inline_alloca -D__ICC=2021 -D__INTEL_COMPILER=2021 -D__INTEL_COMPILER_UPDATE=1 -D__PTRDIFF_TYPE__=long "-D__SIZE_TYPE__=unsigned long" -D__WCHAR_TYPE__=int "-D__WINT_TYPE__=unsigned int" "-D__INTMAX_TYPE__=long int" "-D__UINTMAX_TYPE__=long unsigned int" -D__GLIBCXX_TYPE_INT_N_0=__int128 -D__GLIBCXX_BITSIZE_INT_N_0=128 -D__LONG_MAX__=9223372036854775807L -D__QMSPP_ -D__OPTIMIZE__ -D__NO_MATH_INLINES -D__NO_STRING_INLINES -D__GNUC_GNU_INLINE__ -D__GNUG__=10 -D__GNUC__=10 -D__GNUC_MINOR__=2 -D__GNUC_PATCHLEVEL__=0 -D__LP64__ -D_LP64 -D_GNU_SOURCE=1 -D__DEPRECATED=1 -D__GXX_WEAK__=1 -D__GXX_ABI_VERSION=1010 "-D__USER_LABEL_PREFIX__= " -D__REGISTER_PREFIX__= -D__INTEL_RTTI__ -D__EXCEPTIONS=1 -D__unix__ -D__unix -D__linux__ -D__linux -D__gnu_linux__ -B -Dunix -Dlinux "-_Asystem(unix)" -D__ELF__ -D__x86_64 -D__x86_64__ -D__amd64 -D__amd64__ "-_Acpu(x86_64)" "-_Amachine(x86_64)" -D__INTEL_COMPILER_BUILD_DATE=20201208 -D__PIC__ -D__pic__ -D__INTEL_OFFLOAD -D__MMX__ -D__SSE__ -D__SSE_MATH__ -D__SSE2__ -D__SSE2_MATH__ -D__pentium4 -D__pentium4__ -D__tune_pentium4__ -_k -_8 -_l --has_new_stdarg_support -_a -_b --gnu_version=100200 -_W5 -p --bool -tused -x --openmp_simd --noopenmp_offload --dependency_file_name CMakeFiles/cmTC_e9408.dir/CMakeCXXCompilerABI.cpp.o.d --compile_dependencies --dependency_target_name CMakeFiles/cmTC_e9408.dir/CMakeCXXCompilerABI.cpp.o --multibyte_chars -mGLOB_diag_suppress_sys --system_preinclude /usr/include/stdc-predef.h -I/apps/all/binutils/2.35-GCCcore-10.2.0/include -I/apps/all/zlib/1.2.11-GCCcore-10.2.0/include -I/apps/all/libarchive/3.4.3-GCCcore-9.3.0/include -I/apps/all/cURL/7.72.0-GCCcore-9.3.0/include -I/apps/all/bzip2/1.0.8-GCCcore-9.3.0/include -I/apps/all/ncurses/6.2-GCCcore-9.3.0/include --array_section --simd --simd_func --offload_mode=1 --offload_target_names=mic,MIC --offload_unique_string=icpc1915400786QHOiV9 --bool -mGLOB_em64t=TRUE -mP1OPT_version=2021.1.2-intel64 -mGLOB_diag_file=CMakeFiles/cmTC_e9408.dir/CMakeCXXCompilerABI.cpp.diag -mGLOB_long_size_64 -mGLOB_routine_pointer_size_64 -mP1OPT_print_version=FALSE -mCG_use_gas_got_workaround=F -mP2OPT_align_option_used=TRUE -mGLOB_gcc_version=1020 "-mGLOB_options_string=-O3 -fPIC --xHost -v -MD -MT CMakeFiles/cmTC_e9408.dir/CMakeCXXCompilerABI.cpp.o -MF CMakeFiles/cmTC_e9408.dir/CMakeCXXCompilerABI.cpp.o.d -o CMakeFiles/cmTC_e9408.dir/CMakeCXXCompilerABI.cpp.o -c" -mGLOB_position_independent_code -mGLOB_preemption_model=3 -mGLOB_cxx_limited_range=FALSE -mCG_extend_parms=FALSE -mGLOB_compiler_bin_directory=/apps/all/intel-compilers/2021.1.2/compiler/2021.1.2/linux/bin/intel64/../../bin/intel64 -mGLOB_as_output_backup_file_name=/tmp/pbs.562647.isrv1/icpcHtciJqas_.s -mIPOPT_activate -mIPOPT_lite -mGLOB_uarch_tuning=0x0 -mGLOB_product_id_code=0x22006d90 -mCG_bnl_movbe=T -mP3OPT_use_mspp_call_convention -mP2OPT_subs_out_of_bound=FALSE -mP2OPT_disam_type_based_disam=2 -mP2OPT_disam_assume_ansi_c -mP2OPT_checked_disam_ansi_alias=TRUE -mGLOB_ansi_alias -mPGOPTI_value_profile_use=T -mP2OPT_il0_array_sections=TRUE -mGLOB_offload_mode=1 -mGLOB_offload_no_openmp=TRUE -mP2OPT_offload_unique_var_string=icpc1915400786QHOiV9 -mGLOB_opt_level=3 -mP2OPT_hlo_level=3 -mP2OPT_hlo -mP2OPT_hpo_rtt_control=0 -mIPOPT_args_in_regs=0 -mP2OPT_disam_assume_nonstd_intent_in=FALSE -mGLOB_imf_mapping_library=/apps/all/intel-compilers/2021.1.2/compiler/2021.1.2/linux/bin/intel64/../../bin/intel64/libiml_attr.so -mPGOPTI_gen_threadsafe_level=0 -mIPOPT_lto_object_enabled -mIPOPT_lto_object_value=1 -mIPOPT_obj_output_file_name=CMakeFiles/cmTC_e9408.dir/CMakeCXXCompilerABI.cpp.o -mIPOPT_whole_archive_fixup_file_name=/tmp/pbs.562647.isrv1/icpcwarchXau4BW -mGLOB_linker_version=2.35 -mGLOB_linker=ld -mGLOB_driver_tempfile_name=/tmp/pbs.562647.isrv1/icpctempfilee3QByH -mP3OPT_asm_target=P3OPT_ASM_TARGET_GAS -mGLOB_async_unwind_tables=TRUE -mGLOB_obj_output_file=CMakeFiles/cmTC_e9408.dir/CMakeCXXCompilerABI.cpp.o -mGLOB_source_dialect=GLOB_SOURCE_DIALECT_C_PLUS_PLUS -mP1OPT_source_file_name=/apps/all/CMake/3.21.2-GCCcore-9.3.0/share/cmake-3.21/Modules/CMakeCXXCompilerABI.cpp -mP1OPT_full_source_file_name=/apps/all/CMake/3.21.2-GCCcore-9.3.0/share/cmake-3.21/Modules/CMakeCXXCompilerABI.cpp -mGLOB_eh_linux /apps/all/CMake/3.21.2-GCCcore-9.3.0/share/cmake-3.21/Modules/CMakeCXXCompilerABI.cpp
#include "..." search starts here:
#include <...> search starts here:
 /apps/all/binutils/2.35-GCCcore-10.2.0/include
 /apps/all/zlib/1.2.11-GCCcore-10.2.0/include
 /apps/all/libarchive/3.4.3-GCCcore-9.3.0/include
 /apps/all/cURL/7.72.0-GCCcore-9.3.0/include
 /apps/all/bzip2/1.0.8-GCCcore-9.3.0/include
 /apps/all/ncurses/6.2-GCCcore-9.3.0/include
 /apps/all/intel-compilers/2021.1.2/compiler/2021.1.2/linux/bin/intel64/../../compiler/include/intel64
 /apps/all/intel-compilers/2021.1.2/compiler/2021.1.2/linux/bin/intel64/../../compiler/include/icc
 /apps/all/intel-compilers/2021.1.2/compiler/2021.1.2/linux/bin/intel64/../../compiler/include
 /apps/all/GCCcore/10.2.0/include/c++/10.2.0
 /apps/all/GCCcore/10.2.0/include/c++/10.2.0/x86_64-pc-linux-gnu
 /apps/all/GCCcore/10.2.0/include/c++/10.2.0/backward
 /usr/local/include
 /apps/all/GCCcore/10.2.0/lib/gcc/x86_64-pc-linux-gnu/10.2.0/include
 /apps/all/GCCcore/10.2.0/include/
 /usr/include
End of search list.
Linking CXX executable cmTC_e9408
/apps/all/CMake/3.21.2-GCCcore-9.3.0/bin/cmake -E cmake_link_script CMakeFiles/cmTC_e9408.dir/link.txt --verbose=1
/apps/all/intel-compilers/2021.1.2/compiler/2021.1.2/linux/bin/intel64/icpc -O3 -fPIC --xHost   -v CMakeFiles/cmTC_e9408.dir/CMakeCXXCompilerABI.cpp.o -o cmTC_e9408 
icpc: command line warning #10006: ignoring unknown option '-fxHost'
icpc version 2021.1.2 (gcc version 10.2.0 compatibility)
/apps/all/intel-compilers/2021.1.2/compiler/2021.1.2/linux/bin/intel64/../../bin/intel64/mcpcom    -mGLOB_em64t=TRUE -mP1OPT_version=2021.1.2-intel64 -mGLOB_diag_file=CMakeFiles/cmTC_e9408.dir/CMakeCXXCompilerABI.cpp.diag -mGLOB_long_size_64 -mGLOB_routine_pointer_size_64 -mP1OPT_print_version=FALSE -mCG_use_gas_got_workaround=F -mP2OPT_align_option_used=TRUE -mGLOB_gcc_version=1020 "-mGLOB_options_string=-O3 -fPIC --xHost -v -o cmTC_e9408" -mGLOB_position_independent_code -mGLOB_preemption_model=3 -mGLOB_cxx_limited_range=FALSE -mCG_extend_parms=FALSE -mGLOB_compiler_bin_directory=/apps/all/intel-compilers/2021.1.2/compiler/2021.1.2/linux/bin/intel64/../../bin/intel64 -mGLOB_as_output_backup_file_name=/tmp/pbs.562647.isrv1/icpcfMzUVDas_.s -mGLOB_dashboard_use_source_name -mIPOPT_activate -mGLOB_product_id_code=0x22006d90 -mP3OPT_use_mspp_call_convention -mP2OPT_subs_out_of_bound=FALSE -mP2OPT_disam_type_based_disam=2 -mP2OPT_disam_assume_ansi_c -mP2OPT_checked_disam_ansi_alias=TRUE -mGLOB_ansi_alias -mPGOPTI_value_profile_use=T -mGLOB_opt_report_use_source_name -mP2OPT_il0_array_sections=TRUE -mGLOB_offload_mode=1 -mGLOB_offload_no_openmp=TRUE -mP2OPT_offload_unique_var_string=icpc1724413826fDM2Sf -mGLOB_opt_level=3 -mP2OPT_hlo_level=3 -mP2OPT_hlo -mP2OPT_hpo_rtt_control=0 -mIPOPT_args_in_regs=0 -mP2OPT_disam_assume_nonstd_intent_in=FALSE -mGLOB_imf_mapping_library=/apps/all/intel-compilers/2021.1.2/compiler/2021.1.2/linux/bin/intel64/../../bin/intel64/libiml_attr.so -mPGOPTI_gen_threadsafe_level=0 -mIPOPT_link -mIPOPT_ipo_activate -mIPOPT_mo_activate -mIPOPT_source_files_list=/tmp/pbs.562647.isrv1/icpcslis5x3ZM7 -mIPOPT_mo_global_data -mIPOPT_link_script_file=/tmp/pbs.562647.isrv1/icpcscriptvldsRS "-mIPOPT_cmdline_link="/lib/../lib64/crt1.o" "/lib/../lib64/crti.o" "/apps/all/GCCcore/10.2.0/lib/gcc/x86_64-pc-linux-gnu/10.2.0/crtbegin.o" "--eh-frame-hdr" "--build-id" "-dynamic-linker" "/lib64/ld-linux-x86-64.so.2" "-m" "elf_x86_64" "-o" "cmTC_e9408" "-L/apps/all/intel-compilers/2021.1.2/compiler/2021.1.2/linux/compiler/lib/intel64_lin" "-L/apps/all/intel-compilers/2021.1.2/compiler/2021.1.2/linux/lib/x64" "-L/apps/all/intel-compilers/2021.1.2/compiler/2021.1.2/linux/lib" "-L/apps/all/binutils/2.35-GCCcore-10.2.0/lib" "-L/apps/all/zlib/1.2.11-GCCcore-10.2.0/lib" "-L/apps/all/libarchive/3.4.3-GCCcore-9.3.0/lib" "-L/apps/all/cURL/7.72.0-GCCcore-9.3.0/lib" "-L/apps/all/bzip2/1.0.8-GCCcore-9.3.0/lib" "-L/apps/all/ncurses/6.2-GCCcore-9.3.0/lib" "-L/apps/all/intel-compilers/2021.1.2/compiler/2021.1.2/linux/bin/intel64/../../compiler/lib/intel64_lin" "-L/apps/all/binutils/2.35-GCCcore-10.2.0/lib/../lib64" "-L/apps/all/binutils/2.35-GCCcore-10.2.0/lib/../lib64/" "-L/apps/all/zlib/1.2.11-GCCcore-10.2.0/lib/../lib64" "-L/apps/all/zlib/1.2.11-GCCcore-10.2.0/lib/../lib64/" "-L/apps/all/libarchive/3.4.3-GCCcore-9.3.0/lib/../lib64" "-L/apps/all/libarchive/3.4.3-GCCcore-9.3.0/lib/../lib64/" "-L/apps/all/cURL/7.72.0-GCCcore-9.3.0/lib/../lib64" "-L/apps/all/cURL/7.72.0-GCCcore-9.3.0/lib/../lib64/" "-L/apps/all/GCCcore/10.2.0/lib/gcc/x86_64-pc-linux-gnu/10.2.0/" "-L/apps/all/GCCcore/10.2.0/lib/gcc/x86_64-pc-linux-gnu/10.2.0/../../../../lib64" "-L/apps/all/GCCcore/10.2.0/lib/gcc/x86_64-pc-linux-gnu/10.2.0/../../../../lib64/" "-L/lib/../lib64" "-L/lib/../lib64/" "-L/usr/lib/../lib64" "-L/usr/lib/../lib64/" "-L/apps/all/intel-compilers/2021.1.2/compiler/2021.1.2/linux/compiler/lib/intel64_lin/" "-L/apps/all/intel-compilers/2021.1.2/compiler/2021.1.2/linux/lib/x64/" "-L/apps/all/intel-compilers/2021.1.2/compiler/2021.1.2/linux/lib/" "-L/apps/all/binutils/2.35-GCCcore-10.2.0/lib64" "-L/apps/all/binutils/2.35-GCCcore-10.2.0/lib/" "-L/apps/all/zlib/1.2.11-GCCcore-10.2.0/lib64" "-L/apps/all/zlib/1.2.11-GCCcore-10.2.0/lib/" "-L/apps/all/libarchive/3.4.3-GCCcore-9.3.0/lib64" "-L/apps/all/libarchive/3.4.3-GCCcore-9.3.0/lib/" "-L/apps/all/cURL/7.72.0-GCCcore-9.3.0/lib64" "-L/apps/all/cURL/7.72.0-GCCcore-9.3.0/lib/" "-L/apps/all/bzip2/1.0.8-GCCcore-9.3.0/lib/" "-L/apps/all/ncurses/6.2-GCCcore-9.3.0/lib/" "-L/apps/all/GCCcore/10.2.0/lib/gcc/x86_64-pc-linux-gnu/10.2.0/../../../" "-L/lib64" "-L/lib/" "-L/usr/lib64" "-L/usr/lib" "CMakeFiles/cmTC_e9408.dir/CMakeCXXCompilerABI.cpp.o" "-Bdynamic" "-Bstatic" "-limf" "-lsvml" "-lirng" "-Bdynamic" "-lstdc++" "-lm" "-Bstatic" "-lipgo" "-ldecimal" "--as-needed" "-Bdynamic" "-lcilkrts" "--no-as-needed" "-lstdc++" "-lgcc" "-lgcc_s" "-Bstatic" "-lirc" "-lsvml" "-Bdynamic" "-lc" "-lgcc" "-lgcc_s" "-Bstatic" "-lirc_s" "-Bdynamic" "-ldl" "-lc" "/apps/all/GCCcore/10.2.0/lib/gcc/x86_64-pc-linux-gnu/10.2.0/crtend.o" "/lib/../lib64/crtn.o"" -mIPOPT_il_in_obj -mIPOPT_ipo_activate_warn=FALSE -mIPOPT_obj_output_file_name=/tmp/pbs.562647.isrv1/ipo_icpcjk7hmz.o -mIPOPT_whole_archive_fixup_file_name=/tmp/pbs.562647.isrv1/icpcwarchjs4e59 -mGLOB_linker_version=2.35 -mGLOB_linker=ld -mGLOB_driver_tempfile_name=/tmp/pbs.562647.isrv1/icpctempfilenQ369U -mP3OPT_asm_target=P3OPT_ASM_TARGET_GAS -mGLOB_async_unwind_tables=TRUE -mGLOB_obj_output_file=/tmp/pbs.562647.isrv1/ipo_icpcjk7hmz.o -mGLOB_source_dialect=GLOB_SOURCE_DIALECT_NONE -mP1OPT_source_file_name=ipo_out.c CMakeFiles/cmTC_e9408.dir/CMakeCXXCompilerABI.cpp.o -mIPOPT_object_files=T -mIPOPT_assembly_files=/tmp/pbs.562647.isrv1/icpcalisT1Vbv5 -mIPOPT_generated_tempfiles=/tmp/pbs.562647.isrv1/icpcelisdZTDzQ -mIPOPT_embedded_object_base_name=/tmp/pbs.562647.isrv1/icpceobj1RT5DB -mIPOPT_cmdline_link_new_name=/tmp/pbs.562647.isrv1/icpcllis1eWxIm
ld    /lib/../lib64/crt1.o /lib/../lib64/crti.o /apps/all/GCCcore/10.2.0/lib/gcc/x86_64-pc-linux-gnu/10.2.0/crtbegin.o --eh-frame-hdr --build-id -dynamic-linker /lib64/ld-linux-x86-64.so.2 -m elf_x86_64 -o cmTC_e9408 -L/apps/all/intel-compilers/2021.1.2/compiler/2021.1.2/linux/compiler/lib/intel64_lin -L/apps/all/intel-compilers/2021.1.2/compiler/2021.1.2/linux/lib/x64 -L/apps/all/intel-compilers/2021.1.2/compiler/2021.1.2/linux/lib -L/apps/all/binutils/2.35-GCCcore-10.2.0/lib -L/apps/all/zlib/1.2.11-GCCcore-10.2.0/lib -L/apps/all/libarchive/3.4.3-GCCcore-9.3.0/lib -L/apps/all/cURL/7.72.0-GCCcore-9.3.0/lib -L/apps/all/bzip2/1.0.8-GCCcore-9.3.0/lib -L/apps/all/ncurses/6.2-GCCcore-9.3.0/lib -L/apps/all/intel-compilers/2021.1.2/compiler/2021.1.2/linux/bin/intel64/../../compiler/lib/intel64_lin -L/apps/all/binutils/2.35-GCCcore-10.2.0/lib/../lib64 -L/apps/all/binutils/2.35-GCCcore-10.2.0/lib/../lib64/ -L/apps/all/zlib/1.2.11-GCCcore-10.2.0/lib/../lib64 -L/apps/all/zlib/1.2.11-GCCcore-10.2.0/lib/../lib64/ -L/apps/all/libarchive/3.4.3-GCCcore-9.3.0/lib/../lib64 -L/apps/all/libarchive/3.4.3-GCCcore-9.3.0/lib/../lib64/ -L/apps/all/cURL/7.72.0-GCCcore-9.3.0/lib/../lib64 -L/apps/all/cURL/7.72.0-GCCcore-9.3.0/lib/../lib64/ -L/apps/all/GCCcore/10.2.0/lib/gcc/x86_64-pc-linux-gnu/10.2.0/ -L/apps/all/GCCcore/10.2.0/lib/gcc/x86_64-pc-linux-gnu/10.2.0/../../../../lib64 -L/apps/all/GCCcore/10.2.0/lib/gcc/x86_64-pc-linux-gnu/10.2.0/../../../../lib64/ -L/lib/../lib64 -L/lib/../lib64/ -L/usr/lib/../lib64 -L/usr/lib/../lib64/ -L/apps/all/intel-compilers/2021.1.2/compiler/2021.1.2/linux/compiler/lib/intel64_lin/ -L/apps/all/intel-compilers/2021.1.2/compiler/2021.1.2/linux/lib/x64/ -L/apps/all/intel-compilers/2021.1.2/compiler/2021.1.2/linux/lib/ -L/apps/all/binutils/2.35-GCCcore-10.2.0/lib64 -L/apps/all/binutils/2.35-GCCcore-10.2.0/lib/ -L/apps/all/zlib/1.2.11-GCCcore-10.2.0/lib64 -L/apps/all/zlib/1.2.11-GCCcore-10.2.0/lib/ -L/apps/all/libarchive/3.4.3-GCCcore-9.3.0/lib64 -L/apps/all/libarchive/3.4.3-GCCcore-9.3.0/lib/ -L/apps/all/cURL/7.72.0-GCCcore-9.3.0/lib64 -L/apps/all/cURL/7.72.0-GCCcore-9.3.0/lib/ -L/apps/all/bzip2/1.0.8-GCCcore-9.3.0/lib/ -L/apps/all/ncurses/6.2-GCCcore-9.3.0/lib/ -L/apps/all/GCCcore/10.2.0/lib/gcc/x86_64-pc-linux-gnu/10.2.0/../../../ -L/lib64 -L/lib/ -L/usr/lib64 -L/usr/lib CMakeFiles/cmTC_e9408.dir/CMakeCXXCompilerABI.cpp.o -Bdynamic -Bstatic -limf -lsvml -lirng -Bdynamic -lstdc++ -lm -Bstatic -lipgo -ldecimal --as-needed -Bdynamic -lcilkrts --no-as-needed -lstdc++ -lgcc -lgcc_s -Bstatic -lirc -lsvml -Bdynamic -lc -lgcc -lgcc_s -Bstatic -lirc_s -Bdynamic -ldl -lc /apps/all/GCCcore/10.2.0/lib/gcc/x86_64-pc-linux-gnu/10.2.0/crtend.o /lib/../lib64/crtn.o
gmake[1]: Leaving directory `/home/training/dd-21-22-89/Assignment/build_advisor/CMakeFiles/CMakeTmp'



Parsed CXX implicit include dir info from above output: rv=done
  found start of include info
  found start of implicit include info
    add: [/apps/all/binutils/2.35-GCCcore-10.2.0/include]
    add: [/apps/all/zlib/1.2.11-GCCcore-10.2.0/include]
    add: [/apps/all/libarchive/3.4.3-GCCcore-9.3.0/include]
    add: [/apps/all/cURL/7.72.0-GCCcore-9.3.0/include]
    add: [/apps/all/bzip2/1.0.8-GCCcore-9.3.0/include]
    add: [/apps/all/ncurses/6.2-GCCcore-9.3.0/include]
    add: [/apps/all/intel-compilers/2021.1.2/compiler/2021.1.2/linux/bin/intel64/../../compiler/include/intel64]
    add: [/apps/all/intel-compilers/2021.1.2/compiler/2021.1.2/linux/bin/intel64/../../compiler/include/icc]
    add: [/apps/all/intel-compilers/2021.1.2/compiler/2021.1.2/linux/bin/intel64/../../compiler/include]
    add: [/apps/all/GCCcore/10.2.0/include/c++/10.2.0]
    add: [/apps/all/GCCcore/10.2.0/include/c++/10.2.0/x86_64-pc-linux-gnu]
    add: [/apps/all/GCCcore/10.2.0/include/c++/10.2.0/backward]
    add: [/usr/local/include]
    add: [/apps/all/GCCcore/10.2.0/lib/gcc/x86_64-pc-linux-gnu/10.2.0/include]
    add: [/apps/all/GCCcore/10.2.0/include/]
    add: [/usr/include]
  end of search list found
  collapse include dir [/apps/all/binutils/2.35-GCCcore-10.2.0/include] ==> [/apps/all/binutils/2.35-GCCcore-10.2.0/include]
  collapse include dir [/apps/all/zlib/1.2.11-GCCcore-10.2.0/include] ==> [/apps/all/zlib/1.2.11-GCCcore-10.2.0/include]
  collapse include dir [/apps/all/libarchive/3.4.3-GCCcore-9.3.0/include] ==> [/apps/all/libarchive/3.4.3-GCCcore-9.3.0/include]
  collapse include dir [/apps/all/cURL/7.72.0-GCCcore-9.3.0/include] ==> [/apps/all/cURL/7.72.0-GCCcore-9.3.0/include]
  collapse include dir [/apps/all/bzip2/1.0.8-GCCcore-9.3.0/include] ==> [/apps/all/bzip2/1.0.8-GCCcore-9.3.0/include]
  collapse include dir [/apps/all/ncurses/6.2-GCCcore-9.3.0/include] ==> [/apps/all/ncurses/6.2-GCCcore-9.3.0/include]
  collapse include dir [/apps/all/intel-compilers/2021.1.2/compiler/2021.1.2/linux/bin/intel64/../../compiler/include/intel64] ==> [/apps/all/intel-compilers/2021.1.2/compiler/2021.1.2/linux/compiler/include/intel64]
  collapse include dir [/apps/all/intel-compilers/2021.1.2/compiler/2021.1.2/linux/bin/intel64/../../compiler/include/icc] ==> [/apps/all/intel-compilers/2021.1.2/compiler/2021.1.2/linux/compiler/include/icc]
  collapse include dir [/apps/all/intel-compilers/2021.1.2/compiler/2021.1.2/linux/bin/intel64/../../compiler/include] ==> [/apps/all/intel-compilers/2021.1.2/compiler/2021.1.2/linux/compiler/include]
  collapse include dir [/apps/all/GCCcore/10.2.0/include/c++/10.2.0] ==> [/apps/all/GCCcore/10.2.0/include/c++/10.2.0]
  collapse include dir [/apps/all/GCCcore/10.2.0/include/c++/10.2.0/x86_64-pc-linux-gnu] ==> [/apps/all/GCCcore/10.2.0/include/c++/10.2.0/x86_64-pc-linux-gnu]
  collapse include dir [/apps/all/GCCcore/10.2.0/include/c++/10.2.0/backward] ==> [/apps/all/GCCcore/10.2.0/include/c++/10.2.0/backward]
  collapse include dir [/usr/local/include] ==> [/usr/local/include]
  collapse include dir [/apps/all/GCCcore/10.2.0/lib/gcc/x86_64-pc-linux-gnu/10.2.0/include] ==> [/apps/all/GCCcore/10.2.0/lib/gcc/x86_64-pc-linux-gnu/10.2.0/include]
  collapse include dir [/apps/all/GCCcore/10.2.0/include/] ==> [/apps/all/GCCcore/10.2.0/include]
  collapse include dir [/usr/include] ==> [/usr/include]
  implicit include dirs: [/apps/all/binutils/2.35-GCCcore-10.2.0/include;/apps/all/zlib/1.2.11-GCCcore-10.2.0/include;/apps/all/libarchive/3.4.3-GCCcore-9.3.0/include;/apps/all/cURL/7.72.0-GCCcore-9.3.0/include;/apps/all/bzip2/1.0.8-GCCcore-9.3.0/include;/apps/all/ncurses/6.2-GCCcore-9.3.0/include;/apps/all/intel-compilers/2021.1.2/compiler/2021.1.2/linux/compiler/include/intel64;/apps/all/intel-compilers/2021.1.2/compiler/2021.1.2/linux/compiler/include/icc;/apps/all/intel-compilers/2021.1.2/compiler/2021.1.2/linux/compiler/include;/apps/all/GCCcore/10.2.0/include/c++/10.2.0;/apps/all/GCCcore/10.2.0/include/c++/10.2.0/x86_64-pc-linux-gnu;/apps/all/GCCcore/10.2.0/include/c++/10.2.0/backward;/usr/local/include;/apps/all/GCCcore/10.2.0/lib/gcc/x86_64-pc-linux-gnu/10.2.0/include;/apps/all/GCCcore/10.2.0/include;/usr/include]


Parsed CXX implicit link information from above output:
  link line regex: [^( *|.*[/\])(ld|CMAKE_LINK_STARTFILE-NOTFOUND|([^/\]+-)?ld|collect2)[^/\]*( |$)]
  ignore line: [Change Dir: /home/training/dd-21-22-89/Assignment/build_advisor/CMakeFiles/CMakeTmp]
  ignore line: []
  ignore line: [Run Build Command(s):/bin/gmake -f Makefile cmTC_e9408/fast && /bin/gmake  -f CMakeFiles/cmTC_e9408.dir/build.make CMakeFiles/cmTC_e9408.dir/build]
  ignore line: [gmake[1]: Entering directory `/home/training/dd-21-22-89/Assignment/build_advisor/CMakeFiles/CMakeTmp']
  ignore line: [Building CXX object CMakeFiles/cmTC_e9408.dir/CMakeCXXCompilerABI.cpp.o]
  ignore line: [/apps/all/intel-compilers/2021.1.2/compiler/2021.1.2/linux/bin/intel64/icpc   -O3 -fPIC --xHost    -v -MD -MT CMakeFiles/cmTC_e9408.dir/CMakeCXXCompilerABI.cpp.o -MF CMakeFiles/cmTC_e9408.dir/CMakeCXXCompilerABI.cpp.o.d -o CMakeFiles/cmTC_e9408.dir/CMakeCXXCompilerABI.cpp.o -c /apps/all/CMake/3.21.2-GCCcore-9.3.0/share/cmake-3.21/Modules/CMakeCXXCompilerABI.cpp]
  ignore line: [icpc: command line warning #10006: ignoring unknown option '-fxHost']
  ignore line: [icpc version 2021.1.2 (gcc version 10.2.0 compatibility)]
  ignore line: [/apps/all/intel-compilers/2021.1.2/compiler/2021.1.2/linux/bin/intel64/../../bin/intel64/mcpcom    --target_efi2 --lang=c++ -oCMakeFiles/cmTC_e9408.dir/CMakeCXXCompilerABI.cpp.o -_g -mP3OPT_inline_alloca -D__ICC=2021 -D__INTEL_COMPILER=2021 -D__INTEL_COMPILER_UPDATE=1 -D__PTRDIFF_TYPE__=long "-D__SIZE_TYPE__=unsigned long" -D__WCHAR_TYPE__=int "-D__WINT_TYPE__=unsigned int" "-D__INTMAX_TYPE__=long int" "-D__UINTMAX_TYPE__=long unsigned int" -D__GLIBCXX_TYPE_INT_N_0=__int128 -D__GLIBCXX_BITSIZE_INT_N_0=128 -D__LONG_MAX__=9223372036854775807L -D__QMSPP_ -D__OPTIMIZE__ -D__NO_MATH_INLINES -D__NO_STRING_INLINES -D__GNUC_GNU_INLINE__ -D__GNUG__=10 -D__GNUC__=10 -D__GNUC_MINOR__=2 -D__GNUC_PATCHLEVEL__=0 -D__LP64__ -D_LP64 -D_GNU_SOURCE=1 -D__DEPRECATED=1 -D__GXX_WEAK__=1 -D__GXX_ABI_VERSION=1010 "-D__USER_LABEL_PREFIX__= " -D__REGISTER_PREFIX__= -D__INTEL_RTTI__ -D__EXCEPTIONS=1 -D__unix__ -D__unix -D__linux__ -D__linux -D__gnu_linux__ -B -Dunix -Dlinux "-_Asystem(unix)" -D__ELF__ -D__x86_64 -D__x86_64__ -D__amd64 -D__amd64__ "-_Acpu(x86_64)" "-_Amachine(x86_64)" -D__INTEL_COMPILER_BUILD_DATE=20201208 -D__PIC__ -D__pic__ -D__INTEL_OFFLOAD -D__MMX__ -D__SSE__ -D__SSE_MATH__ -D__SSE2__ -D__SSE2_MATH__ -D__pentium4 -D__pentium4__ -D__tune_pentium4__ -_k -_8 -_l --has_new_stdarg_support -_a -_b --gnu_version=100200 -_W5 -p --bool -tused -x --openmp_simd --noopenmp_offload --dependency_file_name CMakeFiles/cmTC_e9408.dir/CMakeCXXCompilerABI.cpp.o.d --compile_dependencies --dependency_target_name CMakeFiles/cmTC_e9408.dir/CMakeCXXCompilerABI.cpp.o --multibyte_chars -mGLOB_diag_suppress_sys --system_preinclude /usr/include/stdc-predef.h -I/apps/all/binutils/2.35-GCCcore-10.2.0/include -I/apps/all/zlib/1.2.11-GCCcore-10.2.0/include -I/apps/all/libarchive/3.4.3-GCCcore-9.3.0/include -I/apps/all/cURL/7.72.0-GCCcore-9.3.0/include -I/apps/all/bzip2/1.0.8-GCCcore-9.3.0/include -I/apps/all/ncurses/6.2-GCCcore-9.3.0/include --array_section --simd --simd_func --offload_mode=1 --offload_target_names=mic MIC --offload_unique_string=icpc1915400786QHOiV9 --bool -mGLOB_em64t=TRUE -mP1OPT_version=2021.1.2-intel64 -mGLOB_diag_file=CMakeFiles/cmTC_e9408.dir/CMakeCXXCompilerABI.cpp.diag -mGLOB_long_size_64 -mGLOB_routine_pointer_size_64 -mP1OPT_print_version=FALSE -mCG_use_gas_got_workaround=F -mP2OPT_align_option_used=TRUE -mGLOB_gcc_version=1020 "-mGLOB_options_string=-O3 -fPIC --xHost -v -MD -MT CMakeFiles/cmTC_e9408.dir/CMakeCXXCompilerABI.cpp.o -MF CMakeFiles/cmTC_e9408.dir/CMakeCXXCompilerABI.cpp.o.d -o CMakeFiles/cmTC_e9408.dir/CMakeCXXCompilerABI.cpp.o -c" -mGLOB_position_independent_code -mGLOB_preemption_model=3 -mGLOB_cxx_limited_range=FALSE -mCG_extend_parms=FALSE -mGLOB_compiler_bin_directory=/apps/all/intel-compilers/2021.1.2/compiler/2021.1.2/linux/bin/intel64/../../bin/intel64 -mGLOB_as_output_backup_file_name=/tmp/pbs.562647.isrv1/icpcHtciJqas_.s -mIPOPT_activate -mIPOPT_lite -mGLOB_uarch_tuning=0x0 -mGLOB_product_id_code=0x22006d90 -mCG_bnl_movbe=T -mP3OPT_use_mspp_call_convention -mP2OPT_subs_out_of_bound=FALSE -mP2OPT_disam_type_based_disam=2 -mP2OPT_disam_assume_ansi_c -mP2OPT_checked_disam_ansi_alias=TRUE -mGLOB_ansi_alias -mPGOPTI_value_profile_use=T -mP2OPT_il0_array_sections=TRUE -mGLOB_offload_mode=1 -mGLOB_offload_no_openmp=TRUE -mP2OPT_offload_unique_var_string=icpc1915400786QHOiV9 -mGLOB_opt_level=3 -mP2OPT_hlo_level=3 -mP2OPT_hlo -mP2OPT_hpo_rtt_control=0 -mIPOPT_args_in_regs=0 -mP2OPT_disam_assume_nonstd_intent_in=FALSE -mGLOB_imf_mapping_library=/apps/all/intel-compilers/2021.1.2/compiler/2021.1.2/linux/bin/intel64/../../bin/intel64/libiml_attr.so -mPGOPTI_gen_threadsafe_level=0 -mIPOPT_lto_object_enabled -mIPOPT_lto_object_value=1 -mIPOPT_obj_output_file_name=CMakeFiles/cmTC_e9408.dir/CMakeCXXCompilerABI.cpp.o -mIPOPT_whole_archive_fixup_file_name=/tmp/pbs.562647.isrv1/icpcwarchXau4BW -mGLOB_linker_version=2.35 -mGLOB_linker=ld -mGLOB_driver_tempfile_name=/tmp/pbs.562647.isrv1/icpctempfilee3QByH -mP3OPT_asm_target=P3OPT_ASM_TARGET_GAS -mGLOB_async_unwind_tables=TRUE -mGLOB_obj_output_file=CMakeFiles/cmTC_e9408.dir/CMakeCXXCompilerABI.cpp.o -mGLOB_source_dialect=GLOB_SOURCE_DIALECT_C_PLUS_PLUS -mP1OPT_source_file_name=/apps/all/CMake/3.21.2-GCCcore-9.3.0/share/cmake-3.21/Modules/CMakeCXXCompilerABI.cpp -mP1OPT_full_source_file_name=/apps/all/CMake/3.21.2-GCCcore-9.3.0/share/cmake-3.21/Modules/CMakeCXXCompilerABI.cpp -mGLOB_eh_linux /apps/all/CMake/3.21.2-GCCcore-9.3.0/share/cmake-3.21/Modules/CMakeCXXCompilerABI.cpp]
  ignore line: [#include "..." search starts here:]
  ignore line: [#include <...> search starts here:]
  ignore line: [ /apps/all/binutils/2.35-GCCcore-10.2.0/include]
  ignore line: [ /apps/all/zlib/1.2.11-GCCcore-10.2.0/include]
  ignore line: [ /apps/all/libarchive/3.4.3-GCCcore-9.3.0/include]
  ignore line: [ /apps/all/cURL/7.72.0-GCCcore-9.3.0/include]
  ignore line: [ /apps/all/bzip2/1.0.8-GCCcore-9.3.0/include]
  ignore line: [ /apps/all/ncurses/6.2-GCCcore-9.3.0/include]
  ignore line: [ /apps/all/intel-compilers/2021.1.2/compiler/2021.1.2/linux/bin/intel64/../../compiler/include/intel64]
  ignore line: [ /apps/all/intel-compilers/2021.1.2/compiler/2021.1.2/linux/bin/intel64/../../compiler/include/icc]
  ignore line: [ /apps/all/intel-compilers/2021.1.2/compiler/2021.1.2/linux/bin/intel64/../../compiler/include]
  ignore line: [ /apps/all/GCCcore/10.2.0/include/c++/10.2.0]
  ignore line: [ /apps/all/GCCcore/10.2.0/include/c++/10.2.0/x86_64-pc-linux-gnu]
  ignore line: [ /apps/all/GCCcore/10.2.0/include/c++/10.2.0/backward]
  ignore line: [ /usr/local/include]
  ignore line: [ /apps/all/GCCcore/10.2.0/lib/gcc/x86_64-pc-linux-gnu/10.2.0/include]
  ignore line: [ /apps/all/GCCcore/10.2.0/include/]
  ignore line: [ /usr/include]
  ignore line: [End of search list.]
  ignore line: [Linking CXX executable cmTC_e9408]
  ignore line: [/apps/all/CMake/3.21.2-GCCcore-9.3.0/bin/cmake -E cmake_link_script CMakeFiles/cmTC_e9408.dir/link.txt --verbose=1]
  ignore line: [/apps/all/intel-compilers/2021.1.2/compiler/2021.1.2/linux/bin/intel64/icpc -O3 -fPIC --xHost   -v CMakeFiles/cmTC_e9408.dir/CMakeCXXCompilerABI.cpp.o -o cmTC_e9408 ]
  ignore line: [icpc: command line warning #10006: ignoring unknown option '-fxHost']
  ignore line: [icpc version 2021.1.2 (gcc version 10.2.0 compatibility)]
  ignore line: [/apps/all/intel-compilers/2021.1.2/compiler/2021.1.2/linux/bin/intel64/../../bin/intel64/mcpcom    -mGLOB_em64t=TRUE -mP1OPT_version=2021.1.2-intel64 -mGLOB_diag_file=CMakeFiles/cmTC_e9408.dir/CMakeCXXCompilerABI.cpp.diag -mGLOB_long_size_64 -mGLOB_routine_pointer_size_64 -mP1OPT_print_version=FALSE -mCG_use_gas_got_workaround=F -mP2OPT_align_option_used=TRUE -mGLOB_gcc_version=1020 "-mGLOB_options_string=-O3 -fPIC --xHost -v -o cmTC_e9408" -mGLOB_position_independent_code -mGLOB_preemption_model=3 -mGLOB_cxx_limited_range=FALSE -mCG_extend_parms=FALSE -mGLOB_compiler_bin_directory=/apps/all/intel-compilers/2021.1.2/compiler/2021.1.2/linux/bin/intel64/../../bin/intel64 -mGLOB_as_output_backup_file_name=/tmp/pbs.562647.isrv1/icpcfMzUVDas_.s -mGLOB_dashboard_use_source_name -mIPOPT_activate -mGLOB_product_id_code=0x22006d90 -mP3OPT_use_mspp_call_convention -mP2OPT_subs_out_of_bound=FALSE -mP2OPT_disam_type_based_disam=2 -mP2OPT_disam_assume_ansi_c -mP2OPT_checked_disam_ansi_alias=TRUE -mGLOB_ansi_alias -mPGOPTI_value_profile_use=T -mGLOB_opt_report_use_source_name -mP2OPT_il0_array_sections=TRUE -mGLOB_offload_mode=1 -mGLOB_offload_no_openmp=TRUE -mP2OPT_offload_unique_var_string=icpc1724413826fDM2Sf -mGLOB_opt_level=3 -mP2OPT_hlo_level=3 -mP2OPT_hlo -mP2OPT_hpo_rtt_control=0 -mIPOPT_args_in_regs=0 -mP2OPT_disam_assume_nonstd_intent_in=FALSE -mGLOB_imf_mapping_library=/apps/all/intel-compilers/2021.1.2/compiler/2021.1.2/linux/bin/intel64/../../bin/intel64/libiml_attr.so -mPGOPTI_gen_threadsafe_level=0 -mIPOPT_link -mIPOPT_ipo_activate -mIPOPT_mo_activate -mIPOPT_source_files_list=/tmp/pbs.562647.isrv1/icpcslis5x3ZM7 -mIPOPT_mo_global_data -mIPOPT_link_script_file=/tmp/pbs.562647.isrv1/icpcscriptvldsRS "-mIPOPT_cmdline_link="/lib/../lib64/crt1.o" "/lib/../lib64/crti.o" "/apps/all/GCCcore/10.2.0/lib/gcc/x86_64-pc-linux-gnu/10.2.0/crtbegin.o" "--eh-frame-hdr" "--build-id" "-dynamic-linker" "/lib64/ld-linux-x86-64.so.2" "-m" "elf_x86_64" "-o" "cmTC_e9408" "-L/apps/all/intel-compilers/2021.1.2/compiler/2021.1.2/linux/compiler/lib/intel64_lin" "-L/apps/all/intel-compilers/2021.1.2/compiler/2021.1.2/linux/lib/x64" "-L/apps/all/intel-compilers/2021.1.2/compiler/2021.1.2/linux/lib" "-L/apps/all/binutils/2.35-GCCcore-10.2.0/lib" "-L/apps/all/zlib/1.2.11-GCCcore-10.2.0/lib" "-L/apps/all/libarchive/3.4.3-GCCcore-9.3.0/lib" "-L/apps/all/cURL/7.72.0-GCCcore-9.3.0/lib" "-L/apps/all/bzip2/1.0.8-GCCcore-9.3.0/lib" "-L/apps/all/ncurses/6.2-GCCcore-9.3.0/lib" "-L/apps/all/intel-compilers/2021.1.2/compiler/2021.1.2/linux/bin/intel64/../../compiler/lib/intel64_lin" "-L/apps/all/binutils/2.35-GCCcore-10.2.0/lib/../lib64" "-L/apps/all/binutils/2.35-GCCcore-10.2.0/lib/../lib64/" "-L/apps/all/zlib/1.2.11-GCCcore-10.2.0/lib/../lib64" "-L/apps/all/zlib/1.2.11-GCCcore-10.2.0/lib/../lib64/" "-L/apps/all/libarchive/3.4.3-GCCcore-9.3.0/lib/../lib64" "-L/apps/all/libarchive/3.4.3-GCCcore-9.3.0/lib/../lib64/" "-L/apps/all/cURL/7.72.0-GCCcore-9.3.0/lib/../lib64" "-L/apps/all/cURL/7.72.0-GCCcore-9.3.0/lib/../lib64/" "-L/apps/all/GCCcore/10.2.0/lib/gcc/x86_64-pc-linux-gnu/10.2.0/" "-L/apps/all/GCCcore/10.2.0/lib/gcc/x86_64-pc-linux-gnu/10.2.0/../../../../lib64" "-L/apps/all/GCCcore/10.2.0/lib/gcc/x86_64-pc-linux-gnu/10.2.0/../../../../lib64/" "-L/lib/../lib64" "-L/lib/../lib64/" "-L/usr/lib/../lib64" "-L/usr/lib/../lib64/" "-L/apps/all/intel-compilers/2021.1.2/compiler/2021.1.2/linux/compiler/lib/intel64_lin/" "-L/apps/all/intel-compilers/2021.1.2/compiler/2021.1.2/linux/lib/x64/" "-L/apps/all/intel-compilers/2021.1.2/compiler/2021.1.2/linux/lib/" "-L/apps/all/binutils/2.35-GCCcore-10.2.0/lib64" "-L/apps/all/binutils/2.35-GCCcore-10.2.0/lib/" "-L/apps/all/zlib/1.2.11-GCCcore-10.2.0/lib64" "-L/apps/all/zlib/1.2.11-GCCcore-10.2.0/lib/" "-L/apps/all/libarchive/3.4.3-GCCcore-9.3.0/lib64" "-L/apps/all/libarchive/3.4.3-GCCcore-9.3.0/lib/" "-L/apps/all/cURL/7.72.0-GCCcore-9.3.0/lib64" "-L/apps/all/cURL/7.72.0-GCCcore-9.3.0/lib/" "-L/apps/all/bzip2/1.0.8-GCCcore-9.3.0/lib/" "-L/apps/all/ncurses/6.2-GCCcore-9.3.0/lib/" "-L/apps/all/GCCcore/10.2.0/lib/gcc/x86_64-pc-linux-gnu/10.2.0/../../../" "-L/lib64" "-L/lib/" "-L/usr/lib64" "-L/usr/lib" "CMakeFiles/cmTC_e9408.dir/CMakeCXXCompilerABI.cpp.o" "-Bdynamic" "-Bstatic" "-limf" "-lsvml" "-lirng" "-Bdynamic" "-lstdc++" "-lm" "-Bstatic" "-lipgo" "-ldecimal" "--as-needed" "-Bdynamic" "-lcilkrts" "--no-as-needed" "-lstdc++" "-lgcc" "-lgcc_s" "-Bstatic" "-lirc" "-lsvml" "-Bdynamic" "-lc" "-lgcc" "-lgcc_s" "-Bstatic" "-lirc_s" "-Bdynamic" "-ldl" "-lc" "/apps/all/GCCcore/10.2.0/lib/gcc/x86_64-pc-linux-gnu/10.2.0/crtend.o" "/lib/../lib64/crtn.o"" -mIPOPT_il_in_obj -mIPOPT_ipo_activate_warn=FALSE -mIPOPT_obj_output_file_name=/tmp/pbs.562647.isrv1/ipo_icpcjk7hmz.o -mIPOPT_whole_archive_fixup_file_name=/tmp/pbs.562647.isrv1/icpcwarchjs4e59 -mGLOB_linker_version=2.35 -mGLOB_linker=ld -mGLOB_driver_tempfile_name=/tmp/pbs.562647.isrv1/icpctempfilenQ369U -mP3OPT_asm_target=P3OPT_ASM_TARGET_GAS -mGLOB_async_unwind_tables=TRUE -mGLOB_obj_output_file=/tmp/pbs.562647.isrv1/ipo_icpcjk7hmz.o -mGLOB_source_dialect=GLOB_SOURCE_DIALECT_NONE -mP1OPT_source_file_name=ipo_out.c CMakeFiles/cmTC_e9408.dir/CMakeCXXCompilerABI.cpp.o -mIPOPT_object_files=T -mIPOPT_assembly_files=/tmp/pbs.562647.isrv1/icpcalisT1Vbv5 -mIPOPT_generated_tempfiles=/tmp/pbs.562647.isrv1/icpcelisdZTDzQ -mIPOPT_embedded_object_base_name=/tmp/pbs.562647.isrv1/icpceobj1RT5DB -mIPOPT_cmdline_link_new_name=/tmp/pbs.562647.isrv1/icpcllis1eWxIm]
  link line: [ld    /lib/../lib64/crt1.o /lib/../lib64/crti.o /apps/all/GCCcore/10.2.0/lib/gcc/x86_64-pc-linux-gnu/10.2.0/crtbegin.o --eh-frame-hdr --build-id -dynamic-linker /lib64/ld-linux-x86-64.so.2 -m elf_x86_64 -o cmTC_e9408 -L/apps/all/intel-compilers/2021.1.2/compiler/2021.1.2/linux/compiler/lib/intel64_lin -L/apps/all/intel-compilers/2021.1.2/compiler/2021.1.2/linux/lib/x64 -L/apps/all/intel-compilers/2021.1.2/compiler/2021.1.2/linux/lib -L/apps/all/binutils/2.35-GCCcore-10.2.0/lib -L/apps/all/zlib/1.2.11-GCCcore-10.2.0/lib -L/apps/all/libarchive/3.4.3-GCCcore-9.3.0/lib -L/apps/all/cURL/7.72.0-GCCcore-9.3.0/lib -L/apps/all/bzip2/1.0.8-GCCcore-9.3.0/lib -L/apps/all/ncurses/6.2-GCCcore-9.3.0/lib -L/apps/all/intel-compilers/2021.1.2/compiler/2021.1.2/linux/bin/intel64/../../compiler/lib/intel64_lin -L/apps/all/binutils/2.35-GCCcore-10.2.0/lib/../lib64 -L/apps/all/binutils/2.35-GCCcore-10.2.0/lib/../lib64/ -L/apps/all/zlib/1.2.11-GCCcore-10.2.0/lib/../lib64 -L/apps/all/zlib/1.2.11-GCCcore-10.2.0/lib/../lib64/ -L/apps/all/libarchive/3.4.3-GCCcore-9.3.0/lib/../lib64 -L/apps/all/libarchive/3.4.3-GCCcore-9.3.0/lib/../lib64/ -L/apps/all/cURL/7.72.0-GCCcore-9.3.0/lib/../lib64 -L/apps/all/cURL/7.72.0-GCCcore-9.3.0/lib/../lib64/ -L/apps/all/GCCcore/10.2.0/lib/gcc/x86_64-pc-linux-gnu/10.2.0/ -L/apps/all/GCCcore/10.2.0/lib/gcc/x86_64-pc-linux-gnu/10.2.0/../../../../lib64 -L/apps/all/GCCcore/10.2.0/lib/gcc/x86_64-pc-linux-gnu/10.2.0/../../../../lib64/ -L/lib/../lib64 -L/lib/../lib64/ -L/usr/lib/../lib64 -L/usr/lib/../lib64/ -L/apps/all/intel-compilers/2021.1.2/compiler/2021.1.2/linux/compiler/lib/intel64_lin/ -L/apps/all/intel-compilers/2021.1.2/compiler/2021.1.2/linux/lib/x64/ -L/apps/all/intel-compilers/2021.1.2/compiler/2021.1.2/linux/lib/ -L/apps/all/binutils/2.35-GCCcore-10.2.0/lib64 -L/apps/all/binutils/2.35-GCCcore-10.2.0/lib/ -L/apps/all/zlib/1.2.11-GCCcore-10.2.0/lib64 -L/apps/all/zlib/1.2.11-GCCcore-10.2.0/lib/ -L/apps/all/libarchive/3.4.3-GCCcore-9.3.0/lib64 -L/apps/all/libarchive/3.4.3-GCCcore-9.3.0/lib/ -L/apps/all/cURL/7.72.0-GCCcore-9.3.0/lib64 -L/apps/all/cURL/7.72.0-GCCcore-9.3.0/lib/ -L/apps/all/bzip2/1.0.8-GCCcore-9.3.0/lib/ -L/apps/all/ncurses/6.2-GCCcore-9.3.0/lib/ -L/apps/all/GCCcore/10.2.0/lib/gcc/x86_64-pc-linux-gnu/10.2.0/../../../ -L/lib64 -L/lib/ -L/usr/lib64 -L/usr/lib CMakeFiles/cmTC_e9408.dir/CMakeCXXCompilerABI.cpp.o -Bdynamic -Bstatic -limf -lsvml -lirng -Bdynamic -lstdc++ -lm -Bstatic -lipgo -ldecimal --as-needed -Bdynamic -lcilkrts --no-as-needed -lstdc++ -lgcc -lgcc_s -Bstatic -lirc -lsvml -Bdynamic -lc -lgcc -lgcc_s -Bstatic -lirc_s -Bdynamic -ldl -lc /apps/all/GCCcore/10.2.0/lib/gcc/x86_64-pc-linux-gnu/10.2.0/crtend.o /lib/../lib64/crtn.o]
    arg [ld] ==> ignore
    arg [/lib/../lib64/crt1.o] ==> obj [/lib/../lib64/crt1.o]
    arg [/lib/../lib64/crti.o] ==> obj [/lib/../lib64/crti.o]
    arg [/apps/all/GCCcore/10.2.0/lib/gcc/x86_64-pc-linux-gnu/10.2.0/crtbegin.o] ==> obj [/apps/all/GCCcore/10.2.0/lib/gcc/x86_64-pc-linux-gnu/10.2.0/crtbegin.o]
    arg [--eh-frame-hdr] ==> ignore
    arg [--build-id] ==> ignore
    arg [-dynamic-linker] ==> ignore
    arg [/lib64/ld-linux-x86-64.so.2] ==> ignore
    arg [-m] ==> ignore
    arg [elf_x86_64] ==> ignore
    arg [-o] ==> ignore
    arg [cmTC_e9408] ==> ignore
    arg [-L/apps/all/intel-compilers/2021.1.2/compiler/2021.1.2/linux/compiler/lib/intel64_lin] ==> dir [/apps/all/intel-compilers/2021.1.2/compiler/2021.1.2/linux/compiler/lib/intel64_lin]
    arg [-L/apps/all/intel-compilers/2021.1.2/compiler/2021.1.2/linux/lib/x64] ==> dir [/apps/all/intel-compilers/2021.1.2/compiler/2021.1.2/linux/lib/x64]
    arg [-L/apps/all/intel-compilers/2021.1.2/compiler/2021.1.2/linux/lib] ==> dir [/apps/all/intel-compilers/2021.1.2/compiler/2021.1.2/linux/lib]
    arg [-L/apps/all/binutils/2.35-GCCcore-10.2.0/lib] ==> dir [/apps/all/binutils/2.35-GCCcore-10.2.0/lib]
    arg [-L/apps/all/zlib/1.2.11-GCCcore-10.2.0/lib] ==> dir [/apps/all/zlib/1.2.11-GCCcore-10.2.0/lib]
    arg [-L/apps/all/libarchive/3.4.3-GCCcore-9.3.0/lib] ==> dir [/apps/all/libarchive/3.4.3-GCCcore-9.3.0/lib]
    arg [-L/apps/all/cURL/7.72.0-GCCcore-9.3.0/lib] ==> dir [/apps/all/cURL/7.72.0-GCCcore-9.3.0/lib]
    arg [-L/apps/all/bzip2/1.0.8-GCCcore-9.3.0/lib] ==> dir [/apps/all/bzip2/1.0.8-GCCcore-9.3.0/lib]
    arg [-L/apps/all/ncurses/6.2-GCCcore-9.3.0/lib] ==> dir [/apps/all/ncurses/6.2-GCCcore-9.3.0/lib]
    arg [-L/apps/all/intel-compilers/2021.1.2/compiler/2021.1.2/linux/bin/intel64/../../compiler/lib/intel64_lin] ==> dir [/apps/all/intel-compilers/2021.1.2/compiler/2021.1.2/linux/bin/intel64/../../compiler/lib/intel64_lin]
    arg [-L/apps/all/binutils/2.35-GCCcore-10.2.0/lib/../lib64] ==> dir [/apps/all/binutils/2.35-GCCcore-10.2.0/lib/../lib64]
    arg [-L/apps/all/binutils/2.35-GCCcore-10.2.0/lib/../lib64/] ==> dir [/apps/all/binutils/2.35-GCCcore-10.2.0/lib/../lib64/]
    arg [-L/apps/all/zlib/1.2.11-GCCcore-10.2.0/lib/../lib64] ==> dir [/apps/all/zlib/1.2.11-GCCcore-10.2.0/lib/../lib64]
    arg [-L/apps/all/zlib/1.2.11-GCCcore-10.2.0/lib/../lib64/] ==> dir [/apps/all/zlib/1.2.11-GCCcore-10.2.0/lib/../lib64/]
    arg [-L/apps/all/libarchive/3.4.3-GCCcore-9.3.0/lib/../lib64] ==> dir [/apps/all/libarchive/3.4.3-GCCcore-9.3.0/lib/../lib64]
    arg [-L/apps/all/libarchive/3.4.3-GCCcore-9.3.0/lib/../lib64/] ==> dir [/apps/all/libarchive/3.4.3-GCCcore-9.3.0/lib/../lib64/]
    arg [-L/apps/all/cURL/7.72.0-GCCcore-9.3.0/lib/../lib64] ==> dir [/apps/all/cURL/7.72.0-GCCcore-9.3.0/lib/../lib64]
    arg [-L/apps/all/cURL/7.72.0-GCCcore-9.3.0/lib/../lib64/] ==> dir [/apps/all/cURL/7.72.0-GCCcore-9.3.0/lib/../lib64/]
    arg [-L/apps/all/GCCcore/10.2.0/lib/gcc/x86_64-pc-linux-gnu/10.2.0/] ==> dir [/apps/all/GCCcore/10.2.0/lib/gcc/x86_64-pc-linux-gnu/10.2.0/]
    arg [-L/apps/all/GCCcore/10.2.0/lib/gcc/x86_64-pc-linux-gnu/10.2.0/../../../../lib64] ==> dir [/apps/all/GCCcore/10.2.0/lib/gcc/x86_64-pc-linux-gnu/10.2.0/../../../../lib64]
    arg [-L/apps/all/GCCcore/10.2.0/lib/gcc/x86_64-pc-linux-gnu/10.2.0/../../../../lib64/] ==> dir [/apps/all/GCCcore/10.2.0/lib/gcc/x86_64-pc-linux-gnu/10.2.0/../../../../lib64/]
    arg [-L/lib/../lib64] ==> dir [/lib/../lib64]
    arg [-L/lib/../lib64/] ==> dir [/lib/../lib64/]
    arg [-L/usr/lib/../lib64] ==> dir [/usr/lib/../lib64]
    arg [-L/usr/lib/../lib64/] ==> dir [/usr/lib/../lib64/]
    arg [-L/apps/all/intel-compilers/2021.1.2/compiler/2021.1.2/linux/compiler/lib/intel64_lin/] ==> dir [/apps/all/intel-compilers/2021.1.2/compiler/2021.1.2/linux/compiler/lib/intel64_lin/]
    arg [-L/apps/all/intel-compilers/2021.1.2/compiler/2021.1.2/linux/lib/x64/] ==> dir [/apps/all/intel-compilers/2021.1.2/compiler/2021.1.2/linux/lib/x64/]
    arg [-L/apps/all/intel-compilers/2021.1.2/compiler/2021.1.2/linux/lib/] ==> dir [/apps/all/intel-compilers/2021.1.2/compiler/2021.1.2/linux/lib/]
    arg [-L/apps/all/binutils/2.35-GCCcore-10.2.0/lib64] ==> dir [/apps/all/binutils/2.35-GCCcore-10.2.0/lib64]
    arg [-L/apps/all/binutils/2.35-GCCcore-10.2.0/lib/] ==> dir [/apps/all/binutils/2.35-GCCcore-10.2.0/lib/]
    arg [-L/apps/all/zlib/1.2.11-GCCcore-10.2.0/lib64] ==> dir [/apps/all/zlib/1.2.11-GCCcore-10.2.0/lib64]
    arg [-L/apps/all/zlib/1.2.11-GCCcore-10.2.0/lib/] ==> dir [/apps/all/zlib/1.2.11-GCCcore-10.2.0/lib/]
    arg [-L/apps/all/libarchive/3.4.3-GCCcore-9.3.0/lib64] ==> dir [/apps/all/libarchive/3.4.3-GCCcore-9.3.0/lib64]
    arg [-L/apps/all/libarchive/3.4.3-GCCcore-9.3.0/lib/] ==> dir [/apps/all/libarchive/3.4.3-GCCcore-9.3.0/lib/]
    arg [-L/apps/all/cURL/7.72.0-GCCcore-9.3.0/lib64] ==> dir [/apps/all/cURL/7.72.0-GCCcore-9.3.0/lib64]
    arg [-L/apps/all/cURL/7.72.0-GCCcore-9.3.0/lib/] ==> dir [/apps/all/cURL/7.72.0-GCCcore-9.3.0/lib/]
    arg [-L/apps/all/bzip2/1.0.8-GCCcore-9.3.0/lib/] ==> dir [/apps/all/bzip2/1.0.8-GCCcore-9.3.0/lib/]
    arg [-L/apps/all/ncurses/6.2-GCCcore-9.3.0/lib/] ==> dir [/apps/all/ncurses/6.2-GCCcore-9.3.0/lib/]
    arg [-L/apps/all/GCCcore/10.2.0/lib/gcc/x86_64-pc-linux-gnu/10.2.0/../../../] ==> dir [/apps/all/GCCcore/10.2.0/lib/gcc/x86_64-pc-linux-gnu/10.2.0/../../../]
    arg [-L/lib64] ==> dir [/lib64]
    arg [-L/lib/] ==> dir [/lib/]
    arg [-L/usr/lib64] ==> dir [/usr/lib64]
    arg [-L/usr/lib] ==> dir [/usr/lib]
    arg [CMakeFiles/cmTC_e9408.dir/CMakeCXXCompilerABI.cpp.o] ==> ignore
    arg [-Bdynamic] ==> search dynamic
    arg [-Bstatic] ==> search static
    arg [-limf] ==> lib [imf]
    arg [-lsvml] ==> lib [svml]
    arg [-lirng] ==> lib [irng]
    arg [-Bdynamic] ==> search dynamic
    arg [-lstdc++] ==> lib [stdc++]
    arg [-lm] ==> lib [m]
    arg [-Bstatic] ==> search static
    arg [-lipgo] ==> lib [ipgo]
    arg [-ldecimal] ==> lib [decimal]
    arg [--as-needed] ==> ignore
    arg [-Bdynamic] ==> search dynamic
    arg [-lcilkrts] ==> lib [cilkrts]
    arg [--no-as-needed] ==> ignore
    arg [-lstdc++] ==> lib [stdc++]
    arg [-lgcc] ==> lib [gcc]
    arg [-lgcc_s] ==> lib [gcc_s]
    arg [-Bstatic] ==> search static
    arg [-lirc] ==> lib [irc]
    arg [-lsvml] ==> lib [svml]
    arg [-Bdynamic] ==> search dynamic
    arg [-lc] ==> lib [c]
    arg [-lgcc] ==> lib [gcc]
    arg [-lgcc_s] ==> lib [gcc_s]
    arg [-Bstatic] ==> search static
    arg [-lirc_s] ==> lib [irc_s]
    arg [-Bdynamic] ==> search dynamic
    arg [-ldl] ==> lib [dl]
    arg [-lc] ==> lib [c]
    arg [/apps/all/GCCcore/10.2.0/lib/gcc/x86_64-pc-linux-gnu/10.2.0/crtend.o] ==> obj [/apps/all/GCCcore/10.2.0/lib/gcc/x86_64-pc-linux-gnu/10.2.0/crtend.o]
    arg [/lib/../lib64/crtn.o] ==> obj [/lib/../lib64/crtn.o]
  collapse obj [/lib/../lib64/crt1.o] ==> [/lib64/crt1.o]
  collapse obj [/lib/../lib64/crti.o] ==> [/lib64/crti.o]
  collapse obj [/lib/../lib64/crtn.o] ==> [/lib64/crtn.o]
  collapse library dir [/apps/all/intel-compilers/2021.1.2/compiler/2021.1.2/linux/compiler/lib/intel64_lin] ==> [/apps/all/intel-compilers/2021.1.2/compiler/2021.1.2/linux/compiler/lib/intel64_lin]
  collapse library dir [/apps/all/intel-compilers/2021.1.2/compiler/2021.1.2/linux/lib/x64] ==> [/apps/all/intel-compilers/2021.1.2/compiler/2021.1.2/linux/lib/x64]
  collapse library dir [/apps/all/intel-compilers/2021.1.2/compiler/2021.1.2/linux/lib] ==> [/apps/all/intel-compilers/2021.1.2/compiler/2021.1.2/linux/lib]
  collapse library dir [/apps/all/binutils/2.35-GCCcore-10.2.0/lib] ==> [/apps/all/binutils/2.35-GCCcore-10.2.0/lib]
  collapse library dir [/apps/all/zlib/1.2.11-GCCcore-10.2.0/lib] ==> [/apps/all/zlib/1.2.11-GCCcore-10.2.0/lib]
  collapse library dir [/apps/all/libarchive/3.4.3-GCCcore-9.3.0/lib] ==> [/apps/all/libarchive/3.4.3-GCCcore-9.3.0/lib]
  collapse library dir [/apps/all/cURL/7.72.0-GCCcore-9.3.0/lib] ==> [/apps/all/cURL/7.72.0-GCCcore-9.3.0/lib]
  collapse library dir [/apps/all/bzip2/1.0.8-GCCcore-9.3.0/lib] ==> [/apps/all/bzip2/1.0.8-GCCcore-9.3.0/lib]
  collapse library dir [/apps/all/ncurses/6.2-GCCcore-9.3.0/lib] ==> [/apps/all/ncurses/6.2-GCCcore-9.3.0/lib]
  collapse library dir [/apps/all/intel-compilers/2021.1.2/compiler/2021.1.2/linux/bin/intel64/../../compiler/lib/intel64_lin] ==> [/apps/all/intel-compilers/2021.1.2/compiler/2021.1.2/linux/compiler/lib/intel64_lin]
  collapse library dir [/apps/all/binutils/2.35-GCCcore-10.2.0/lib/../lib64] ==> [/apps/all/binutils/2.35-GCCcore-10.2.0/lib64]
  collapse library dir [/apps/all/binutils/2.35-GCCcore-10.2.0/lib/../lib64/] ==> [/apps/all/binutils/2.35-GCCcore-10.2.0/lib64]
  collapse library dir [/apps/all/zlib/1.2.11-GCCcore-10.2.0/lib/../lib64] ==> [/apps/all/zlib/1.2.11-GCCcore-10.2.0/lib64]
  collapse library dir [/apps/all/zlib/1.2.11-GCCcore-10.2.0/lib/../lib64/] ==> [/apps/all/zlib/1.2.11-GCCcore-10.2.0/lib64]
  collapse library dir [/apps/all/libarchive/3.4.3-GCCcore-9.3.0/lib/../lib64] ==> [/apps/all/libarchive/3.4.3-GCCcore-9.3.0/lib64]
  collapse library dir [/apps/all/libarchive/3.4.3-GCCcore-9.3.0/lib/../lib64/] ==> [/apps/all/libarchive/3.4.3-GCCcore-9.3.0/lib64]
  collapse library dir [/apps/all/cURL/7.72.0-GCCcore-9.3.0/lib/../lib64] ==> [/apps/all/cURL/7.72.0-GCCcore-9.3.0/lib64]
  collapse library dir [/apps/all/cURL/7.72.0-GCCcore-9.3.0/lib/../lib64/] ==> [/apps/all/cURL/7.72.0-GCCcore-9.3.0/lib64]
  collapse library dir [/apps/all/GCCcore/10.2.0/lib/gcc/x86_64-pc-linux-gnu/10.2.0/] ==> [/apps/all/GCCcore/10.2.0/lib/gcc/x86_64-pc-linux-gnu/10.2.0]
  collapse library dir [/apps/all/GCCcore/10.2.0/lib/gcc/x86_64-pc-linux-gnu/10.2.0/../../../../lib64] ==> [/apps/all/GCCcore/10.2.0/lib64]
  collapse library dir [/apps/all/GCCcore/10.2.0/lib/gcc/x86_64-pc-linux-gnu/10.2.0/../../../../lib64/] ==> [/apps/all/GCCcore/10.2.0/lib64]
  collapse library dir [/lib/../lib64] ==> [/lib64]
  collapse library dir [/lib/../lib64/] ==> [/lib64]
  collapse library dir [/usr/lib/../lib64] ==> [/usr/lib64]
  collapse library dir [/usr/lib/../lib64/] ==> [/usr/lib64]
  collapse library dir [/apps/all/intel-compilers/2021.1.2/compiler/2021.1.2/linux/compiler/lib/intel64_lin/] ==> [/apps/all/intel-compilers/2021.1.2/compiler/2021.1.2/linux/compiler/lib/intel64_lin]
  collapse library dir [/apps/all/intel-compilers/2021.1.2/compiler/2021.1.2/linux/lib/x64/] ==> [/apps/all/intel-compilers/2021.1.2/compiler/2021.1.2/linux/lib/x64]
  collapse library dir [/apps/all/intel-compilers/2021.1.2/compiler/2021.1.2/linux/lib/] ==> [/apps/all/intel-compilers/2021.1.2/compiler/2021.1.2/linux/lib]
  collapse library dir [/apps/all/binutils/2.35-GCCcore-10.2.0/lib64] ==> [/apps/all/binutils/2.35-GCCcore-10.2.0/lib64]
  collapse library dir [/apps/all/binutils/2.35-GCCcore-10.2.0/lib/] ==> [/apps/all/binutils/2.35-GCCcore-10.2.0/lib]
  collapse library dir [/apps/all/zlib/1.2.11-GCCcore-10.2.0/lib64] ==> [/apps/all/zlib/1.2.11-GCCcore-10.2.0/lib64]
  collapse library dir [/apps/all/zlib/1.2.11-GCCcore-10.2.0/lib/] ==> [/apps/all/zlib/1.2.11-GCCcore-10.2.0/lib]
  collapse library dir [/apps/all/libarchive/3.4.3-GCCcore-9.3.0/lib64] ==> [/apps/all/libarchive/3.4.3-GCCcore-9.3.0/lib64]
  collapse library dir [/apps/all/libarchive/3.4.3-GCCcore-9.3.0/lib/] ==> [/apps/all/libarchive/3.4.3-GCCcore-9.3.0/lib]
  collapse library dir [/apps/all/cURL/7.72.0-GCCcore-9.3.0/lib64] ==> [/apps/all/cURL/7.72.0-GCCcore-9.3.0/lib64]
  collapse library dir [/apps/all/cURL/7.72.0-GCCcore-9.3.0/lib/] ==> [/apps/all/cURL/7.72.0-GCCcore-9.3.0/lib]
  collapse library dir [/apps/all/bzip2/1.0.8-GCCcore-9.3.0/lib/] ==> [/apps/all/bzip2/1.0.8-GCCcore-9.3.0/lib]
  collapse library dir [/apps/all/ncurses/6.2-GCCcore-9.3.0/lib/] ==> [/apps/all/ncurses/6.2-GCCcore-9.3.0/lib]
  collapse library dir [/apps/all/GCCcore/10.2.0/lib/gcc/x86_64-pc-linux-gnu/10.2.0/../../../] ==> [/apps/all/GCCcore/10.2.0/lib]
  collapse library dir [/lib64] ==> [/lib64]
  collapse library dir [/lib/] ==> [/lib]
  collapse library dir [/usr/lib64] ==> [/usr/lib64]
  collapse library dir [/usr/lib] ==> [/usr/lib]
  implicit libs: [imf;svml;irng;stdc++;m;ipgo;decimal;cilkrts;stdc++;gcc;gcc_s;irc;svml;c;gcc;gcc_s;irc_s;dl;c]
  implicit objs: [/lib64/crt1.o;/lib64/crti.o;/apps/all/GCCcore/10.2.0/lib/gcc/x86_64-pc-linux-gnu/10.2.0/crtbegin.o;/apps/all/GCCcore/10.2.0/lib/gcc/x86_64-pc-linux-gnu/10.2.0/crtend.o;/lib64/crtn.o]
  implicit dirs: [/apps/all/intel-compilers/2021.1.2/compiler/2021.1.2/linux/compiler/lib/intel64_lin;/apps/all/intel-compilers/2021.1.2/compiler/2021.1.2/linux/lib/x64;/apps/all/intel-compilers/2021.1.2/compiler/2021.1.2/linux/lib;/apps/all/binutils/2.35-GCCcore-10.2.0/lib;/apps/all/zlib/1.2.11-GCCcore-10.2.0/lib;/apps/all/libarchive/3.4.3-GCCcore-9.3.0/lib;/apps/all/cURL/7.72.0-GCCcore-9.3.0/lib;/apps/all/bzip2/1.0.8-GCCcore-9.3.0/lib;/apps/all/ncurses/6.2-GCCcore-9.3.0/lib;/apps/all/binutils/2.35-GCCcore-10.2.0/lib64;/apps/all/zlib/1.2.11-GCCcore-10.2.0/lib64;/apps/all/libarchive/3.4.3-GCCcore-9.3.0/lib64;/apps/all/cURL/7.72.0-GCCcore-9.3.0/lib64;/apps/all/GCCcore/10.2.0/lib/gcc/x86_64-pc-linux-gnu/10.2.0;/apps/all/GCCcore/10.2.0/lib64;/lib64;/usr/lib64;/apps/all/GCCcore/10.2.0/lib;/lib;/usr/lib]
  implicit fwks: []


