<?xml version="1.0" encoding="utf-8"?>
<log version="1.0" tool="runtool">

<msg id="1" tool="runtool">
  <type>log-start</type>
  <arg>2021/11/13 17:38:17</arg>
</msg>
<msg id="2" tool="runtool">
  <type>bandwidth-measurement-starts</type>
</msg>
<msg id="3" tool="runtool">
  <type>bandwidth-measurement-done</type>
</msg>
<msg id="4" tool="runtool">
  <type>collector-starts</type>
</msg>
<msg id="5" tool="runtool">
  <type>marker-file</type>
  <arg>/home/training/dd-21-22-89/Assignment/build_advisor/Advisor-line/e000/trc000/trc000.advixe</arg>
</msg>
<msg id="6" tool="trc">
  <type>PROCESS_START</type>
  <arg>/home/training/dd-21-22-89/Assignment/build_advisor/mandelbrot</arg>
  <arg>7650</arg>
  <severity>INFO</severity>
  <timestamp>Sat Nov 13 17:38:31 2021</timestamp>
</msg>
<msg id="7" tool="trc">
  <type>PROCESS_ANALYSIS_MODE</type>
  <arg>full</arg>
  <severity>INFO</severity>
  <timestamp>Sat Nov 13 17:38:31 2021</timestamp>
</msg>
<msg id="8" tool="trc">
  <type>LOAD_MODULE</type>
  <arg>/home/training/dd-21-22-89/Assignment/build_advisor/mandelbrot</arg>
  <arg>0x400000</arg>
  <arg>0x4859bf</arg>
  <arg>yes</arg>
  <severity>INFO</severity>
  <timestamp>Sat Nov 13 17:38:31 2021</timestamp>
</msg>
<msg id="9" tool="trc">
  <type>LOAD_MODULE</type>
  <arg>/lib64/ld-linux-x86-64.so.2</arg>
  <arg>0x2b2556b88000</arg>
  <arg>0x2b2556dab14f</arg>
  <arg>yes</arg>
  <severity>INFO</severity>
  <timestamp>Sat Nov 13 17:38:31 2021</timestamp>
</msg>
<msg id="10" tool="trc">
  <type>LOAD_MODULE</type>
  <arg>[vdso]</arg>
  <arg>0x7fffbc9e3000</arg>
  <arg>0x7fffbc9e3e6c</arg>
  <arg>no</arg>
  <severity>INFO</severity>
  <timestamp>Sat Nov 13 17:38:31 2021</timestamp>
</msg>
<msg id="11" tool="trc">
  <type>LOAD_MODULE</type>
  <arg>/apps/all/zlib/1.2.11-GCCcore-10.2.0/lib/libz.so.1</arg>
  <arg>0x2b256c7a1000</arg>
  <arg>0x2b256c7b9170</arg>
  <arg>yes</arg>
  <severity>INFO</severity>
  <timestamp>Sat Nov 13 17:38:31 2021</timestamp>
</msg>
<msg id="12" tool="trc">
  <type>LOAD_MODULE</type>
  <arg>/apps/all/GCCcore/10.2.0/lib64/libstdc++.so.6</arg>
  <arg>0x2b256c7ec000</arg>
  <arg>0x2b256c9d117f</arg>
  <arg>yes</arg>
  <severity>INFO</severity>
  <timestamp>Sat Nov 13 17:38:31 2021</timestamp>
</msg>
<msg id="13" tool="trc">
  <type>LOAD_MODULE</type>
  <arg>/lib64/libm.so.6</arg>
  <arg>0x2b256d03b000</arg>
  <arg>0x2b256d33c137</arg>
  <arg>yes</arg>
  <severity>INFO</severity>
  <timestamp>Sat Nov 13 17:38:31 2021</timestamp>
</msg>
<msg id="14" tool="trc">
  <type>LOAD_MODULE</type>
  <arg>/apps/all/GCCcore/10.2.0/lib64/libgcc_s.so.1</arg>
  <arg>0x2b256d33d000</arg>
  <arg>0x2b256d355447</arg>
  <arg>yes</arg>
  <severity>INFO</severity>
  <timestamp>Sat Nov 13 17:38:31 2021</timestamp>
</msg>
<msg id="15" tool="trc">
  <type>LOAD_MODULE</type>
  <arg>/lib64/libc.so.6</arg>
  <arg>0x2b256d356000</arg>
  <arg>0x2b256d7231ff</arg>
  <arg>yes</arg>
  <severity>INFO</severity>
  <timestamp>Sat Nov 13 17:38:32 2021</timestamp>
</msg>
<msg id="16" tool="trc">
  <type>LOAD_MODULE</type>
  <arg>/lib64/libdl.so.2</arg>
  <arg>0x2b256d724000</arg>
  <arg>0x2b256d92712f</arg>
  <arg>yes</arg>
  <severity>INFO</severity>
  <timestamp>Sat Nov 13 17:38:32 2021</timestamp>
</msg>
<msg id="17" tool="trc">
  <type>UNLOAD_MODULE</type>
  <arg>/home/training/dd-21-22-89/Assignment/build_advisor/mandelbrot</arg>
  <severity>INFO</severity>
  <timestamp>Sat Nov 13 17:38:40 2021</timestamp>
</msg>
<msg id="18" tool="trc">
  <type>UNLOAD_MODULE</type>
  <arg>/lib64/ld-linux-x86-64.so.2</arg>
  <severity>INFO</severity>
  <timestamp>Sat Nov 13 17:38:40 2021</timestamp>
</msg>
<msg id="19" tool="trc">
  <type>UNLOAD_MODULE</type>
  <arg>[vdso]</arg>
  <severity>INFO</severity>
  <timestamp>Sat Nov 13 17:38:40 2021</timestamp>
</msg>
<msg id="20" tool="trc">
  <type>UNLOAD_MODULE</type>
  <arg>/apps/all/zlib/1.2.11-GCCcore-10.2.0/lib/libz.so.1</arg>
  <severity>INFO</severity>
  <timestamp>Sat Nov 13 17:38:40 2021</timestamp>
</msg>
<msg id="21" tool="trc">
  <type>UNLOAD_MODULE</type>
  <arg>/apps/all/GCCcore/10.2.0/lib64/libstdc++.so.6</arg>
  <severity>INFO</severity>
  <timestamp>Sat Nov 13 17:38:40 2021</timestamp>
</msg>
<msg id="22" tool="trc">
  <type>UNLOAD_MODULE</type>
  <arg>/lib64/libm.so.6</arg>
  <severity>INFO</severity>
  <timestamp>Sat Nov 13 17:38:40 2021</timestamp>
</msg>
<msg id="23" tool="trc">
  <type>UNLOAD_MODULE</type>
  <arg>/apps/all/GCCcore/10.2.0/lib64/libgcc_s.so.1</arg>
  <severity>INFO</severity>
  <timestamp>Sat Nov 13 17:38:40 2021</timestamp>
</msg>
<msg id="24" tool="trc">
  <type>UNLOAD_MODULE</type>
  <arg>/lib64/libc.so.6</arg>
  <severity>INFO</severity>
  <timestamp>Sat Nov 13 17:38:40 2021</timestamp>
</msg>
<msg id="25" tool="trc">
  <type>UNLOAD_MODULE</type>
  <arg>/lib64/libdl.so.2</arg>
  <severity>INFO</severity>
  <timestamp>Sat Nov 13 17:38:40 2021</timestamp>
</msg>
<msg id="26" tool="trc">
  <type>PROCESS_FINISH</type>
  <arg>/home/training/dd-21-22-89/Assignment/build_advisor/mandelbrot</arg>
  <arg>7650</arg>
  <arg>0x0</arg>
  <severity>INFO</severity>
  <timestamp>Sat Nov 13 17:38:40 2021</timestamp>
</msg>
<msg id="27" tool="runtool">
  <type>app-exit-code</type>
  <arg>0</arg>
</msg>
<msg id="28" tool="runtool">
  <type>marker-file</type>
  <arg>/home/training/dd-21-22-89/Assignment/build_advisor/Advisor-line/e000/trc000/trc000.advixe</arg>
</msg>
<msg id="29" tool="runtool">
  <type>collector-done</type>
</msg>
<msg id="30" tool="runtool">
  <type>log-end</type>
  <arg>2021/11/13 17:38:44</arg>
</msg>

</log>

