
21702 : 0xd8e9b5db5aa44 : 1 : spill_jit_data :  Jit agent is not initialized
21702 : 0xd8e9b5db68a71 : 2 : ittapi_config_mask_get :  --itt-config mask to be applied: 55
21702 : 0xd8e9b5db6a562 : 2 : ittapi_config_apply_per_lib :  ITTAPI function instrumented: __itt_domain_create
21702 : 0xd8e9b5db6b335 : 2 : ittapi_config_apply_per_lib :  ITTAPI function instrumented: __itt_module_load_with_sections
21702 : 0xd8e9b5db6c25b : 2 : ittapi_config_apply_per_lib :  ITTAPI function not implemented: __itt_module_unload_with_sections
21702 : 0xd8e9b5db6cd7f : 2 : ittapi_config_apply_per_lib :  ITTAPI function instrumented: __itt_string_handle_create
21702 : 0xd8e9b5db6d759 : 2 : ittapi_config_apply_per_lib :  ITTAPI function instrumented: __itt_counter_create
21702 : 0xd8e9b5db6e090 : 2 : ittapi_config_apply_per_lib :  ITTAPI function instrumented: __itt_counter_create_typed
21702 : 0xd8e9b5db6ec29 : 2 : ittapi_config_apply_per_lib :  ITTAPI function instrumented: __itt_pause
21702 : 0xd8e9b5db6f7b6 : 2 : ittapi_config_apply_per_lib :  ITTAPI function instrumented: __itt_resume
21702 : 0xd8e9b5db73b7e : 2 : ittapi_config_apply_per_lib :  ITTAPI function instrumented: __itt_thread_set_name
21702 : 0xd8e9b5db748d5 : 2 : ittapi_config_apply_per_lib :  ITTAPI function instrumented: __itt_thread_ignore
21702 : 0xd8e9b5db75283 : 2 : ittapi_config_apply_per_lib :  ITTAPI function instrumented: __itt_thr_name_set
21702 : 0xd8e9b5db75c82 : 2 : ittapi_config_apply_per_lib :  ITTAPI function instrumented: __itt_thr_ignore
21702 : 0xd8e9b5db76a5f : 2 : ittapi_config_apply_per_lib :  ITTAPI function not implemented: __itt_enable_attach
21702 : 0xd8e9b5db7743d : 2 : ittapi_config_apply_per_lib :  ITTAPI function instrumented: __itt_detach
21702 : 0xd8e9b5db77986 : 2 : ittapi_config_apply_per_lib :  ITTAPI function NOT instrumented (not matched by --itt-config option): __itt_sync_create

21702 : 0xd8e9b5db7d7a7 : 2 : ittapi_config_apply_per_lib :  ITTAPI function NOT instrumented (not matched by --itt-config option): __itt_sync_rename

21702 : 0xd8e9b5db7de54 : 2 : ittapi_config_apply_per_lib :  ITTAPI function NOT instrumented (not matched by --itt-config option): __itt_sync_destroy

21702 : 0xd8e9b5db7e46e : 2 : ittapi_config_apply_per_lib :  ITTAPI function NOT instrumented (not matched by --itt-config option): __itt_sync_prepare

21702 : 0xd8e9b5db7fd3d : 2 : ittapi_config_apply_per_lib :  ITTAPI function NOT instrumented (not matched by --itt-config option): __itt_sync_cancel

21702 : 0xd8e9b5db80293 : 2 : ittapi_config_apply_per_lib :  ITTAPI function NOT instrumented (not matched by --itt-config option): __itt_sync_acquired

21702 : 0xd8e9b5db80832 : 2 : ittapi_config_apply_per_lib :  ITTAPI function NOT instrumented (not matched by --itt-config option): __itt_sync_releasing

21702 : 0xd8e9b5db81601 : 2 : ittapi_config_apply_per_lib :  ITTAPI function not implemented: __itt_suppress_push
21702 : 0xd8e9b5db82413 : 2 : ittapi_config_apply_per_lib :  ITTAPI function not implemented: __itt_suppress_pop
21702 : 0xd8e9b5db83214 : 2 : ittapi_config_apply_per_lib :  ITTAPI function not implemented: __itt_suppress_mark_range
21702 : 0xd8e9b5db83df3 : 2 : ittapi_config_apply_per_lib :  ITTAPI function not implemented: __itt_suppress_clear_range
21702 : 0xd8e9b5db843c8 : 2 : ittapi_config_apply_per_lib :  ITTAPI function NOT instrumented (not matched by --itt-config option): __itt_sync_prepare

21702 : 0xd8e9b5db84906 : 2 : ittapi_config_apply_per_lib :  ITTAPI function NOT instrumented (not matched by --itt-config option): __itt_sync_cancel

21702 : 0xd8e9b5db84df9 : 2 : ittapi_config_apply_per_lib :  ITTAPI function NOT instrumented (not matched by --itt-config option): __itt_sync_acquired

21702 : 0xd8e9b5db8651d : 2 : ittapi_config_apply_per_lib :  ITTAPI function NOT instrumented (not matched by --itt-config option): __itt_sync_releasing

21702 : 0xd8e9b5db86c0a : 2 : ittapi_config_apply_per_lib :  ITTAPI function NOT instrumented (not matched by --itt-config option): __itt_model_site_begin

21702 : 0xd8e9b5db87163 : 2 : ittapi_config_apply_per_lib :  ITTAPI function NOT instrumented (not matched by --itt-config option): __itt_model_site_end

21702 : 0xd8e9b5db876a3 : 2 : ittapi_config_apply_per_lib :  ITTAPI function NOT instrumented (not matched by --itt-config option): __itt_model_task_begin

21702 : 0xd8e9b5db87ba1 : 2 : ittapi_config_apply_per_lib :  ITTAPI function NOT instrumented (not matched by --itt-config option): __itt_model_task_end

21702 : 0xd8e9b5db880d4 : 2 : ittapi_config_apply_per_lib :  ITTAPI function NOT instrumented (not matched by --itt-config option): __itt_model_lock_acquire

21702 : 0xd8e9b5db886ac : 2 : ittapi_config_apply_per_lib :  ITTAPI function NOT instrumented (not matched by --itt-config option): __itt_model_lock_release

21702 : 0xd8e9b5db88bcf : 2 : ittapi_config_apply_per_lib :  ITTAPI function NOT instrumented (not matched by --itt-config option): __itt_model_record_allocation

21702 : 0xd8e9b5db8911d : 2 : ittapi_config_apply_per_lib :  ITTAPI function NOT instrumented (not matched by --itt-config option): __itt_model_record_deallocation

21702 : 0xd8e9b5db89642 : 2 : ittapi_config_apply_per_lib :  ITTAPI function NOT instrumented (not matched by --itt-config option): __itt_model_induction_uses

21702 : 0xd8e9b5db8b94e : 2 : ittapi_config_apply_per_lib :  ITTAPI function NOT instrumented (not matched by --itt-config option): __itt_model_reduction_uses

21702 : 0xd8e9b5db8bebc : 2 : ittapi_config_apply_per_lib :  ITTAPI function NOT instrumented (not matched by --itt-config option): __itt_model_observe_uses

21702 : 0xd8e9b5db8c409 : 2 : ittapi_config_apply_per_lib :  ITTAPI function NOT instrumented (not matched by --itt-config option): __itt_model_clear_uses

21702 : 0xd8e9b5db8c92e : 2 : ittapi_config_apply_per_lib :  ITTAPI function NOT instrumented (not matched by --itt-config option): __itt_model_site_beginA

21702 : 0xd8e9b5db8ceb8 : 2 : ittapi_config_apply_per_lib :  ITTAPI function NOT instrumented (not matched by --itt-config option): __itt_model_site_beginAL

21702 : 0xd8e9b5db8d3dc : 2 : ittapi_config_apply_per_lib :  ITTAPI function NOT instrumented (not matched by --itt-config option): __itt_model_task_beginA

21702 : 0xd8e9b5db8d8dc : 2 : ittapi_config_apply_per_lib :  ITTAPI function NOT instrumented (not matched by --itt-config option): __itt_model_task_beginAL

21702 : 0xd8e9b5db8de08 : 2 : ittapi_config_apply_per_lib :  ITTAPI function NOT instrumented (not matched by --itt-config option): __itt_model_iteration_taskA

21702 : 0xd8e9b5db8e2f1 : 2 : ittapi_config_apply_per_lib :  ITTAPI function NOT instrumented (not matched by --itt-config option): __itt_model_iteration_taskAL

21702 : 0xd8e9b5db8e7d0 : 2 : ittapi_config_apply_per_lib :  ITTAPI function NOT instrumented (not matched by --itt-config option): __itt_model_site_end_2

21702 : 0xd8e9b5db9009f : 2 : ittapi_config_apply_per_lib :  ITTAPI function NOT instrumented (not matched by --itt-config option): __itt_model_task_end_2

21702 : 0xd8e9b5db905ba : 2 : ittapi_config_apply_per_lib :  ITTAPI function NOT instrumented (not matched by --itt-config option): __itt_model_lock_acquire_2

21702 : 0xd8e9b5db90b4e : 2 : ittapi_config_apply_per_lib :  ITTAPI function NOT instrumented (not matched by --itt-config option): __itt_model_lock_release_2

21702 : 0xd8e9b5db91058 : 2 : ittapi_config_apply_per_lib :  ITTAPI function NOT instrumented (not matched by --itt-config option): __itt_model_aggregate_task

21702 : 0xd8e9b5db91558 : 2 : ittapi_config_apply_per_lib :  ITTAPI function NOT instrumented (not matched by --itt-config option): __itt_model_disable_push

21702 : 0xd8e9b5db91a43 : 2 : ittapi_config_apply_per_lib :  ITTAPI function NOT instrumented (not matched by --itt-config option): __itt_model_disable_pop

21702 : 0xd8e9b5db9247e : 2 : ittapi_config_apply_per_lib :  ITTAPI function instrumented: __itt_heap_function_create
21702 : 0xd8e9b5db92e5a : 2 : ittapi_config_apply_per_lib :  ITTAPI function instrumented: __itt_heap_allocate_begin
21702 : 0xd8e9b5db93827 : 2 : ittapi_config_apply_per_lib :  ITTAPI function instrumented: __itt_heap_allocate_end
21702 : 0xd8e9b5db9423a : 2 : ittapi_config_apply_per_lib :  ITTAPI function instrumented: __itt_heap_free_begin
21702 : 0xd8e9b5db9666a : 2 : ittapi_config_apply_per_lib :  ITTAPI function instrumented: __itt_heap_free_end
21702 : 0xd8e9b5db9709e : 2 : ittapi_config_apply_per_lib :  ITTAPI function instrumented: __itt_heap_reallocate_begin
21702 : 0xd8e9b5db97a25 : 2 : ittapi_config_apply_per_lib :  ITTAPI function instrumented: __itt_heap_reallocate_end
21702 : 0xd8e9b5db9867b : 2 : ittapi_config_apply_per_lib :  ITTAPI function not implemented: __itt_heap_internal_access_begin
21702 : 0xd8e9b5db99173 : 2 : ittapi_config_apply_per_lib :  ITTAPI function not implemented: __itt_heap_internal_access_end
21702 : 0xd8e9b5db99c38 : 2 : ittapi_config_apply_per_lib :  ITTAPI function not implemented: __itt_heap_record_memory_growth_begin
21702 : 0xd8e9b5db9a729 : 2 : ittapi_config_apply_per_lib :  ITTAPI function not implemented: __itt_heap_record_memory_growth_end
21702 : 0xd8e9b5db9b318 : 2 : ittapi_config_apply_per_lib :  ITTAPI function not implemented: __itt_heap_reset_detection
21702 : 0xd8e9b5db9be07 : 2 : ittapi_config_apply_per_lib :  ITTAPI function not implemented: __itt_heap_record
21702 : 0xd8e9b5db9c88a : 2 : ittapi_config_apply_per_lib :  ITTAPI function not implemented: __itt_id_create
21702 : 0xd8e9b5db9e39b : 2 : ittapi_config_apply_per_lib :  ITTAPI function not implemented: __itt_id_destroy
21702 : 0xd8e9b5db9ecf3 : 2 : ittapi_config_apply_per_lib :  ITTAPI function instrumented: __itt_get_timestamp
21702 : 0xd8e9b5db9f6f1 : 2 : ittapi_config_apply_per_lib :  ITTAPI function not implemented: __itt_region_begin
21702 : 0xd8e9b5dba014f : 2 : ittapi_config_apply_per_lib :  ITTAPI function not implemented: __itt_region_end
21702 : 0xd8e9b5dba15c1 : 2 : ittapi_config_apply_per_lib :  ITTAPI function instrumented: __itt_frame_begin_v3
21702 : 0xd8e9b5dba205a : 2 : ittapi_config_apply_per_lib :  ITTAPI function instrumented: __itt_frame_end_v3
21702 : 0xd8e9b5dba29fb : 2 : ittapi_config_apply_per_lib :  ITTAPI function instrumented: __itt_frame_submit_v3
21702 : 0xd8e9b5dba3448 : 2 : ittapi_config_apply_per_lib :  ITTAPI function not implemented: __itt_task_group
21702 : 0xd8e9b5dba3e0a : 2 : ittapi_config_apply_per_lib :  ITTAPI function instrumented: __itt_task_begin
21702 : 0xd8e9b5dba4791 : 2 : ittapi_config_apply_per_lib :  ITTAPI function instrumented: __itt_task_begin_fn
21702 : 0xd8e9b5dba6099 : 2 : ittapi_config_apply_per_lib :  ITTAPI function instrumented: __itt_task_end
21702 : 0xd8e9b5dba6bed : 2 : ittapi_config_apply_per_lib :  ITTAPI function not implemented: __itt_counter_inc_v3
21702 : 0xd8e9b5dba77a4 : 2 : ittapi_config_apply_per_lib :  ITTAPI function not implemented: __itt_counter_inc_delta_v3
21702 : 0xd8e9b5dba827d : 2 : ittapi_config_apply_per_lib :  ITTAPI function not implemented: __itt_counter_dec_v3
21702 : 0xd8e9b5dba8d85 : 2 : ittapi_config_apply_per_lib :  ITTAPI function not implemented: __itt_counter_dec_delta_v3
21702 : 0xd8e9b5dba9858 : 2 : ittapi_config_apply_per_lib :  ITTAPI function not implemented: __itt_marker
21702 : 0xd8e9b5dbaa295 : 2 : ittapi_config_apply_per_lib :  ITTAPI function instrumented: __itt_metadata_add
21702 : 0xd8e9b5dbaad9d : 2 : ittapi_config_apply_per_lib :  ITTAPI function not implemented: __itt_metadata_str_add
21702 : 0xd8e9b5dbab7e4 : 2 : ittapi_config_apply_per_lib :  ITTAPI function not implemented: __itt_relation_add_to_current
21702 : 0xd8e9b5dbac2c1 : 2 : ittapi_config_apply_per_lib :  ITTAPI function not implemented: __itt_relation_add
21702 : 0xd8e9b5dbadb26 : 2 : ittapi_config_apply_per_lib :  ITTAPI function instrumented: __itt_event_create
21702 : 0xd8e9b5dbae54e : 2 : ittapi_config_apply_per_lib :  ITTAPI function instrumented: __itt_event_start
21702 : 0xd8e9b5dbaeec9 : 2 : ittapi_config_apply_per_lib :  ITTAPI function instrumented: __itt_event_end
21702 : 0xd8e9b5dbaf3f1 : 2 : ittapi_config_apply_per_lib :  ITTAPI function NOT instrumented (not matched by --itt-config option): __itt_sync_set_name

21702 : 0xd8e9b5dbaf9be : 2 : ittapi_config_apply_per_lib :  ITTAPI function NOT instrumented (not matched by --itt-config option): __itt_notify_sync_name

21702 : 0xd8e9b5dbafeed : 2 : ittapi_config_apply_per_lib :  ITTAPI function NOT instrumented (not matched by --itt-config option): __itt_notify_sync_prepare

21702 : 0xd8e9b5dbb0428 : 2 : ittapi_config_apply_per_lib :  ITTAPI function NOT instrumented (not matched by --itt-config option): __itt_notify_sync_cancel

21702 : 0xd8e9b5dbb0930 : 2 : ittapi_config_apply_per_lib :  ITTAPI function NOT instrumented (not matched by --itt-config option): __itt_notify_sync_acquired

21702 : 0xd8e9b5dbb0e4e : 2 : ittapi_config_apply_per_lib :  ITTAPI function NOT instrumented (not matched by --itt-config option): __itt_notify_sync_releasing

21702 : 0xd8e9b5dbb1915 : 2 : ittapi_config_apply_per_lib :  ITTAPI function not implemented: __itt_memory_read
21702 : 0xd8e9b5dbb380f : 2 : ittapi_config_apply_per_lib :  ITTAPI function not implemented: __itt_memory_write
21702 : 0xd8e9b5dbb434a : 2 : ittapi_config_apply_per_lib :  ITTAPI function not implemented: __itt_memory_update
21702 : 0xd8e9b5dbb4e03 : 2 : ittapi_config_apply_per_lib :  ITTAPI function not implemented: __itt_state_get
21702 : 0xd8e9b5dbb57f4 : 2 : ittapi_config_apply_per_lib :  ITTAPI function not implemented: __itt_state_set
21702 : 0xd8e9b5dbb61f6 : 2 : ittapi_config_apply_per_lib :  ITTAPI function not implemented: __itt_obj_mode_set
21702 : 0xd8e9b5dbb6bd9 : 2 : ittapi_config_apply_per_lib :  ITTAPI function not implemented: __itt_thr_mode_set
21702 : 0xd8e9b5dbb7517 : 2 : ittapi_config_apply_per_lib :  ITTAPI function instrumented: __itt_frame_create
21702 : 0xd8e9b5dbb7e67 : 2 : ittapi_config_apply_per_lib :  ITTAPI function instrumented: __itt_pt_region_create
21702 : 0xd8e9b5dbb880d : 2 : ittapi_config_apply_per_lib :  ITTAPI function instrumented: __itt_frame_begin
21702 : 0xd8e9b5dbb91b5 : 2 : ittapi_config_apply_per_lib :  ITTAPI function instrumented: __itt_frame_end
21702 : 0xd8e9b5dbbac0b : 2 : ittapi_config_apply_per_lib :  ITTAPI function not implemented: __itt_counter_destroy
21702 : 0xd8e9b5dbbb5cc : 2 : ittapi_config_apply_per_lib :  ITTAPI function instrumented: __itt_counter_inc
21702 : 0xd8e9b5dbbbf5c : 2 : ittapi_config_apply_per_lib :  ITTAPI function instrumented: __itt_counter_inc_delta
21702 : 0xd8e9b5dbbc895 : 2 : ittapi_config_apply_per_lib :  ITTAPI function instrumented: __itt_counter_dec
21702 : 0xd8e9b5dbbd1de : 2 : ittapi_config_apply_per_lib :  ITTAPI function instrumented: __itt_counter_dec_delta
21702 : 0xd8e9b5dbbdad7 : 2 : ittapi_config_apply_per_lib :  ITTAPI function instrumented: __itt_counter_set_value
21702 : 0xd8e9b5dbbe4c0 : 2 : ittapi_config_apply_per_lib :  ITTAPI function not implemented: __itt_counter_set_value_ex
21702 : 0xd8e9b5dbbeedd : 2 : ittapi_config_apply_per_lib :  ITTAPI function not implemented: __itt_mark_create
21702 : 0xd8e9b5dbbf941 : 2 : ittapi_config_apply_per_lib :  ITTAPI function not implemented: __itt_mark
21702 : 0xd8e9b5dbc03f6 : 2 : ittapi_config_apply_per_lib :  ITTAPI function not implemented: __itt_mark_off
21702 : 0xd8e9b5dbc1d14 : 2 : ittapi_config_apply_per_lib :  ITTAPI function not implemented: __itt_mark_global
21702 : 0xd8e9b5dbc277b : 2 : ittapi_config_apply_per_lib :  ITTAPI function not implemented: __itt_mark_global_off
21702 : 0xd8e9b5dbc319f : 2 : ittapi_config_apply_per_lib :  ITTAPI function instrumented: __itt_stack_caller_create
21702 : 0xd8e9b5dbc3b97 : 2 : ittapi_config_apply_per_lib :  ITTAPI function instrumented: __itt_stack_caller_destroy
21702 : 0xd8e9b5dbc4574 : 2 : ittapi_config_apply_per_lib :  ITTAPI function instrumented: __itt_stack_callee_enter
21702 : 0xd8e9b5dbc4edd : 2 : ittapi_config_apply_per_lib :  ITTAPI function instrumented: __itt_stack_callee_leave
21702 : 0xd8e9b5dbc5959 : 2 : ittapi_config_apply_per_lib :  ITTAPI function not implemented: __itt_clock_domain_create
21702 : 0xd8e9b5dbc641b : 2 : ittapi_config_apply_per_lib :  ITTAPI function not implemented: __itt_clock_domain_reset
21702 : 0xd8e9b5dbc6e3f : 2 : ittapi_config_apply_per_lib :  ITTAPI function not implemented: __itt_id_create_ex
21702 : 0xd8e9b5dbc7831 : 2 : ittapi_config_apply_per_lib :  ITTAPI function not implemented: __itt_id_destroy_ex
21702 : 0xd8e9b5dbc9736 : 2 : ittapi_config_apply_per_lib :  ITTAPI function not implemented: __itt_task_begin_ex
21702 : 0xd8e9b5dbca213 : 2 : ittapi_config_apply_per_lib :  ITTAPI function not implemented: __itt_task_begin_fn_ex
21702 : 0xd8e9b5dbcacaf : 2 : ittapi_config_apply_per_lib :  ITTAPI function not implemented: __itt_task_end_ex
21702 : 0xd8e9b5dbcb68f : 2 : ittapi_config_apply_per_lib :  ITTAPI function instrumented: __itt_task_begin_overlapped
21702 : 0xd8e9b5dbcc12f : 2 : ittapi_config_apply_per_lib :  ITTAPI function not implemented: __itt_task_begin_overlapped_ex
21702 : 0xd8e9b5dbccade : 2 : ittapi_config_apply_per_lib :  ITTAPI function instrumented: __itt_task_end_overlapped
21702 : 0xd8e9b5dbcd550 : 2 : ittapi_config_apply_per_lib :  ITTAPI function not implemented: __itt_task_end_overlapped_ex
21702 : 0xd8e9b5dbcdf6a : 2 : ittapi_config_apply_per_lib :  ITTAPI function not implemented: __itt_marker_ex
21702 : 0xd8e9b5dbce9f3 : 2 : ittapi_config_apply_per_lib :  ITTAPI function not implemented: __itt_metadata_add_with_scope
21702 : 0xd8e9b5dbcf50d : 2 : ittapi_config_apply_per_lib :  ITTAPI function not implemented: __itt_metadata_str_add_with_scope
21702 : 0xd8e9b5dbd0f48 : 2 : ittapi_config_apply_per_lib :  ITTAPI function not implemented: __itt_relation_add_to_current_ex
21702 : 0xd8e9b5dbd19fd : 2 : ittapi_config_apply_per_lib :  ITTAPI function not implemented: __itt_relation_add_ex
21702 : 0xd8e9b5dbd253b : 2 : ittapi_config_apply_per_lib :  ITTAPI function not implemented: __itt_track_group_create
21702 : 0xd8e9b5dbd2ece : 2 : ittapi_config_apply_per_lib :  ITTAPI function not implemented: __itt_track_create
21702 : 0xd8e9b5dbd38cf : 2 : ittapi_config_apply_per_lib :  ITTAPI function not implemented: __itt_set_track
21702 : 0xd8e9b5dbd42b5 : 2 : ittapi_config_apply_per_lib :  ITTAPI function instrumented: __itt_api_version
21702 : 0xd8e9b5dbd4ce2 : 2 : ittapi_config_apply_per_lib :  ITTAPI function not implemented: __itt_av_save
21702 : 0xd8e9b5dbd56b8 : 2 : ittapi_config_apply_per_lib :  ITTAPI function instrumented: __itt_module_load
21702 : 0xd8e9b5dbd6169 : 2 : ittapi_config_apply_per_lib :  ITTAPI function not implemented: __itt_module_unload
21702 : 0xd8e9b5dc59318 : 2 : ittapi_config_mask_get :  --itt-config mask to be applied: 55
21702 : 0xd8e9b5dc5c324 : 2 : ittapi_config_apply_per_lib :  ITTAPI function instrumented: __itt_domain_create
21702 : 0xd8e9b5dc5ce89 : 2 : ittapi_config_apply_per_lib :  ITTAPI function instrumented: __itt_string_handle_create
21702 : 0xd8e9b5dc5d970 : 2 : ittapi_config_apply_per_lib :  ITTAPI function instrumented: __itt_pause
21702 : 0xd8e9b5dc5e385 : 2 : ittapi_config_apply_per_lib :  ITTAPI function instrumented: __itt_resume
21702 : 0xd8e9b5dc5ecf3 : 2 : ittapi_config_apply_per_lib :  ITTAPI function instrumented: __itt_thread_set_name
21702 : 0xd8e9b5dc5f72f : 2 : ittapi_config_apply_per_lib :  ITTAPI function instrumented: __itt_thread_ignore
21702 : 0xd8e9b5dc6008c : 2 : ittapi_config_apply_per_lib :  ITTAPI function instrumented: __itt_thr_name_set
21702 : 0xd8e9b5dc609f8 : 2 : ittapi_config_apply_per_lib :  ITTAPI function instrumented: __itt_thr_ignore
21702 : 0xd8e9b5dc61656 : 2 : ittapi_config_apply_per_lib :  ITTAPI function not implemented: __itt_enable_attach
21702 : 0xd8e9b5dc6209b : 2 : ittapi_config_apply_per_lib :  ITTAPI function instrumented: __itt_detach
21702 : 0xd8e9b5dc6362d : 2 : ittapi_config_apply_per_lib :  ITTAPI function NOT instrumented (not matched by --itt-config option): __itt_sync_create

21702 : 0xd8e9b5dc63c3b : 2 : ittapi_config_apply_per_lib :  ITTAPI function NOT instrumented (not matched by --itt-config option): __itt_sync_rename

21702 : 0xd8e9b5dc64200 : 2 : ittapi_config_apply_per_lib :  ITTAPI function NOT instrumented (not matched by --itt-config option): __itt_sync_destroy

21702 : 0xd8e9b5dc647e7 : 2 : ittapi_config_apply_per_lib :  ITTAPI function NOT instrumented (not matched by --itt-config option): __itt_sync_prepare

21702 : 0xd8e9b5dc64d2f : 2 : ittapi_config_apply_per_lib :  ITTAPI function NOT instrumented (not matched by --itt-config option): __itt_sync_cancel

21702 : 0xd8e9b5dc65230 : 2 : ittapi_config_apply_per_lib :  ITTAPI function NOT instrumented (not matched by --itt-config option): __itt_sync_acquired

21702 : 0xd8e9b5dc65752 : 2 : ittapi_config_apply_per_lib :  ITTAPI function NOT instrumented (not matched by --itt-config option): __itt_sync_releasing

21702 : 0xd8e9b5dc662a2 : 2 : ittapi_config_apply_per_lib :  ITTAPI function not implemented: __itt_suppress_push
21702 : 0xd8e9b5dc66df7 : 2 : ittapi_config_apply_per_lib :  ITTAPI function not implemented: __itt_suppress_pop
21702 : 0xd8e9b5dc678db : 2 : ittapi_config_apply_per_lib :  ITTAPI function not implemented: __itt_suppress_mark_range
21702 : 0xd8e9b5dc69a9b : 2 : ittapi_config_apply_per_lib :  ITTAPI function not implemented: __itt_suppress_clear_range
21702 : 0xd8e9b5dc6a082 : 2 : ittapi_config_apply_per_lib :  ITTAPI function NOT instrumented (not matched by --itt-config option): __itt_sync_prepare

21702 : 0xd8e9b5dc6a5fb : 2 : ittapi_config_apply_per_lib :  ITTAPI function NOT instrumented (not matched by --itt-config option): __itt_sync_cancel

21702 : 0xd8e9b5dc6ab37 : 2 : ittapi_config_apply_per_lib :  ITTAPI function NOT instrumented (not matched by --itt-config option): __itt_sync_acquired

21702 : 0xd8e9b5dc6b037 : 2 : ittapi_config_apply_per_lib :  ITTAPI function NOT instrumented (not matched by --itt-config option): __itt_sync_releasing

21702 : 0xd8e9b5dc6b593 : 2 : ittapi_config_apply_per_lib :  ITTAPI function NOT instrumented (not matched by --itt-config option): __itt_model_site_begin

21702 : 0xd8e9b5dc6bae6 : 2 : ittapi_config_apply_per_lib :  ITTAPI function NOT instrumented (not matched by --itt-config option): __itt_model_site_end

21702 : 0xd8e9b5dc6c00d : 2 : ittapi_config_apply_per_lib :  ITTAPI function NOT instrumented (not matched by --itt-config option): __itt_model_task_begin

21702 : 0xd8e9b5dc6c50b : 2 : ittapi_config_apply_per_lib :  ITTAPI function NOT instrumented (not matched by --itt-config option): __itt_model_task_end

21702 : 0xd8e9b5dc6ca49 : 2 : ittapi_config_apply_per_lib :  ITTAPI function NOT instrumented (not matched by --itt-config option): __itt_model_lock_acquire

21702 : 0xd8e9b5dc6dfeb : 2 : ittapi_config_apply_per_lib :  ITTAPI function NOT instrumented (not matched by --itt-config option): __itt_model_lock_release

21702 : 0xd8e9b5dc6e51d : 2 : ittapi_config_apply_per_lib :  ITTAPI function NOT instrumented (not matched by --itt-config option): __itt_model_record_allocation

21702 : 0xd8e9b5dc6ea2b : 2 : ittapi_config_apply_per_lib :  ITTAPI function NOT instrumented (not matched by --itt-config option): __itt_model_record_deallocation

21702 : 0xd8e9b5dc6ef2b : 2 : ittapi_config_apply_per_lib :  ITTAPI function NOT instrumented (not matched by --itt-config option): __itt_model_induction_uses

21702 : 0xd8e9b5dc6f49e : 2 : ittapi_config_apply_per_lib :  ITTAPI function NOT instrumented (not matched by --itt-config option): __itt_model_reduction_uses

21702 : 0xd8e9b5dc6f997 : 2 : ittapi_config_apply_per_lib :  ITTAPI function NOT instrumented (not matched by --itt-config option): __itt_model_observe_uses

21702 : 0xd8e9b5dc6feed : 2 : ittapi_config_apply_per_lib :  ITTAPI function NOT instrumented (not matched by --itt-config option): __itt_model_clear_uses

21702 : 0xd8e9b5dc70470 : 2 : ittapi_config_apply_per_lib :  ITTAPI function NOT instrumented (not matched by --itt-config option): __itt_model_site_beginA

21702 : 0xd8e9b5dc70999 : 2 : ittapi_config_apply_per_lib :  ITTAPI function NOT instrumented (not matched by --itt-config option): __itt_model_site_beginAL

21702 : 0xd8e9b5dc70e83 : 2 : ittapi_config_apply_per_lib :  ITTAPI function NOT instrumented (not matched by --itt-config option): __itt_model_task_beginA

21702 : 0xd8e9b5dc7228b : 2 : ittapi_config_apply_per_lib :  ITTAPI function NOT instrumented (not matched by --itt-config option): __itt_model_task_beginAL

21702 : 0xd8e9b5dc727d2 : 2 : ittapi_config_apply_per_lib :  ITTAPI function NOT instrumented (not matched by --itt-config option): __itt_model_iteration_taskA

21702 : 0xd8e9b5dc72cf3 : 2 : ittapi_config_apply_per_lib :  ITTAPI function NOT instrumented (not matched by --itt-config option): __itt_model_iteration_taskAL

21702 : 0xd8e9b5dc73222 : 2 : ittapi_config_apply_per_lib :  ITTAPI function NOT instrumented (not matched by --itt-config option): __itt_model_site_end_2

21702 : 0xd8e9b5dc73791 : 2 : ittapi_config_apply_per_lib :  ITTAPI function NOT instrumented (not matched by --itt-config option): __itt_model_task_end_2

21702 : 0xd8e9b5dc73c85 : 2 : ittapi_config_apply_per_lib :  ITTAPI function NOT instrumented (not matched by --itt-config option): __itt_model_lock_acquire_2

21702 : 0xd8e9b5dc741bf : 2 : ittapi_config_apply_per_lib :  ITTAPI function NOT instrumented (not matched by --itt-config option): __itt_model_lock_release_2

21702 : 0xd8e9b5dc746ec : 2 : ittapi_config_apply_per_lib :  ITTAPI function NOT instrumented (not matched by --itt-config option): __itt_model_aggregate_task

21702 : 0xd8e9b5dc74bfb : 2 : ittapi_config_apply_per_lib :  ITTAPI function NOT instrumented (not matched by --itt-config option): __itt_model_disable_push

21702 : 0xd8e9b5dc750ef : 2 : ittapi_config_apply_per_lib :  ITTAPI function NOT instrumented (not matched by --itt-config option): __itt_model_disable_pop

21702 : 0xd8e9b5dc76d71 : 2 : ittapi_config_apply_per_lib :  ITTAPI function instrumented: __itt_heap_function_create
21702 : 0xd8e9b5dc777a9 : 2 : ittapi_config_apply_per_lib :  ITTAPI function instrumented: __itt_heap_allocate_begin
21702 : 0xd8e9b5dc7820f : 2 : ittapi_config_apply_per_lib :  ITTAPI function instrumented: __itt_heap_allocate_end
21702 : 0xd8e9b5dc78bbe : 2 : ittapi_config_apply_per_lib :  ITTAPI function instrumented: __itt_heap_free_begin
21702 : 0xd8e9b5dc79512 : 2 : ittapi_config_apply_per_lib :  ITTAPI function instrumented: __itt_heap_free_end
21702 : 0xd8e9b5dc79ecb : 2 : ittapi_config_apply_per_lib :  ITTAPI function instrumented: __itt_heap_reallocate_begin
21702 : 0xd8e9b5dc7a7f7 : 2 : ittapi_config_apply_per_lib :  ITTAPI function instrumented: __itt_heap_reallocate_end
21702 : 0xd8e9b5dc7b2ed : 2 : ittapi_config_apply_per_lib :  ITTAPI function not implemented: __itt_heap_internal_access_begin
21702 : 0xd8e9b5dc7bd34 : 2 : ittapi_config_apply_per_lib :  ITTAPI function not implemented: __itt_heap_internal_access_end
21702 : 0xd8e9b5dc7c851 : 2 : ittapi_config_apply_per_lib :  ITTAPI function not implemented: __itt_heap_record_memory_growth_begin
21702 : 0xd8e9b5dc7e26a : 2 : ittapi_config_apply_per_lib :  ITTAPI function not implemented: __itt_heap_record_memory_growth_end
21702 : 0xd8e9b5dc7ed93 : 2 : ittapi_config_apply_per_lib :  ITTAPI function not implemented: __itt_heap_reset_detection
21702 : 0xd8e9b5dc7f80b : 2 : ittapi_config_apply_per_lib :  ITTAPI function not implemented: __itt_heap_record
21702 : 0xd8e9b5dc80245 : 2 : ittapi_config_apply_per_lib :  ITTAPI function not implemented: __itt_id_create
21702 : 0xd8e9b5dc80cd3 : 2 : ittapi_config_apply_per_lib :  ITTAPI function not implemented: __itt_id_destroy
21702 : 0xd8e9b5dc81630 : 2 : ittapi_config_apply_per_lib :  ITTAPI function instrumented: __itt_get_timestamp
21702 : 0xd8e9b5dc82087 : 2 : ittapi_config_apply_per_lib :  ITTAPI function not implemented: __itt_region_begin
21702 : 0xd8e9b5dc82abf : 2 : ittapi_config_apply_per_lib :  ITTAPI function not implemented: __itt_region_end
21702 : 0xd8e9b5dc8343c : 2 : ittapi_config_apply_per_lib :  ITTAPI function instrumented: __itt_frame_begin_v3
21702 : 0xd8e9b5dc83dea : 2 : ittapi_config_apply_per_lib :  ITTAPI function instrumented: __itt_frame_end_v3
21702 : 0xd8e9b5dc85680 : 2 : ittapi_config_apply_per_lib :  ITTAPI function instrumented: __itt_frame_submit_v3
21702 : 0xd8e9b5dc862e8 : 2 : ittapi_config_apply_per_lib :  ITTAPI function not implemented: __itt_task_group
21702 : 0xd8e9b5dc86ca8 : 2 : ittapi_config_apply_per_lib :  ITTAPI function instrumented: __itt_task_begin
21702 : 0xd8e9b5dc8764e : 2 : ittapi_config_apply_per_lib :  ITTAPI function instrumented: __itt_task_begin_fn
21702 : 0xd8e9b5dc87faf : 2 : ittapi_config_apply_per_lib :  ITTAPI function instrumented: __itt_task_end
21702 : 0xd8e9b5dc88a99 : 2 : ittapi_config_apply_per_lib :  ITTAPI function not implemented: __itt_counter_inc_v3
21702 : 0xd8e9b5dc895f2 : 2 : ittapi_config_apply_per_lib :  ITTAPI function not implemented: __itt_counter_inc_delta_v3
21702 : 0xd8e9b5dc8a0cd : 2 : ittapi_config_apply_per_lib :  ITTAPI function not implemented: __itt_marker
21702 : 0xd8e9b5dc8aa6d : 2 : ittapi_config_apply_per_lib :  ITTAPI function instrumented: __itt_metadata_add
21702 : 0xd8e9b5dc8b4c3 : 2 : ittapi_config_apply_per_lib :  ITTAPI function not implemented: __itt_metadata_str_add
21702 : 0xd8e9b5dc8d4af : 2 : ittapi_config_apply_per_lib :  ITTAPI function not implemented: __itt_relation_add_to_current
21702 : 0xd8e9b5dc8df44 : 2 : ittapi_config_apply_per_lib :  ITTAPI function not implemented: __itt_relation_add
21702 : 0xd8e9b5dc8e8af : 2 : ittapi_config_apply_per_lib :  ITTAPI function instrumented: __itt_event_create
21702 : 0xd8e9b5dc8f23e : 2 : ittapi_config_apply_per_lib :  ITTAPI function instrumented: __itt_event_start
21702 : 0xd8e9b5dc8fbb0 : 2 : ittapi_config_apply_per_lib :  ITTAPI function instrumented: __itt_event_end
21702 : 0xd8e9b5dc900ed : 2 : ittapi_config_apply_per_lib :  ITTAPI function NOT instrumented (not matched by --itt-config option): __itt_sync_set_name

21702 : 0xd8e9b5dc90656 : 2 : ittapi_config_apply_per_lib :  ITTAPI function NOT instrumented (not matched by --itt-config option): __itt_notify_sync_name

21702 : 0xd8e9b5dc90ba5 : 2 : ittapi_config_apply_per_lib :  ITTAPI function NOT instrumented (not matched by --itt-config option): __itt_notify_sync_prepare

21702 : 0xd8e9b5dc91125 : 2 : ittapi_config_apply_per_lib :  ITTAPI function NOT instrumented (not matched by --itt-config option): __itt_notify_sync_cancel

21702 : 0xd8e9b5dc91647 : 2 : ittapi_config_apply_per_lib :  ITTAPI function NOT instrumented (not matched by --itt-config option): __itt_notify_sync_acquired

21702 : 0xd8e9b5dc92a57 : 2 : ittapi_config_apply_per_lib :  ITTAPI function NOT instrumented (not matched by --itt-config option): __itt_notify_sync_releasing

21702 : 0xd8e9b5dc93554 : 2 : ittapi_config_apply_per_lib :  ITTAPI function not implemented: __itt_memory_read
21702 : 0xd8e9b5dc93fa9 : 2 : ittapi_config_apply_per_lib :  ITTAPI function not implemented: __itt_memory_write
21702 : 0xd8e9b5dc949a1 : 2 : ittapi_config_apply_per_lib :  ITTAPI function not implemented: __itt_memory_update
21702 : 0xd8e9b5dc953e4 : 2 : ittapi_config_apply_per_lib :  ITTAPI function not implemented: __itt_state_get
21702 : 0xd8e9b5dc95e20 : 2 : ittapi_config_apply_per_lib :  ITTAPI function not implemented: __itt_state_set
21702 : 0xd8e9b5dc967f9 : 2 : ittapi_config_apply_per_lib :  ITTAPI function not implemented: __itt_obj_mode_set
21702 : 0xd8e9b5dc972b3 : 2 : ittapi_config_apply_per_lib :  ITTAPI function not implemented: __itt_thr_mode_set
21702 : 0xd8e9b5dc97ba6 : 2 : ittapi_config_apply_per_lib :  ITTAPI function instrumented: __itt_frame_create
21702 : 0xd8e9b5dc984d7 : 2 : ittapi_config_apply_per_lib :  ITTAPI function instrumented: __itt_frame_begin
21702 : 0xd8e9b5dc99cfa : 2 : ittapi_config_apply_per_lib :  ITTAPI function instrumented: __itt_frame_end
21702 : 0xd8e9b5dc9a6a8 : 2 : ittapi_config_apply_per_lib :  ITTAPI function instrumented: __itt_counter_create
21702 : 0xd8e9b5dc9b162 : 2 : ittapi_config_apply_per_lib :  ITTAPI function not implemented: __itt_counter_destroy
21702 : 0xd8e9b5dc9bae0 : 2 : ittapi_config_apply_per_lib :  ITTAPI function instrumented: __itt_counter_inc
21702 : 0xd8e9b5dc9c452 : 2 : ittapi_config_apply_per_lib :  ITTAPI function instrumented: __itt_counter_inc_delta
21702 : 0xd8e9b5dc9cead : 2 : ittapi_config_apply_per_lib :  ITTAPI function not implemented: __itt_mark_create
21702 : 0xd8e9b5dc9d982 : 2 : ittapi_config_apply_per_lib :  ITTAPI function not implemented: __itt_mark
21702 : 0xd8e9b5dc9e3fe : 2 : ittapi_config_apply_per_lib :  ITTAPI function not implemented: __itt_mark_off
21702 : 0xd8e9b5dc9ee4c : 2 : ittapi_config_apply_per_lib :  ITTAPI function not implemented: __itt_mark_global
21702 : 0xd8e9b5dc9f871 : 2 : ittapi_config_apply_per_lib :  ITTAPI function not implemented: __itt_mark_global_off
21702 : 0xd8e9b5dca1691 : 2 : ittapi_config_apply_per_lib :  ITTAPI function instrumented: __itt_stack_caller_create
21702 : 0xd8e9b5dca20e0 : 2 : ittapi_config_apply_per_lib :  ITTAPI function instrumented: __itt_stack_caller_destroy
21702 : 0xd8e9b5dca2a7e : 2 : ittapi_config_apply_per_lib :  ITTAPI function instrumented: __itt_stack_callee_enter
21702 : 0xd8e9b5dca33a6 : 2 : ittapi_config_apply_per_lib :  ITTAPI function instrumented: __itt_stack_callee_leave
21702 : 0xd8e9b5dca3e00 : 2 : ittapi_config_apply_per_lib :  ITTAPI function not implemented: __itt_clock_domain_create
21702 : 0xd8e9b5dca48db : 2 : ittapi_config_apply_per_lib :  ITTAPI function not implemented: __itt_clock_domain_reset
21702 : 0xd8e9b5dca5296 : 2 : ittapi_config_apply_per_lib :  ITTAPI function not implemented: __itt_id_create_ex
21702 : 0xd8e9b5dca5cc7 : 2 : ittapi_config_apply_per_lib :  ITTAPI function not implemented: __itt_id_destroy_ex
21702 : 0xd8e9b5dca66fe : 2 : ittapi_config_apply_per_lib :  ITTAPI function not implemented: __itt_task_begin_ex
21702 : 0xd8e9b5dca7192 : 2 : ittapi_config_apply_per_lib :  ITTAPI function not implemented: __itt_task_begin_fn_ex
21702 : 0xd8e9b5dca8aac : 2 : ittapi_config_apply_per_lib :  ITTAPI function not implemented: __itt_task_end_ex
21702 : 0xd8e9b5dca9468 : 2 : ittapi_config_apply_per_lib :  ITTAPI function instrumented: __itt_task_begin_overlapped
21702 : 0xd8e9b5dca9eb3 : 2 : ittapi_config_apply_per_lib :  ITTAPI function not implemented: __itt_task_begin_overlapped_ex
21702 : 0xd8e9b5dcaa84d : 2 : ittapi_config_apply_per_lib :  ITTAPI function instrumented: __itt_task_end_overlapped
21702 : 0xd8e9b5dcab30f : 2 : ittapi_config_apply_per_lib :  ITTAPI function not implemented: __itt_task_end_overlapped_ex
21702 : 0xd8e9b5dcabd05 : 2 : ittapi_config_apply_per_lib :  ITTAPI function not implemented: __itt_marker_ex
21702 : 0xd8e9b5dcac782 : 2 : ittapi_config_apply_per_lib :  ITTAPI function not implemented: __itt_metadata_add_with_scope
21702 : 0xd8e9b5dcad221 : 2 : ittapi_config_apply_per_lib :  ITTAPI function not implemented: __itt_metadata_str_add_with_scope
21702 : 0xd8e9b5dcadcd1 : 2 : ittapi_config_apply_per_lib :  ITTAPI function not implemented: __itt_relation_add_to_current_ex
21702 : 0xd8e9b5dcae70b : 2 : ittapi_config_apply_per_lib :  ITTAPI function not implemented: __itt_relation_add_ex
21702 : 0xd8e9b5dcb00db : 2 : ittapi_config_apply_per_lib :  ITTAPI function not implemented: __itt_track_group_create
21702 : 0xd8e9b5dcb0b00 : 2 : ittapi_config_apply_per_lib :  ITTAPI function not implemented: __itt_track_create
21702 : 0xd8e9b5dcb152e : 2 : ittapi_config_apply_per_lib :  ITTAPI function not implemented: __itt_set_track
21702 : 0xd8e9b5dcb1e7f : 2 : ittapi_config_apply_per_lib :  ITTAPI function instrumented: __itt_api_version
21702 : 0xd8e9b5dcb2883 : 2 : ittapi_config_apply_per_lib :  ITTAPI function not implemented: __itt_av_save